::1 - - [09/Apr/2021:18:33:57 +0000] "GET / HTTP/1.1" 200 6248 "-" "Mozilla/5.0 (Windows NT 10.0; Win64; x64) AppleWebKit/537.36 (KHTML, like Gecko) Chrome/89.0.4389.114 Safari/537.36"
::1 - - [09/Apr/2021:18:33:57 +0000] "GET /path/to/halfmoon.js HTTP/1.1" 404 158 "http://localhost:8000/" "Mozilla/5.0 (Windows NT 10.0; Win64; x64) AppleWebKit/537.36 (KHTML, like Gecko) Chrome/89.0.4389.114 Safari/537.36"
::1 - - [09/Apr/2021:18:33:58 +0000] "GET /path/to/halfmoon.js HTTP/1.1" 404 158 "http://localhost:8000/" "Mozilla/5.0 (Windows NT 10.0; Win64; x64) AppleWebKit/537.36 (KHTML, like Gecko) Chrome/89.0.4389.114 Safari/537.36"
::1 - - [09/Apr/2021:18:34:12 +0000] "POST /user/create-session HTTP/1.1" 302 70 "http://localhost:8000/" "Mozilla/5.0 (Windows NT 10.0; Win64; x64) AppleWebKit/537.36 (KHTML, like Gecko) Chrome/89.0.4389.114 Safari/537.36"
::1 - - [09/Apr/2021:18:34:12 +0000] "GET /user/sign-in HTTP/1.1" 404 151 "http://localhost:8000/" "Mozilla/5.0 (Windows NT 10.0; Win64; x64) AppleWebKit/537.36 (KHTML, like Gecko) Chrome/89.0.4389.114 Safari/537.36"
::1 - - [09/Apr/2021:18:34:21 +0000] "GET /user/sign-in HTTP/1.1" 404 151 "http://localhost:8000/" "Mozilla/5.0 (Windows NT 10.0; Win64; x64) AppleWebKit/537.36 (KHTML, like Gecko) Chrome/89.0.4389.114 Safari/537.36"
::1 - - [09/Apr/2021:18:34:34 +0000] "POST /user/create-session HTTP/1.1" 302 46 "http://localhost:8000/" "Mozilla/5.0 (Windows NT 10.0; Win64; x64) AppleWebKit/537.36 (KHTML, like Gecko) Chrome/89.0.4389.114 Safari/537.36"
::1 - - [09/Apr/2021:18:34:34 +0000] "GET / HTTP/1.1" 200 5803 "http://localhost:8000/" "Mozilla/5.0 (Windows NT 10.0; Win64; x64) AppleWebKit/537.36 (KHTML, like Gecko) Chrome/89.0.4389.114 Safari/537.36"
::1 - - [09/Apr/2021:18:34:35 +0000] "GET /path/to/halfmoon.js HTTP/1.1" 404 158 "http://localhost:8000/" "Mozilla/5.0 (Windows NT 10.0; Win64; x64) AppleWebKit/537.36 (KHTML, like Gecko) Chrome/89.0.4389.114 Safari/537.36"
::1 - - [09/Apr/2021:18:34:35 +0000] "GET /path/to/halfmoon.js HTTP/1.1" 404 158 "http://localhost:8000/" "Mozilla/5.0 (Windows NT 10.0; Win64; x64) AppleWebKit/537.36 (KHTML, like Gecko) Chrome/89.0.4389.114 Safari/537.36"
::1 - - [09/Apr/2021:18:34:45 +0000] "POST /user/create-session HTTP/1.1" 302 46 "http://localhost:8000/" "Mozilla/5.0 (Windows NT 10.0; Win64; x64) AppleWebKit/537.36 (KHTML, like Gecko) Chrome/89.0.4389.114 Safari/537.36"
::1 - - [09/Apr/2021:18:34:45 +0000] "GET / HTTP/1.1" 200 5803 "http://localhost:8000/" "Mozilla/5.0 (Windows NT 10.0; Win64; x64) AppleWebKit/537.36 (KHTML, like Gecko) Chrome/89.0.4389.114 Safari/537.36"
::1 - - [09/Apr/2021:18:34:45 +0000] "GET /path/to/halfmoon.js HTTP/1.1" 404 158 "http://localhost:8000/" "Mozilla/5.0 (Windows NT 10.0; Win64; x64) AppleWebKit/537.36 (KHTML, like Gecko) Chrome/89.0.4389.114 Safari/537.36"
::1 - - [09/Apr/2021:18:34:46 +0000] "GET /path/to/halfmoon.js HTTP/1.1" 404 158 "http://localhost:8000/" "Mozilla/5.0 (Windows NT 10.0; Win64; x64) AppleWebKit/537.36 (KHTML, like Gecko) Chrome/89.0.4389.114 Safari/537.36"
::1 - - [09/Apr/2021:18:35:43 +0000] "GET / HTTP/1.1" 200 6248 "-" "Mozilla/5.0 (Windows NT 10.0; Win64; x64) AppleWebKit/537.36 (KHTML, like Gecko) Chrome/89.0.4389.114 Safari/537.36"
::1 - - [09/Apr/2021:18:35:43 +0000] "GET /path/to/halfmoon.js HTTP/1.1" 404 158 "http://localhost:8000/" "Mozilla/5.0 (Windows NT 10.0; Win64; x64) AppleWebKit/537.36 (KHTML, like Gecko) Chrome/89.0.4389.114 Safari/537.36"
::1 - - [09/Apr/2021:18:35:44 +0000] "GET /path/to/halfmoon.js HTTP/1.1" 404 158 "http://localhost:8000/" "Mozilla/5.0 (Windows NT 10.0; Win64; x64) AppleWebKit/537.36 (KHTML, like Gecko) Chrome/89.0.4389.114 Safari/537.36"
::1 - - [09/Apr/2021:18:35:53 +0000] "POST /user/create-session HTTP/1.1" 302 46 "http://localhost:8000/" "Mozilla/5.0 (Windows NT 10.0; Win64; x64) AppleWebKit/537.36 (KHTML, like Gecko) Chrome/89.0.4389.114 Safari/537.36"
::1 - - [09/Apr/2021:18:35:53 +0000] "GET / HTTP/1.1" 200 5803 "http://localhost:8000/" "Mozilla/5.0 (Windows NT 10.0; Win64; x64) AppleWebKit/537.36 (KHTML, like Gecko) Chrome/89.0.4389.114 Safari/537.36"
::1 - - [09/Apr/2021:18:35:53 +0000] "GET /path/to/halfmoon.js HTTP/1.1" 404 158 "http://localhost:8000/" "Mozilla/5.0 (Windows NT 10.0; Win64; x64) AppleWebKit/537.36 (KHTML, like Gecko) Chrome/89.0.4389.114 Safari/537.36"
::1 - - [09/Apr/2021:18:35:53 +0000] "GET /path/to/halfmoon.js HTTP/1.1" 404 158 "http://localhost:8000/" "Mozilla/5.0 (Windows NT 10.0; Win64; x64) AppleWebKit/537.36 (KHTML, like Gecko) Chrome/89.0.4389.114 Safari/537.36"
::1 - - [09/Apr/2021:18:36:03 +0000] "GET /user/sign-out HTTP/1.1" 302 46 "http://localhost:8000/" "Mozilla/5.0 (Windows NT 10.0; Win64; x64) AppleWebKit/537.36 (KHTML, like Gecko) Chrome/89.0.4389.114 Safari/537.36"
::1 - - [09/Apr/2021:18:36:03 +0000] "GET / HTTP/1.1" 200 6502 "http://localhost:8000/" "Mozilla/5.0 (Windows NT 10.0; Win64; x64) AppleWebKit/537.36 (KHTML, like Gecko) Chrome/89.0.4389.114 Safari/537.36"
::1 - - [09/Apr/2021:18:36:03 +0000] "GET /path/to/halfmoon.js HTTP/1.1" 404 158 "http://localhost:8000/" "Mozilla/5.0 (Windows NT 10.0; Win64; x64) AppleWebKit/537.36 (KHTML, like Gecko) Chrome/89.0.4389.114 Safari/537.36"
::1 - - [09/Apr/2021:18:36:03 +0000] "GET /path/to/halfmoon.js HTTP/1.1" 404 158 "http://localhost:8000/" "Mozilla/5.0 (Windows NT 10.0; Win64; x64) AppleWebKit/537.36 (KHTML, like Gecko) Chrome/89.0.4389.114 Safari/537.36"
::1 - - [09/Apr/2021:18:44:40 +0000] "GET / HTTP/1.1" 200 6248 "http://localhost:8000/" "Mozilla/5.0 (Windows NT 10.0; Win64; x64) AppleWebKit/537.36 (KHTML, like Gecko) Chrome/89.0.4389.114 Safari/537.36"
::1 - - [09/Apr/2021:18:44:40 +0000] "GET /css/layout-ccdbc38cb8.css HTTP/1.1" 404 164 "http://localhost:8000/" "Mozilla/5.0 (Windows NT 10.0; Win64; x64) AppleWebKit/537.36 (KHTML, like Gecko) Chrome/89.0.4389.114 Safari/537.36"
::1 - - [09/Apr/2021:18:44:40 +0000] "GET /path/to/halfmoon.js HTTP/1.1" 404 158 "http://localhost:8000/" "Mozilla/5.0 (Windows NT 10.0; Win64; x64) AppleWebKit/537.36 (KHTML, like Gecko) Chrome/89.0.4389.114 Safari/537.36"
::1 - - [09/Apr/2021:18:44:40 +0000] "GET /path/to/halfmoon.js HTTP/1.1" 404 158 "http://localhost:8000/" "Mozilla/5.0 (Windows NT 10.0; Win64; x64) AppleWebKit/537.36 (KHTML, like Gecko) Chrome/89.0.4389.114 Safari/537.36"
::1 - - [09/Apr/2021:18:44:52 +0000] "POST /user/create-session HTTP/1.1" 302 46 "http://localhost:8000/" "Mozilla/5.0 (Windows NT 10.0; Win64; x64) AppleWebKit/537.36 (KHTML, like Gecko) Chrome/89.0.4389.114 Safari/537.36"
::1 - - [09/Apr/2021:18:44:52 +0000] "GET / HTTP/1.1" 200 5822 "http://localhost:8000/" "Mozilla/5.0 (Windows NT 10.0; Win64; x64) AppleWebKit/537.36 (KHTML, like Gecko) Chrome/89.0.4389.114 Safari/537.36"
::1 - - [09/Apr/2021:18:44:52 +0000] "GET /css/layout-ccdbc38cb8.css HTTP/1.1" 404 164 "http://localhost:8000/" "Mozilla/5.0 (Windows NT 10.0; Win64; x64) AppleWebKit/537.36 (KHTML, like Gecko) Chrome/89.0.4389.114 Safari/537.36"
::1 - - [09/Apr/2021:18:44:52 +0000] "GET /path/to/halfmoon.js HTTP/1.1" 404 158 "http://localhost:8000/" "Mozilla/5.0 (Windows NT 10.0; Win64; x64) AppleWebKit/537.36 (KHTML, like Gecko) Chrome/89.0.4389.114 Safari/537.36"
::1 - - [09/Apr/2021:18:44:52 +0000] "GET /css/layout-ccdbc38cb8.css HTTP/1.1" 404 164 "http://localhost:8000/" "Mozilla/5.0 (Windows NT 10.0; Win64; x64) AppleWebKit/537.36 (KHTML, like Gecko) Chrome/89.0.4389.114 Safari/537.36"
::1 - - [09/Apr/2021:18:44:52 +0000] "GET /path/to/halfmoon.js HTTP/1.1" 404 158 "http://localhost:8000/" "Mozilla/5.0 (Windows NT 10.0; Win64; x64) AppleWebKit/537.36 (KHTML, like Gecko) Chrome/89.0.4389.114 Safari/537.36"
::1 - - [09/Apr/2021:18:44:59 +0000] "POST /post/create HTTP/1.1" 200 478 "http://localhost:8000/" "Mozilla/5.0 (Windows NT 10.0; Win64; x64) AppleWebKit/537.36 (KHTML, like Gecko) Chrome/89.0.4389.114 Safari/537.36"
::1 - - [09/Apr/2021:18:45:08 +0000] "GET /user/profile/60522e3b1b700825d035f6bd HTTP/1.1" 200 7133 "http://localhost:8000/" "Mozilla/5.0 (Windows NT 10.0; Win64; x64) AppleWebKit/537.36 (KHTML, like Gecko) Chrome/89.0.4389.114 Safari/537.36"
::1 - - [09/Apr/2021:18:45:08 +0000] "GET /css/layout-ccdbc38cb8.css HTTP/1.1" 404 164 "http://localhost:8000/user/profile/60522e3b1b700825d035f6bd" "Mozilla/5.0 (Windows NT 10.0; Win64; x64) AppleWebKit/537.36 (KHTML, like Gecko) Chrome/89.0.4389.114 Safari/537.36"
::1 - - [09/Apr/2021:18:45:08 +0000] "GET /user/profile/path/to/halfmoon.js HTTP/1.1" 404 171 "http://localhost:8000/user/profile/60522e3b1b700825d035f6bd" "Mozilla/5.0 (Windows NT 10.0; Win64; x64) AppleWebKit/537.36 (KHTML, like Gecko) Chrome/89.0.4389.114 Safari/537.36"
::1 - - [09/Apr/2021:18:45:08 +0000] "GET /css/layout-ccdbc38cb8.css HTTP/1.1" 404 164 "http://localhost:8000/user/profile/60522e3b1b700825d035f6bd" "Mozilla/5.0 (Windows NT 10.0; Win64; x64) AppleWebKit/537.36 (KHTML, like Gecko) Chrome/89.0.4389.114 Safari/537.36"
::1 - - [09/Apr/2021:18:45:08 +0000] "GET /user/profile/path/to/halfmoon.js HTTP/1.1" 404 171 "http://localhost:8000/user/profile/60522e3b1b700825d035f6bd" "Mozilla/5.0 (Windows NT 10.0; Win64; x64) AppleWebKit/537.36 (KHTML, like Gecko) Chrome/89.0.4389.114 Safari/537.36"
::1 - - [09/Apr/2021:19:04:32 +0000] "GET /user/profile/60522e3b1b700825d035f6bd HTTP/1.1" 200 7159 "http://localhost:8000/" "Mozilla/5.0 (Windows NT 10.0; Win64; x64) AppleWebKit/537.36 (KHTML, like Gecko) Chrome/89.0.4389.114 Safari/537.36"
::1 - - [09/Apr/2021:19:04:32 +0000] "GET /css/layout-ccdbc38cb8.css HTTP/1.1" 404 164 "http://localhost:8000/user/profile/60522e3b1b700825d035f6bd" "Mozilla/5.0 (Windows NT 10.0; Win64; x64) AppleWebKit/537.36 (KHTML, like Gecko) Chrome/89.0.4389.114 Safari/537.36"
::1 - - [09/Apr/2021:19:04:32 +0000] "GET /user/profile/path/to/halfmoon.js HTTP/1.1" 404 171 "http://localhost:8000/user/profile/60522e3b1b700825d035f6bd" "Mozilla/5.0 (Windows NT 10.0; Win64; x64) AppleWebKit/537.36 (KHTML, like Gecko) Chrome/89.0.4389.114 Safari/537.36"
::1 - - [09/Apr/2021:19:04:32 +0000] "GET /css/layout-ccdbc38cb8.css HTTP/1.1" 404 164 "http://localhost:8000/user/profile/60522e3b1b700825d035f6bd" "Mozilla/5.0 (Windows NT 10.0; Win64; x64) AppleWebKit/537.36 (KHTML, like Gecko) Chrome/89.0.4389.114 Safari/537.36"
::1 - - [09/Apr/2021:19:04:33 +0000] "GET /user/profile/path/to/halfmoon.js HTTP/1.1" 404 171 "http://localhost:8000/user/profile/60522e3b1b700825d035f6bd" "Mozilla/5.0 (Windows NT 10.0; Win64; x64) AppleWebKit/537.36 (KHTML, like Gecko) Chrome/89.0.4389.114 Safari/537.36"
::1 - - [09/Apr/2021:19:05:06 +0000] "GET /user/profile/60522e3b1b700825d035f6bd HTTP/1.1" 200 7161 "http://localhost:8000/" "Mozilla/5.0 (Windows NT 10.0; Win64; x64) AppleWebKit/537.36 (KHTML, like Gecko) Chrome/89.0.4389.114 Safari/537.36"
::1 - - [09/Apr/2021:19:05:06 +0000] "GET /css/layout-ccdbc38cb8.css HTTP/1.1" 404 164 "http://localhost:8000/user/profile/60522e3b1b700825d035f6bd" "Mozilla/5.0 (Windows NT 10.0; Win64; x64) AppleWebKit/537.36 (KHTML, like Gecko) Chrome/89.0.4389.114 Safari/537.36"
::1 - - [09/Apr/2021:19:05:07 +0000] "GET /user/profile/path/to/halfmoon.js HTTP/1.1" 404 171 "http://localhost:8000/user/profile/60522e3b1b700825d035f6bd" "Mozilla/5.0 (Windows NT 10.0; Win64; x64) AppleWebKit/537.36 (KHTML, like Gecko) Chrome/89.0.4389.114 Safari/537.36"
::1 - - [09/Apr/2021:19:05:07 +0000] "GET /css/layout-ccdbc38cb8.css HTTP/1.1" 404 164 "http://localhost:8000/user/profile/60522e3b1b700825d035f6bd" "Mozilla/5.0 (Windows NT 10.0; Win64; x64) AppleWebKit/537.36 (KHTML, like Gecko) Chrome/89.0.4389.114 Safari/537.36"
::1 - - [09/Apr/2021:19:05:07 +0000] "GET /user/profile/path/to/halfmoon.js HTTP/1.1" 404 171 "http://localhost:8000/user/profile/60522e3b1b700825d035f6bd" "Mozilla/5.0 (Windows NT 10.0; Win64; x64) AppleWebKit/537.36 (KHTML, like Gecko) Chrome/89.0.4389.114 Safari/537.36"
::1 - - [09/Apr/2021:19:05:18 +0000] "GET /user/profile/60522e3b1b700825d035f6bd HTTP/1.1" 200 7161 "http://localhost:8000/" "Mozilla/5.0 (Windows NT 10.0; Win64; x64) AppleWebKit/537.36 (KHTML, like Gecko) Chrome/89.0.4389.114 Safari/537.36"
::1 - - [09/Apr/2021:19:05:18 +0000] "GET /css/layout-ccdbc38cb8.css HTTP/1.1" 404 164 "http://localhost:8000/user/profile/60522e3b1b700825d035f6bd" "Mozilla/5.0 (Windows NT 10.0; Win64; x64) AppleWebKit/537.36 (KHTML, like Gecko) Chrome/89.0.4389.114 Safari/537.36"
::1 - - [09/Apr/2021:19:05:18 +0000] "GET /user/profile/path/to/halfmoon.js HTTP/1.1" 404 171 "http://localhost:8000/user/profile/60522e3b1b700825d035f6bd" "Mozilla/5.0 (Windows NT 10.0; Win64; x64) AppleWebKit/537.36 (KHTML, like Gecko) Chrome/89.0.4389.114 Safari/537.36"
::1 - - [09/Apr/2021:19:05:18 +0000] "GET /css/layout-ccdbc38cb8.css HTTP/1.1" 404 164 "http://localhost:8000/user/profile/60522e3b1b700825d035f6bd" "Mozilla/5.0 (Windows NT 10.0; Win64; x64) AppleWebKit/537.36 (KHTML, like Gecko) Chrome/89.0.4389.114 Safari/537.36"
::1 - - [09/Apr/2021:19:05:18 +0000] "GET /user/profile/path/to/halfmoon.js HTTP/1.1" 404 171 "http://localhost:8000/user/profile/60522e3b1b700825d035f6bd" "Mozilla/5.0 (Windows NT 10.0; Win64; x64) AppleWebKit/537.36 (KHTML, like Gecko) Chrome/89.0.4389.114 Safari/537.36"
::1 - - [09/Apr/2021:19:05:38 +0000] "GET /user/profile/60522e3b1b700825d035f6bd HTTP/1.1" 200 7161 "http://localhost:8000/" "Mozilla/5.0 (Windows NT 10.0; Win64; x64) AppleWebKit/537.36 (KHTML, like Gecko) Chrome/89.0.4389.114 Safari/537.36"
::1 - - [09/Apr/2021:19:05:38 +0000] "GET /css/layout-ccdbc38cb8.css HTTP/1.1" 404 164 "http://localhost:8000/user/profile/60522e3b1b700825d035f6bd" "Mozilla/5.0 (Windows NT 10.0; Win64; x64) AppleWebKit/537.36 (KHTML, like Gecko) Chrome/89.0.4389.114 Safari/537.36"
::1 - - [09/Apr/2021:19:05:38 +0000] "GET /user/profile/path/to/halfmoon.js HTTP/1.1" 404 171 "http://localhost:8000/user/profile/60522e3b1b700825d035f6bd" "Mozilla/5.0 (Windows NT 10.0; Win64; x64) AppleWebKit/537.36 (KHTML, like Gecko) Chrome/89.0.4389.114 Safari/537.36"
::1 - - [09/Apr/2021:19:05:39 +0000] "GET /css/layout-ccdbc38cb8.css HTTP/1.1" 404 164 "http://localhost:8000/user/profile/60522e3b1b700825d035f6bd" "Mozilla/5.0 (Windows NT 10.0; Win64; x64) AppleWebKit/537.36 (KHTML, like Gecko) Chrome/89.0.4389.114 Safari/537.36"
::1 - - [09/Apr/2021:19:05:39 +0000] "GET /user/profile/path/to/halfmoon.js HTTP/1.1" 404 171 "http://localhost:8000/user/profile/60522e3b1b700825d035f6bd" "Mozilla/5.0 (Windows NT 10.0; Win64; x64) AppleWebKit/537.36 (KHTML, like Gecko) Chrome/89.0.4389.114 Safari/537.36"
::1 - - [09/Apr/2021:19:05:54 +0000] "GET /user/profile/60522e3b1b700825d035f6bd HTTP/1.1" 200 7173 "http://localhost:8000/" "Mozilla/5.0 (Windows NT 10.0; Win64; x64) AppleWebKit/537.36 (KHTML, like Gecko) Chrome/89.0.4389.114 Safari/537.36"
::1 - - [09/Apr/2021:19:05:54 +0000] "GET /css/layout-ccdbc38cb8.css HTTP/1.1" 404 164 "http://localhost:8000/user/profile/60522e3b1b700825d035f6bd" "Mozilla/5.0 (Windows NT 10.0; Win64; x64) AppleWebKit/537.36 (KHTML, like Gecko) Chrome/89.0.4389.114 Safari/537.36"
::1 - - [09/Apr/2021:19:05:54 +0000] "GET /user/profile/path/to/halfmoon.js HTTP/1.1" 404 171 "http://localhost:8000/user/profile/60522e3b1b700825d035f6bd" "Mozilla/5.0 (Windows NT 10.0; Win64; x64) AppleWebKit/537.36 (KHTML, like Gecko) Chrome/89.0.4389.114 Safari/537.36"
::1 - - [09/Apr/2021:19:05:54 +0000] "GET /css/layout-ccdbc38cb8.css HTTP/1.1" 404 164 "http://localhost:8000/user/profile/60522e3b1b700825d035f6bd" "Mozilla/5.0 (Windows NT 10.0; Win64; x64) AppleWebKit/537.36 (KHTML, like Gecko) Chrome/89.0.4389.114 Safari/537.36"
::1 - - [09/Apr/2021:19:05:54 +0000] "GET /user/profile/path/to/halfmoon.js HTTP/1.1" 404 171 "http://localhost:8000/user/profile/60522e3b1b700825d035f6bd" "Mozilla/5.0 (Windows NT 10.0; Win64; x64) AppleWebKit/537.36 (KHTML, like Gecko) Chrome/89.0.4389.114 Safari/537.36"
::1 - - [09/Apr/2021:19:06:06 +0000] "GET /user/profile/60522e3b1b700825d035f6bd HTTP/1.1" 200 7177 "http://localhost:8000/" "Mozilla/5.0 (Windows NT 10.0; Win64; x64) AppleWebKit/537.36 (KHTML, like Gecko) Chrome/89.0.4389.114 Safari/537.36"
::1 - - [09/Apr/2021:19:06:06 +0000] "GET /css/layout-ccdbc38cb8.css HTTP/1.1" 404 164 "http://localhost:8000/user/profile/60522e3b1b700825d035f6bd" "Mozilla/5.0 (Windows NT 10.0; Win64; x64) AppleWebKit/537.36 (KHTML, like Gecko) Chrome/89.0.4389.114 Safari/537.36"
::1 - - [09/Apr/2021:19:06:06 +0000] "GET /user/profile/path/to/halfmoon.js HTTP/1.1" 404 171 "http://localhost:8000/user/profile/60522e3b1b700825d035f6bd" "Mozilla/5.0 (Windows NT 10.0; Win64; x64) AppleWebKit/537.36 (KHTML, like Gecko) Chrome/89.0.4389.114 Safari/537.36"
::1 - - [09/Apr/2021:19:06:06 +0000] "GET /css/layout-ccdbc38cb8.css HTTP/1.1" 404 164 "http://localhost:8000/user/profile/60522e3b1b700825d035f6bd" "Mozilla/5.0 (Windows NT 10.0; Win64; x64) AppleWebKit/537.36 (KHTML, like Gecko) Chrome/89.0.4389.114 Safari/537.36"
::1 - - [09/Apr/2021:19:06:06 +0000] "GET /user/profile/path/to/halfmoon.js HTTP/1.1" 404 171 "http://localhost:8000/user/profile/60522e3b1b700825d035f6bd" "Mozilla/5.0 (Windows NT 10.0; Win64; x64) AppleWebKit/537.36 (KHTML, like Gecko) Chrome/89.0.4389.114 Safari/537.36"
::1 - - [09/Apr/2021:19:06:18 +0000] "GET /user/profile/60522e3b1b700825d035f6bd HTTP/1.1" 200 7185 "http://localhost:8000/" "Mozilla/5.0 (Windows NT 10.0; Win64; x64) AppleWebKit/537.36 (KHTML, like Gecko) Chrome/89.0.4389.114 Safari/537.36"
::1 - - [09/Apr/2021:19:06:18 +0000] "GET /css/layout-ccdbc38cb8.css HTTP/1.1" 404 164 "http://localhost:8000/user/profile/60522e3b1b700825d035f6bd" "Mozilla/5.0 (Windows NT 10.0; Win64; x64) AppleWebKit/537.36 (KHTML, like Gecko) Chrome/89.0.4389.114 Safari/537.36"
::1 - - [09/Apr/2021:19:06:18 +0000] "GET /user/profile/path/to/halfmoon.js HTTP/1.1" 404 171 "http://localhost:8000/user/profile/60522e3b1b700825d035f6bd" "Mozilla/5.0 (Windows NT 10.0; Win64; x64) AppleWebKit/537.36 (KHTML, like Gecko) Chrome/89.0.4389.114 Safari/537.36"
::1 - - [09/Apr/2021:19:06:18 +0000] "GET /css/layout-ccdbc38cb8.css HTTP/1.1" 404 164 "http://localhost:8000/user/profile/60522e3b1b700825d035f6bd" "Mozilla/5.0 (Windows NT 10.0; Win64; x64) AppleWebKit/537.36 (KHTML, like Gecko) Chrome/89.0.4389.114 Safari/537.36"
::1 - - [09/Apr/2021:19:06:18 +0000] "GET /user/profile/path/to/halfmoon.js HTTP/1.1" 404 171 "http://localhost:8000/user/profile/60522e3b1b700825d035f6bd" "Mozilla/5.0 (Windows NT 10.0; Win64; x64) AppleWebKit/537.36 (KHTML, like Gecko) Chrome/89.0.4389.114 Safari/537.36"
::1 - - [10/Apr/2021:12:22:09 +0000] "GET / HTTP/1.1" 200 6248 "-" "Mozilla/5.0 (Windows NT 10.0; Win64; x64) AppleWebKit/537.36 (KHTML, like Gecko) Chrome/89.0.4389.114 Safari/537.36"
::1 - - [10/Apr/2021:12:22:09 +0000] "GET /css/layout-ccdbc38cb8.css HTTP/1.1" 404 164 "http://localhost:8000/" "Mozilla/5.0 (Windows NT 10.0; Win64; x64) AppleWebKit/537.36 (KHTML, like Gecko) Chrome/89.0.4389.114 Safari/537.36"
::1 - - [10/Apr/2021:12:22:09 +0000] "GET /path/to/halfmoon.js HTTP/1.1" 404 158 "http://localhost:8000/" "Mozilla/5.0 (Windows NT 10.0; Win64; x64) AppleWebKit/537.36 (KHTML, like Gecko) Chrome/89.0.4389.114 Safari/537.36"
::1 - - [10/Apr/2021:12:22:10 +0000] "GET /css/layout-ccdbc38cb8.css HTTP/1.1" 404 164 "http://localhost:8000/" "Mozilla/5.0 (Windows NT 10.0; Win64; x64) AppleWebKit/537.36 (KHTML, like Gecko) Chrome/89.0.4389.114 Safari/537.36"
::1 - - [10/Apr/2021:12:22:10 +0000] "GET /path/to/halfmoon.js HTTP/1.1" 404 158 "http://localhost:8000/" "Mozilla/5.0 (Windows NT 10.0; Win64; x64) AppleWebKit/537.36 (KHTML, like Gecko) Chrome/89.0.4389.114 Safari/537.36"
::1 - - [10/Apr/2021:12:22:19 +0000] "POST /user/create-session HTTP/1.1" 302 46 "http://localhost:8000/" "Mozilla/5.0 (Windows NT 10.0; Win64; x64) AppleWebKit/537.36 (KHTML, like Gecko) Chrome/89.0.4389.114 Safari/537.36"
::1 - - [10/Apr/2021:12:22:19 +0000] "GET / HTTP/1.1" 200 8797 "http://localhost:8000/" "Mozilla/5.0 (Windows NT 10.0; Win64; x64) AppleWebKit/537.36 (KHTML, like Gecko) Chrome/89.0.4389.114 Safari/537.36"
::1 - - [10/Apr/2021:12:22:19 +0000] "GET /css/layout-ccdbc38cb8.css HTTP/1.1" 404 164 "http://localhost:8000/" "Mozilla/5.0 (Windows NT 10.0; Win64; x64) AppleWebKit/537.36 (KHTML, like Gecko) Chrome/89.0.4389.114 Safari/537.36"
::1 - - [10/Apr/2021:12:22:19 +0000] "GET /css/layout-ccdbc38cb8.css HTTP/1.1" 404 164 "http://localhost:8000/" "Mozilla/5.0 (Windows NT 10.0; Win64; x64) AppleWebKit/537.36 (KHTML, like Gecko) Chrome/89.0.4389.114 Safari/537.36"
::1 - - [10/Apr/2021:12:22:19 +0000] "GET /path/to/halfmoon.js HTTP/1.1" 404 158 "http://localhost:8000/" "Mozilla/5.0 (Windows NT 10.0; Win64; x64) AppleWebKit/537.36 (KHTML, like Gecko) Chrome/89.0.4389.114 Safari/537.36"
::1 - - [10/Apr/2021:12:23:00 +0000] "GET / HTTP/1.1" 200 8405 "http://localhost:8000/" "Mozilla/5.0 (Windows NT 10.0; Win64; x64) AppleWebKit/537.36 (KHTML, like Gecko) Chrome/89.0.4389.114 Safari/537.36"
::1 - - [10/Apr/2021:12:23:00 +0000] "GET /css/layout-ccdbc38cb8.css HTTP/1.1" 404 164 "http://localhost:8000/" "Mozilla/5.0 (Windows NT 10.0; Win64; x64) AppleWebKit/537.36 (KHTML, like Gecko) Chrome/89.0.4389.114 Safari/537.36"
::1 - - [10/Apr/2021:12:23:00 +0000] "GET /css/layout-ccdbc38cb8.css HTTP/1.1" 404 164 "http://localhost:8000/" "Mozilla/5.0 (Windows NT 10.0; Win64; x64) AppleWebKit/537.36 (KHTML, like Gecko) Chrome/89.0.4389.114 Safari/537.36"
::1 - - [10/Apr/2021:12:23:00 +0000] "GET /path/to/halfmoon.js HTTP/1.1" 404 158 "http://localhost:8000/" "Mozilla/5.0 (Windows NT 10.0; Win64; x64) AppleWebKit/537.36 (KHTML, like Gecko) Chrome/89.0.4389.114 Safari/537.36"
::1 - - [10/Apr/2021:12:23:09 +0000] "POST /like/toggle/?id=6070a0ab07ab7985f8acec9a&type=Post HTTP/1.1" 302 88 "http://localhost:8000/" "Mozilla/5.0 (Windows NT 10.0; Win64; x64) AppleWebKit/537.36 (KHTML, like Gecko) Chrome/89.0.4389.114 Safari/537.36"
::1 - - [10/Apr/2021:12:23:09 +0000] "GET / HTTP/1.1" 200 8405 "http://localhost:8000/" "Mozilla/5.0 (Windows NT 10.0; Win64; x64) AppleWebKit/537.36 (KHTML, like Gecko) Chrome/89.0.4389.114 Safari/537.36"
::1 - - [10/Apr/2021:12:23:09 +0000] "GET /css/layout-ccdbc38cb8.css HTTP/1.1" 404 164 "http://localhost:8000/" "Mozilla/5.0 (Windows NT 10.0; Win64; x64) AppleWebKit/537.36 (KHTML, like Gecko) Chrome/89.0.4389.114 Safari/537.36"
::1 - - [10/Apr/2021:12:23:10 +0000] "GET /css/layout-ccdbc38cb8.css HTTP/1.1" 404 164 "http://localhost:8000/" "Mozilla/5.0 (Windows NT 10.0; Win64; x64) AppleWebKit/537.36 (KHTML, like Gecko) Chrome/89.0.4389.114 Safari/537.36"
::1 - - [10/Apr/2021:12:23:10 +0000] "GET /path/to/halfmoon.js HTTP/1.1" 404 158 "http://localhost:8000/" "Mozilla/5.0 (Windows NT 10.0; Win64; x64) AppleWebKit/537.36 (KHTML, like Gecko) Chrome/89.0.4389.114 Safari/537.36"
::1 - - [10/Apr/2021:12:23:40 +0000] "GET / HTTP/1.1" 200 8411 "http://localhost:8000/" "Mozilla/5.0 (Windows NT 10.0; Win64; x64) AppleWebKit/537.36 (KHTML, like Gecko) Chrome/89.0.4389.114 Safari/537.36"
::1 - - [10/Apr/2021:12:23:40 +0000] "GET /css/layout-ccdbc38cb8.css HTTP/1.1" 404 164 "http://localhost:8000/" "Mozilla/5.0 (Windows NT 10.0; Win64; x64) AppleWebKit/537.36 (KHTML, like Gecko) Chrome/89.0.4389.114 Safari/537.36"
::1 - - [10/Apr/2021:12:23:40 +0000] "GET /css/layout-ccdbc38cb8.css HTTP/1.1" 404 164 "http://localhost:8000/" "Mozilla/5.0 (Windows NT 10.0; Win64; x64) AppleWebKit/537.36 (KHTML, like Gecko) Chrome/89.0.4389.114 Safari/537.36"
::1 - - [10/Apr/2021:12:23:40 +0000] "GET /path/to/halfmoon.js HTTP/1.1" 404 158 "http://localhost:8000/" "Mozilla/5.0 (Windows NT 10.0; Win64; x64) AppleWebKit/537.36 (KHTML, like Gecko) Chrome/89.0.4389.114 Safari/537.36"
::1 - - [10/Apr/2021:12:23:40 +0000] "GET /path/to/halfmoon.js HTTP/1.1" 404 158 "http://localhost:8000/" "Mozilla/5.0 (Windows NT 10.0; Win64; x64) AppleWebKit/537.36 (KHTML, like Gecko) Chrome/89.0.4389.114 Safari/537.36"
::1 - - [10/Apr/2021:12:24:21 +0000] "GET / HTTP/1.1" 200 8546 "http://localhost:8000/" "Mozilla/5.0 (Windows NT 10.0; Win64; x64) AppleWebKit/537.36 (KHTML, like Gecko) Chrome/89.0.4389.114 Safari/537.36"
::1 - - [10/Apr/2021:12:24:22 +0000] "GET /css/layout-ccdbc38cb8.css HTTP/1.1" 404 164 "http://localhost:8000/" "Mozilla/5.0 (Windows NT 10.0; Win64; x64) AppleWebKit/537.36 (KHTML, like Gecko) Chrome/89.0.4389.114 Safari/537.36"
::1 - - [10/Apr/2021:12:24:22 +0000] "GET /css/layout-ccdbc38cb8.css HTTP/1.1" 404 164 "http://localhost:8000/" "Mozilla/5.0 (Windows NT 10.0; Win64; x64) AppleWebKit/537.36 (KHTML, like Gecko) Chrome/89.0.4389.114 Safari/537.36"
::1 - - [10/Apr/2021:12:24:22 +0000] "GET /path/to/halfmoon.js HTTP/1.1" 404 158 "http://localhost:8000/" "Mozilla/5.0 (Windows NT 10.0; Win64; x64) AppleWebKit/537.36 (KHTML, like Gecko) Chrome/89.0.4389.114 Safari/537.36"
::1 - - [10/Apr/2021:12:24:30 +0000] "POST /post/create HTTP/1.1" 200 478 "http://localhost:8000/" "Mozilla/5.0 (Windows NT 10.0; Win64; x64) AppleWebKit/537.36 (KHTML, like Gecko) Chrome/89.0.4389.114 Safari/537.36"
::1 - - [10/Apr/2021:12:24:32 +0000] "GET / HTTP/1.1" 200 11523 "http://localhost:8000/" "Mozilla/5.0 (Windows NT 10.0; Win64; x64) AppleWebKit/537.36 (KHTML, like Gecko) Chrome/89.0.4389.114 Safari/537.36"
::1 - - [10/Apr/2021:12:24:32 +0000] "GET /css/layout-ccdbc38cb8.css HTTP/1.1" 404 164 "http://localhost:8000/" "Mozilla/5.0 (Windows NT 10.0; Win64; x64) AppleWebKit/537.36 (KHTML, like Gecko) Chrome/89.0.4389.114 Safari/537.36"
::1 - - [10/Apr/2021:12:24:32 +0000] "GET /css/layout-ccdbc38cb8.css HTTP/1.1" 404 164 "http://localhost:8000/" "Mozilla/5.0 (Windows NT 10.0; Win64; x64) AppleWebKit/537.36 (KHTML, like Gecko) Chrome/89.0.4389.114 Safari/537.36"
::1 - - [10/Apr/2021:12:24:32 +0000] "GET /path/to/halfmoon.js HTTP/1.1" 404 158 "http://localhost:8000/" "Mozilla/5.0 (Windows NT 10.0; Win64; x64) AppleWebKit/537.36 (KHTML, like Gecko) Chrome/89.0.4389.114 Safari/537.36"
::1 - - [10/Apr/2021:12:26:15 +0000] "GET / HTTP/1.1" 200 11333 "http://localhost:8000/" "Mozilla/5.0 (Windows NT 10.0; Win64; x64) AppleWebKit/537.36 (KHTML, like Gecko) Chrome/89.0.4389.114 Safari/537.36"
::1 - - [10/Apr/2021:12:26:15 +0000] "GET /css/layout-ccdbc38cb8.css HTTP/1.1" 404 164 "http://localhost:8000/" "Mozilla/5.0 (Windows NT 10.0; Win64; x64) AppleWebKit/537.36 (KHTML, like Gecko) Chrome/89.0.4389.114 Safari/537.36"
::1 - - [10/Apr/2021:12:26:15 +0000] "GET /css/layout-ccdbc38cb8.css HTTP/1.1" 404 164 "http://localhost:8000/" "Mozilla/5.0 (Windows NT 10.0; Win64; x64) AppleWebKit/537.36 (KHTML, like Gecko) Chrome/89.0.4389.114 Safari/537.36"
::1 - - [10/Apr/2021:12:26:15 +0000] "GET /path/to/halfmoon.js HTTP/1.1" 404 158 "http://localhost:8000/" "Mozilla/5.0 (Windows NT 10.0; Win64; x64) AppleWebKit/537.36 (KHTML, like Gecko) Chrome/89.0.4389.114 Safari/537.36"
::1 - - [10/Apr/2021:13:52:17 +0000] "GET / HTTP/1.1" 200 6248 "http://localhost:8000/" "Mozilla/5.0 (Windows NT 10.0; Win64; x64) AppleWebKit/537.36 (KHTML, like Gecko) Chrome/89.0.4389.114 Safari/537.36"
::1 - - [10/Apr/2021:13:52:17 +0000] "GET /css/layout-ccdbc38cb8.css HTTP/1.1" 404 164 "http://localhost:8000/" "Mozilla/5.0 (Windows NT 10.0; Win64; x64) AppleWebKit/537.36 (KHTML, like Gecko) Chrome/89.0.4389.114 Safari/537.36"
::1 - - [10/Apr/2021:13:52:17 +0000] "GET /path/to/halfmoon.js HTTP/1.1" 404 158 "http://localhost:8000/" "Mozilla/5.0 (Windows NT 10.0; Win64; x64) AppleWebKit/537.36 (KHTML, like Gecko) Chrome/89.0.4389.114 Safari/537.36"
::1 - - [10/Apr/2021:13:52:17 +0000] "GET /css/layout-ccdbc38cb8.css HTTP/1.1" 404 164 "http://localhost:8000/" "Mozilla/5.0 (Windows NT 10.0; Win64; x64) AppleWebKit/537.36 (KHTML, like Gecko) Chrome/89.0.4389.114 Safari/537.36"
::1 - - [10/Apr/2021:13:52:18 +0000] "GET /path/to/halfmoon.js HTTP/1.1" 404 158 "http://localhost:8000/" "Mozilla/5.0 (Windows NT 10.0; Win64; x64) AppleWebKit/537.36 (KHTML, like Gecko) Chrome/89.0.4389.114 Safari/537.36"
::1 - - [10/Apr/2021:13:54:25 +0000] "POST /user/create-session HTTP/1.1" 302 46 "http://localhost:8000/" "Mozilla/5.0 (Windows NT 10.0; Win64; x64) AppleWebKit/537.36 (KHTML, like Gecko) Chrome/89.0.4389.114 Safari/537.36"
::1 - - [10/Apr/2021:13:54:25 +0000] "GET / HTTP/1.1" 200 7840 "http://localhost:8000/" "Mozilla/5.0 (Windows NT 10.0; Win64; x64) AppleWebKit/537.36 (KHTML, like Gecko) Chrome/89.0.4389.114 Safari/537.36"
::1 - - [10/Apr/2021:13:54:26 +0000] "GET /path/to/halfmoon.js HTTP/1.1" 404 158 "http://localhost:8000/" "Mozilla/5.0 (Windows NT 10.0; Win64; x64) AppleWebKit/537.36 (KHTML, like Gecko) Chrome/89.0.4389.114 Safari/537.36"
::1 - - [10/Apr/2021:13:54:26 +0000] "GET /css/layout-ccdbc38cb8.css HTTP/1.1" 404 164 "http://localhost:8000/" "Mozilla/5.0 (Windows NT 10.0; Win64; x64) AppleWebKit/537.36 (KHTML, like Gecko) Chrome/89.0.4389.114 Safari/537.36"
::1 - - [10/Apr/2021:13:54:26 +0000] "GET /css/layout-ccdbc38cb8.css HTTP/1.1" 404 164 "http://localhost:8000/" "Mozilla/5.0 (Windows NT 10.0; Win64; x64) AppleWebKit/537.36 (KHTML, like Gecko) Chrome/89.0.4389.114 Safari/537.36"
::1 - - [10/Apr/2021:13:54:26 +0000] "GET /path/to/halfmoon.js HTTP/1.1" 404 158 "http://localhost:8000/" "Mozilla/5.0 (Windows NT 10.0; Win64; x64) AppleWebKit/537.36 (KHTML, like Gecko) Chrome/89.0.4389.114 Safari/537.36"
::1 - - [10/Apr/2021:13:54:34 +0000] "POST /post/create HTTP/1.1" 200 476 "http://localhost:8000/" "Mozilla/5.0 (Windows NT 10.0; Win64; x64) AppleWebKit/537.36 (KHTML, like Gecko) Chrome/89.0.4389.114 Safari/537.36"
::1 - - [10/Apr/2021:13:54:36 +0000] "GET / HTTP/1.1" 200 8594 "http://localhost:8000/" "Mozilla/5.0 (Windows NT 10.0; Win64; x64) AppleWebKit/537.36 (KHTML, like Gecko) Chrome/89.0.4389.114 Safari/537.36"
::1 - - [10/Apr/2021:13:54:36 +0000] "GET /css/layout-ccdbc38cb8.css HTTP/1.1" 404 164 "http://localhost:8000/" "Mozilla/5.0 (Windows NT 10.0; Win64; x64) AppleWebKit/537.36 (KHTML, like Gecko) Chrome/89.0.4389.114 Safari/537.36"
::1 - - [10/Apr/2021:13:54:36 +0000] "GET /path/to/halfmoon.js HTTP/1.1" 404 158 "http://localhost:8000/" "Mozilla/5.0 (Windows NT 10.0; Win64; x64) AppleWebKit/537.36 (KHTML, like Gecko) Chrome/89.0.4389.114 Safari/537.36"
::1 - - [10/Apr/2021:13:54:36 +0000] "GET /css/layout-ccdbc38cb8.css HTTP/1.1" 404 164 "http://localhost:8000/" "Mozilla/5.0 (Windows NT 10.0; Win64; x64) AppleWebKit/537.36 (KHTML, like Gecko) Chrome/89.0.4389.114 Safari/537.36"
::1 - - [10/Apr/2021:13:54:36 +0000] "GET /path/to/halfmoon.js HTTP/1.1" 404 158 "http://localhost:8000/" "Mozilla/5.0 (Windows NT 10.0; Win64; x64) AppleWebKit/537.36 (KHTML, like Gecko) Chrome/89.0.4389.114 Safari/537.36"
::1 - - [10/Apr/2021:13:54:41 +0000] "POST /post/create HTTP/1.1" 200 476 "http://localhost:8000/" "Mozilla/5.0 (Windows NT 10.0; Win64; x64) AppleWebKit/537.36 (KHTML, like Gecko) Chrome/89.0.4389.114 Safari/537.36"
::1 - - [10/Apr/2021:13:54:42 +0000] "GET / HTTP/1.1" 200 9601 "http://localhost:8000/" "Mozilla/5.0 (Windows NT 10.0; Win64; x64) AppleWebKit/537.36 (KHTML, like Gecko) Chrome/89.0.4389.114 Safari/537.36"
::1 - - [10/Apr/2021:13:54:42 +0000] "GET /css/layout-ccdbc38cb8.css HTTP/1.1" 404 164 "http://localhost:8000/" "Mozilla/5.0 (Windows NT 10.0; Win64; x64) AppleWebKit/537.36 (KHTML, like Gecko) Chrome/89.0.4389.114 Safari/537.36"
::1 - - [10/Apr/2021:13:54:42 +0000] "GET /path/to/halfmoon.js HTTP/1.1" 404 158 "http://localhost:8000/" "Mozilla/5.0 (Windows NT 10.0; Win64; x64) AppleWebKit/537.36 (KHTML, like Gecko) Chrome/89.0.4389.114 Safari/537.36"
::1 - - [10/Apr/2021:13:54:42 +0000] "GET /css/layout-ccdbc38cb8.css HTTP/1.1" 404 164 "http://localhost:8000/" "Mozilla/5.0 (Windows NT 10.0; Win64; x64) AppleWebKit/537.36 (KHTML, like Gecko) Chrome/89.0.4389.114 Safari/537.36"
::1 - - [10/Apr/2021:13:54:42 +0000] "GET /path/to/halfmoon.js HTTP/1.1" 404 158 "http://localhost:8000/" "Mozilla/5.0 (Windows NT 10.0; Win64; x64) AppleWebKit/537.36 (KHTML, like Gecko) Chrome/89.0.4389.114 Safari/537.36"
::1 - - [10/Apr/2021:13:54:55 +0000] "GET / HTTP/1.1" 200 17089 "http://localhost:8000/" "Mozilla/5.0 (Windows NT 10.0; Win64; x64) AppleWebKit/537.36 (KHTML, like Gecko) Chrome/89.0.4389.114 Safari/537.36"
::1 - - [10/Apr/2021:13:54:55 +0000] "GET /css/layout-ccdbc38cb8.css HTTP/1.1" 404 164 "http://localhost:8000/" "Mozilla/5.0 (Windows NT 10.0; Win64; x64) AppleWebKit/537.36 (KHTML, like Gecko) Chrome/89.0.4389.114 Safari/537.36"
::1 - - [10/Apr/2021:13:54:55 +0000] "GET /css/layout-ccdbc38cb8.css HTTP/1.1" 404 164 "http://localhost:8000/" "Mozilla/5.0 (Windows NT 10.0; Win64; x64) AppleWebKit/537.36 (KHTML, like Gecko) Chrome/89.0.4389.114 Safari/537.36"
::1 - - [10/Apr/2021:13:54:55 +0000] "GET /path/to/halfmoon.js HTTP/1.1" 404 158 "http://localhost:8000/" "Mozilla/5.0 (Windows NT 10.0; Win64; x64) AppleWebKit/537.36 (KHTML, like Gecko) Chrome/89.0.4389.114 Safari/537.36"
::1 - - [10/Apr/2021:13:54:55 +0000] "GET /path/to/halfmoon.js HTTP/1.1" 404 158 "http://localhost:8000/" "Mozilla/5.0 (Windows NT 10.0; Win64; x64) AppleWebKit/537.36 (KHTML, like Gecko) Chrome/89.0.4389.114 Safari/537.36"
::1 - - [10/Apr/2021:13:54:57 +0000] "GET /post/delete/6071ae216651f692a09987cf HTTP/1.1" 302 88 "http://localhost:8000/" "Mozilla/5.0 (Windows NT 10.0; Win64; x64) AppleWebKit/537.36 (KHTML, like Gecko) Chrome/89.0.4389.114 Safari/537.36"
::1 - - [10/Apr/2021:13:54:57 +0000] "GET / HTTP/1.1" 200 14459 "http://localhost:8000/" "Mozilla/5.0 (Windows NT 10.0; Win64; x64) AppleWebKit/537.36 (KHTML, like Gecko) Chrome/89.0.4389.114 Safari/537.36"
::1 - - [10/Apr/2021:13:54:57 +0000] "GET /css/layout-ccdbc38cb8.css HTTP/1.1" 404 164 "http://localhost:8000/" "Mozilla/5.0 (Windows NT 10.0; Win64; x64) AppleWebKit/537.36 (KHTML, like Gecko) Chrome/89.0.4389.114 Safari/537.36"
::1 - - [10/Apr/2021:13:54:58 +0000] "GET /path/to/halfmoon.js HTTP/1.1" 404 158 "http://localhost:8000/" "Mozilla/5.0 (Windows NT 10.0; Win64; x64) AppleWebKit/537.36 (KHTML, like Gecko) Chrome/89.0.4389.114 Safari/537.36"
::1 - - [10/Apr/2021:13:54:59 +0000] "GET /post/delete/6071ae1a6651f692a09987ce HTTP/1.1" 302 88 "http://localhost:8000/" "Mozilla/5.0 (Windows NT 10.0; Win64; x64) AppleWebKit/537.36 (KHTML, like Gecko) Chrome/89.0.4389.114 Safari/537.36"
::1 - - [10/Apr/2021:13:54:59 +0000] "GET / HTTP/1.1" 200 11581 "http://localhost:8000/" "Mozilla/5.0 (Windows NT 10.0; Win64; x64) AppleWebKit/537.36 (KHTML, like Gecko) Chrome/89.0.4389.114 Safari/537.36"
::1 - - [10/Apr/2021:13:54:59 +0000] "GET /css/layout-ccdbc38cb8.css HTTP/1.1" 404 164 "http://localhost:8000/" "Mozilla/5.0 (Windows NT 10.0; Win64; x64) AppleWebKit/537.36 (KHTML, like Gecko) Chrome/89.0.4389.114 Safari/537.36"
::1 - - [10/Apr/2021:13:54:59 +0000] "GET /path/to/halfmoon.js HTTP/1.1" 404 158 "http://localhost:8000/" "Mozilla/5.0 (Windows NT 10.0; Win64; x64) AppleWebKit/537.36 (KHTML, like Gecko) Chrome/89.0.4389.114 Safari/537.36"
::1 - - [10/Apr/2021:13:55:00 +0000] "GET /post/delete/607198fe6651f692a09987cd HTTP/1.1" 302 88 "http://localhost:8000/" "Mozilla/5.0 (Windows NT 10.0; Win64; x64) AppleWebKit/537.36 (KHTML, like Gecko) Chrome/89.0.4389.114 Safari/537.36"
::1 - - [10/Apr/2021:13:55:00 +0000] "GET / HTTP/1.1" 200 8699 "http://localhost:8000/" "Mozilla/5.0 (Windows NT 10.0; Win64; x64) AppleWebKit/537.36 (KHTML, like Gecko) Chrome/89.0.4389.114 Safari/537.36"
::1 - - [10/Apr/2021:13:55:00 +0000] "GET /css/layout-ccdbc38cb8.css HTTP/1.1" 404 164 "http://localhost:8000/" "Mozilla/5.0 (Windows NT 10.0; Win64; x64) AppleWebKit/537.36 (KHTML, like Gecko) Chrome/89.0.4389.114 Safari/537.36"
::1 - - [10/Apr/2021:13:55:00 +0000] "GET /path/to/halfmoon.js HTTP/1.1" 404 158 "http://localhost:8000/" "Mozilla/5.0 (Windows NT 10.0; Win64; x64) AppleWebKit/537.36 (KHTML, like Gecko) Chrome/89.0.4389.114 Safari/537.36"
::1 - - [10/Apr/2021:16:27:05 +0000] "GET / HTTP/1.1" 500 2336 "http://localhost:8000/" "Mozilla/5.0 (Windows NT 10.0; Win64; x64) AppleWebKit/537.36 (KHTML, like Gecko) Chrome/89.0.4389.114 Safari/537.36"
::1 - - [10/Apr/2021:17:45:55 +0000] "GET / HTTP/1.1" 200 6874 "http://localhost:8000/" "Mozilla/5.0 (Windows NT 10.0; Win64; x64) AppleWebKit/537.36 (KHTML, like Gecko) Chrome/89.0.4389.114 Safari/537.36"
::1 - - [10/Apr/2021:17:45:55 +0000] "GET /css/layout-ccdbc38cb8.css HTTP/1.1" 404 164 "http://localhost:8000/" "Mozilla/5.0 (Windows NT 10.0; Win64; x64) AppleWebKit/537.36 (KHTML, like Gecko) Chrome/89.0.4389.114 Safari/537.36"
::1 - - [10/Apr/2021:17:45:55 +0000] "GET /path/to/halfmoon.js HTTP/1.1" 404 158 "http://localhost:8000/" "Mozilla/5.0 (Windows NT 10.0; Win64; x64) AppleWebKit/537.36 (KHTML, like Gecko) Chrome/89.0.4389.114 Safari/537.36"
::1 - - [10/Apr/2021:17:45:55 +0000] "GET /css/layout-ccdbc38cb8.css HTTP/1.1" 404 164 "http://localhost:8000/" "Mozilla/5.0 (Windows NT 10.0; Win64; x64) AppleWebKit/537.36 (KHTML, like Gecko) Chrome/89.0.4389.114 Safari/537.36"
::1 - - [10/Apr/2021:17:45:55 +0000] "GET /path/to/halfmoon.js HTTP/1.1" 404 158 "http://localhost:8000/" "Mozilla/5.0 (Windows NT 10.0; Win64; x64) AppleWebKit/537.36 (KHTML, like Gecko) Chrome/89.0.4389.114 Safari/537.36"
::1 - - [10/Apr/2021:17:46:02 +0000] "POST /user/create-session HTTP/1.1" 302 46 "http://localhost:8000/" "Mozilla/5.0 (Windows NT 10.0; Win64; x64) AppleWebKit/537.36 (KHTML, like Gecko) Chrome/89.0.4389.114 Safari/537.36"
::1 - - [10/Apr/2021:17:46:02 +0000] "GET / HTTP/1.1" 200 8474 "http://localhost:8000/" "Mozilla/5.0 (Windows NT 10.0; Win64; x64) AppleWebKit/537.36 (KHTML, like Gecko) Chrome/89.0.4389.114 Safari/537.36"
::1 - - [10/Apr/2021:17:46:02 +0000] "GET /css/layout-ccdbc38cb8.css HTTP/1.1" 404 164 "http://localhost:8000/" "Mozilla/5.0 (Windows NT 10.0; Win64; x64) AppleWebKit/537.36 (KHTML, like Gecko) Chrome/89.0.4389.114 Safari/537.36"
::1 - - [10/Apr/2021:17:46:02 +0000] "GET /path/to/halfmoon.js HTTP/1.1" 404 158 "http://localhost:8000/" "Mozilla/5.0 (Windows NT 10.0; Win64; x64) AppleWebKit/537.36 (KHTML, like Gecko) Chrome/89.0.4389.114 Safari/537.36"
::1 - - [10/Apr/2021:17:46:12 +0000] "POST /like/toggle/?id=6070a0ab07ab7985f8acec9a&type=Post HTTP/1.1" 302 88 "http://localhost:8000/" "Mozilla/5.0 (Windows NT 10.0; Win64; x64) AppleWebKit/537.36 (KHTML, like Gecko) Chrome/89.0.4389.114 Safari/537.36"
::1 - - [10/Apr/2021:17:46:12 +0000] "GET / HTTP/1.1" 200 8221 "http://localhost:8000/" "Mozilla/5.0 (Windows NT 10.0; Win64; x64) AppleWebKit/537.36 (KHTML, like Gecko) Chrome/89.0.4389.114 Safari/537.36"
::1 - - [10/Apr/2021:17:46:12 +0000] "GET /css/layout-ccdbc38cb8.css HTTP/1.1" 404 164 "http://localhost:8000/" "Mozilla/5.0 (Windows NT 10.0; Win64; x64) AppleWebKit/537.36 (KHTML, like Gecko) Chrome/89.0.4389.114 Safari/537.36"
::1 - - [10/Apr/2021:17:46:12 +0000] "GET /path/to/halfmoon.js HTTP/1.1" 404 158 "http://localhost:8000/" "Mozilla/5.0 (Windows NT 10.0; Win64; x64) AppleWebKit/537.36 (KHTML, like Gecko) Chrome/89.0.4389.114 Safari/537.36"
::1 - - [10/Apr/2021:17:46:51 +0000] "GET / HTTP/1.1" 200 7454 "http://localhost:8000/" "Mozilla/5.0 (Windows NT 10.0; Win64; x64) AppleWebKit/537.36 (KHTML, like Gecko) Chrome/89.0.4389.114 Safari/537.36"
::1 - - [10/Apr/2021:17:46:51 +0000] "GET /css/layout-ccdbc38cb8.css HTTP/1.1" 404 164 "http://localhost:8000/" "Mozilla/5.0 (Windows NT 10.0; Win64; x64) AppleWebKit/537.36 (KHTML, like Gecko) Chrome/89.0.4389.114 Safari/537.36"
::1 - - [10/Apr/2021:17:46:51 +0000] "GET /path/to/halfmoon.js HTTP/1.1" 404 158 "http://localhost:8000/" "Mozilla/5.0 (Windows NT 10.0; Win64; x64) AppleWebKit/537.36 (KHTML, like Gecko) Chrome/89.0.4389.114 Safari/537.36"
::1 - - [10/Apr/2021:17:46:51 +0000] "GET /path/to/halfmoon.js HTTP/1.1" 404 158 "http://localhost:8000/" "Mozilla/5.0 (Windows NT 10.0; Win64; x64) AppleWebKit/537.36 (KHTML, like Gecko) Chrome/89.0.4389.114 Safari/537.36"
::1 - - [10/Apr/2021:17:57:29 +0000] "GET / HTTP/1.1" 200 7435 "http://localhost:8000/" "Mozilla/5.0 (Windows NT 10.0; Win64; x64) AppleWebKit/537.36 (KHTML, like Gecko) Chrome/89.0.4389.114 Safari/537.36"
::1 - - [10/Apr/2021:17:57:29 +0000] "GET /css/layout-ccdbc38cb8.css HTTP/1.1" 404 164 "http://localhost:8000/" "Mozilla/5.0 (Windows NT 10.0; Win64; x64) AppleWebKit/537.36 (KHTML, like Gecko) Chrome/89.0.4389.114 Safari/537.36"
::1 - - [10/Apr/2021:17:57:29 +0000] "GET /path/to/halfmoon.js HTTP/1.1" 404 158 "http://localhost:8000/" "Mozilla/5.0 (Windows NT 10.0; Win64; x64) AppleWebKit/537.36 (KHTML, like Gecko) Chrome/89.0.4389.114 Safari/537.36"
::1 - - [10/Apr/2021:17:57:29 +0000] "GET /path/to/halfmoon.js HTTP/1.1" 404 158 "http://localhost:8000/" "Mozilla/5.0 (Windows NT 10.0; Win64; x64) AppleWebKit/537.36 (KHTML, like Gecko) Chrome/89.0.4389.114 Safari/537.36"
::1 - - [10/Apr/2021:17:57:39 +0000] "GET / HTTP/1.1" 200 7453 "http://localhost:8000/" "Mozilla/5.0 (Windows NT 10.0; Win64; x64) AppleWebKit/537.36 (KHTML, like Gecko) Chrome/89.0.4389.114 Safari/537.36"
::1 - - [10/Apr/2021:17:57:39 +0000] "GET /css/layout-ccdbc38cb8.css HTTP/1.1" 404 164 "http://localhost:8000/" "Mozilla/5.0 (Windows NT 10.0; Win64; x64) AppleWebKit/537.36 (KHTML, like Gecko) Chrome/89.0.4389.114 Safari/537.36"
::1 - - [10/Apr/2021:17:57:39 +0000] "GET /css/layout-ccdbc38cb8.css HTTP/1.1" 404 164 "http://localhost:8000/" "Mozilla/5.0 (Windows NT 10.0; Win64; x64) AppleWebKit/537.36 (KHTML, like Gecko) Chrome/89.0.4389.114 Safari/537.36"
::1 - - [10/Apr/2021:17:57:39 +0000] "GET /path/to/halfmoon.js HTTP/1.1" 404 158 "http://localhost:8000/" "Mozilla/5.0 (Windows NT 10.0; Win64; x64) AppleWebKit/537.36 (KHTML, like Gecko) Chrome/89.0.4389.114 Safari/537.36"
::1 - - [10/Apr/2021:17:57:39 +0000] "GET /path/to/halfmoon.js HTTP/1.1" 404 158 "http://localhost:8000/" "Mozilla/5.0 (Windows NT 10.0; Win64; x64) AppleWebKit/537.36 (KHTML, like Gecko) Chrome/89.0.4389.114 Safari/537.36"
::1 - - [10/Apr/2021:17:58:08 +0000] "GET / HTTP/1.1" 200 7479 "http://localhost:8000/" "Mozilla/5.0 (Windows NT 10.0; Win64; x64) AppleWebKit/537.36 (KHTML, like Gecko) Chrome/89.0.4389.114 Safari/537.36"
::1 - - [10/Apr/2021:17:58:08 +0000] "GET /css/layout-ccdbc38cb8.css HTTP/1.1" 404 164 "http://localhost:8000/" "Mozilla/5.0 (Windows NT 10.0; Win64; x64) AppleWebKit/537.36 (KHTML, like Gecko) Chrome/89.0.4389.114 Safari/537.36"
::1 - - [10/Apr/2021:17:58:08 +0000] "GET /css/layout-ccdbc38cb8.css HTTP/1.1" 404 164 "http://localhost:8000/" "Mozilla/5.0 (Windows NT 10.0; Win64; x64) AppleWebKit/537.36 (KHTML, like Gecko) Chrome/89.0.4389.114 Safari/537.36"
::1 - - [10/Apr/2021:17:58:08 +0000] "GET /path/to/halfmoon.js HTTP/1.1" 404 158 "http://localhost:8000/" "Mozilla/5.0 (Windows NT 10.0; Win64; x64) AppleWebKit/537.36 (KHTML, like Gecko) Chrome/89.0.4389.114 Safari/537.36"
::1 - - [10/Apr/2021:17:58:09 +0000] "GET /path/to/halfmoon.js HTTP/1.1" 404 158 "http://localhost:8000/" "Mozilla/5.0 (Windows NT 10.0; Win64; x64) AppleWebKit/537.36 (KHTML, like Gecko) Chrome/89.0.4389.114 Safari/537.36"
::1 - - [10/Apr/2021:17:58:27 +0000] "GET / HTTP/1.1" 200 7505 "http://localhost:8000/" "Mozilla/5.0 (Windows NT 10.0; Win64; x64) AppleWebKit/537.36 (KHTML, like Gecko) Chrome/89.0.4389.114 Safari/537.36"
::1 - - [10/Apr/2021:17:58:27 +0000] "GET /css/layout-ccdbc38cb8.css HTTP/1.1" 404 164 "http://localhost:8000/" "Mozilla/5.0 (Windows NT 10.0; Win64; x64) AppleWebKit/537.36 (KHTML, like Gecko) Chrome/89.0.4389.114 Safari/537.36"
::1 - - [10/Apr/2021:17:58:27 +0000] "GET /css/layout-ccdbc38cb8.css HTTP/1.1" 404 164 "http://localhost:8000/" "Mozilla/5.0 (Windows NT 10.0; Win64; x64) AppleWebKit/537.36 (KHTML, like Gecko) Chrome/89.0.4389.114 Safari/537.36"
::1 - - [10/Apr/2021:17:58:27 +0000] "GET /path/to/halfmoon.js HTTP/1.1" 404 158 "http://localhost:8000/" "Mozilla/5.0 (Windows NT 10.0; Win64; x64) AppleWebKit/537.36 (KHTML, like Gecko) Chrome/89.0.4389.114 Safari/537.36"
::1 - - [10/Apr/2021:17:58:27 +0000] "GET /path/to/halfmoon.js HTTP/1.1" 404 158 "http://localhost:8000/" "Mozilla/5.0 (Windows NT 10.0; Win64; x64) AppleWebKit/537.36 (KHTML, like Gecko) Chrome/89.0.4389.114 Safari/537.36"
::1 - - [10/Apr/2021:18:00:22 +0000] "GET / HTTP/1.1" 200 7508 "http://localhost:8000/" "Mozilla/5.0 (Windows NT 10.0; Win64; x64) AppleWebKit/537.36 (KHTML, like Gecko) Chrome/89.0.4389.114 Safari/537.36"
::1 - - [10/Apr/2021:18:00:22 +0000] "GET /css/layout-ccdbc38cb8.css HTTP/1.1" 404 164 "http://localhost:8000/" "Mozilla/5.0 (Windows NT 10.0; Win64; x64) AppleWebKit/537.36 (KHTML, like Gecko) Chrome/89.0.4389.114 Safari/537.36"
::1 - - [10/Apr/2021:18:00:23 +0000] "GET /css/layout-ccdbc38cb8.css HTTP/1.1" 404 164 "http://localhost:8000/" "Mozilla/5.0 (Windows NT 10.0; Win64; x64) AppleWebKit/537.36 (KHTML, like Gecko) Chrome/89.0.4389.114 Safari/537.36"
::1 - - [10/Apr/2021:18:00:23 +0000] "GET /path/to/halfmoon.js HTTP/1.1" 404 158 "http://localhost:8000/" "Mozilla/5.0 (Windows NT 10.0; Win64; x64) AppleWebKit/537.36 (KHTML, like Gecko) Chrome/89.0.4389.114 Safari/537.36"
::1 - - [10/Apr/2021:18:00:23 +0000] "GET /path/to/halfmoon.js HTTP/1.1" 404 158 "http://localhost:8000/" "Mozilla/5.0 (Windows NT 10.0; Win64; x64) AppleWebKit/537.36 (KHTML, like Gecko) Chrome/89.0.4389.114 Safari/537.36"
::1 - - [10/Apr/2021:18:00:31 +0000] "GET / HTTP/1.1" 200 7496 "http://localhost:8000/" "Mozilla/5.0 (Windows NT 10.0; Win64; x64) AppleWebKit/537.36 (KHTML, like Gecko) Chrome/89.0.4389.114 Safari/537.36"
::1 - - [10/Apr/2021:18:00:31 +0000] "GET /css/layout-ccdbc38cb8.css HTTP/1.1" 404 164 "http://localhost:8000/" "Mozilla/5.0 (Windows NT 10.0; Win64; x64) AppleWebKit/537.36 (KHTML, like Gecko) Chrome/89.0.4389.114 Safari/537.36"
::1 - - [10/Apr/2021:18:00:31 +0000] "GET /css/layout-ccdbc38cb8.css HTTP/1.1" 404 164 "http://localhost:8000/" "Mozilla/5.0 (Windows NT 10.0; Win64; x64) AppleWebKit/537.36 (KHTML, like Gecko) Chrome/89.0.4389.114 Safari/537.36"
::1 - - [10/Apr/2021:18:00:31 +0000] "GET /path/to/halfmoon.js HTTP/1.1" 404 158 "http://localhost:8000/" "Mozilla/5.0 (Windows NT 10.0; Win64; x64) AppleWebKit/537.36 (KHTML, like Gecko) Chrome/89.0.4389.114 Safari/537.36"
::1 - - [10/Apr/2021:18:00:31 +0000] "GET /path/to/halfmoon.js HTTP/1.1" 404 158 "http://localhost:8000/" "Mozilla/5.0 (Windows NT 10.0; Win64; x64) AppleWebKit/537.36 (KHTML, like Gecko) Chrome/89.0.4389.114 Safari/537.36"
::1 - - [10/Apr/2021:18:00:39 +0000] "GET / HTTP/1.1" 200 7508 "http://localhost:8000/" "Mozilla/5.0 (Windows NT 10.0; Win64; x64) AppleWebKit/537.36 (KHTML, like Gecko) Chrome/89.0.4389.114 Safari/537.36"
::1 - - [10/Apr/2021:18:00:39 +0000] "GET /css/layout-ccdbc38cb8.css HTTP/1.1" 404 164 "http://localhost:8000/" "Mozilla/5.0 (Windows NT 10.0; Win64; x64) AppleWebKit/537.36 (KHTML, like Gecko) Chrome/89.0.4389.114 Safari/537.36"
::1 - - [10/Apr/2021:18:00:39 +0000] "GET /css/layout-ccdbc38cb8.css HTTP/1.1" 404 164 "http://localhost:8000/" "Mozilla/5.0 (Windows NT 10.0; Win64; x64) AppleWebKit/537.36 (KHTML, like Gecko) Chrome/89.0.4389.114 Safari/537.36"
::1 - - [10/Apr/2021:18:00:39 +0000] "GET /path/to/halfmoon.js HTTP/1.1" 404 158 "http://localhost:8000/" "Mozilla/5.0 (Windows NT 10.0; Win64; x64) AppleWebKit/537.36 (KHTML, like Gecko) Chrome/89.0.4389.114 Safari/537.36"
::1 - - [10/Apr/2021:18:00:39 +0000] "GET /path/to/halfmoon.js HTTP/1.1" 404 158 "http://localhost:8000/" "Mozilla/5.0 (Windows NT 10.0; Win64; x64) AppleWebKit/537.36 (KHTML, like Gecko) Chrome/89.0.4389.114 Safari/537.36"
::1 - - [10/Apr/2021:18:02:42 +0000] "GET / HTTP/1.1" 200 7524 "http://localhost:8000/" "Mozilla/5.0 (Windows NT 10.0; Win64; x64) AppleWebKit/537.36 (KHTML, like Gecko) Chrome/89.0.4389.114 Safari/537.36"
::1 - - [10/Apr/2021:18:02:42 +0000] "GET /css/layout-ccdbc38cb8.css HTTP/1.1" 404 164 "http://localhost:8000/" "Mozilla/5.0 (Windows NT 10.0; Win64; x64) AppleWebKit/537.36 (KHTML, like Gecko) Chrome/89.0.4389.114 Safari/537.36"
::1 - - [10/Apr/2021:18:02:43 +0000] "GET /css/layout-ccdbc38cb8.css HTTP/1.1" 404 164 "http://localhost:8000/" "Mozilla/5.0 (Windows NT 10.0; Win64; x64) AppleWebKit/537.36 (KHTML, like Gecko) Chrome/89.0.4389.114 Safari/537.36"
::1 - - [10/Apr/2021:18:02:43 +0000] "GET /path/to/halfmoon.js HTTP/1.1" 404 158 "http://localhost:8000/" "Mozilla/5.0 (Windows NT 10.0; Win64; x64) AppleWebKit/537.36 (KHTML, like Gecko) Chrome/89.0.4389.114 Safari/537.36"
::1 - - [10/Apr/2021:18:02:43 +0000] "GET /path/to/halfmoon.js HTTP/1.1" 404 158 "http://localhost:8000/" "Mozilla/5.0 (Windows NT 10.0; Win64; x64) AppleWebKit/537.36 (KHTML, like Gecko) Chrome/89.0.4389.114 Safari/537.36"
::1 - - [10/Apr/2021:18:02:44 +0000] "GET / HTTP/1.1" 304 - "http://localhost:8000/" "Mozilla/5.0 (Windows NT 10.0; Win64; x64) AppleWebKit/537.36 (KHTML, like Gecko) Chrome/89.0.4389.114 Safari/537.36"
::1 - - [10/Apr/2021:18:02:44 +0000] "GET /css/layout-ccdbc38cb8.css HTTP/1.1" 404 164 "http://localhost:8000/" "Mozilla/5.0 (Windows NT 10.0; Win64; x64) AppleWebKit/537.36 (KHTML, like Gecko) Chrome/89.0.4389.114 Safari/537.36"
::1 - - [10/Apr/2021:18:02:44 +0000] "GET /path/to/halfmoon.js HTTP/1.1" 404 158 "http://localhost:8000/" "Mozilla/5.0 (Windows NT 10.0; Win64; x64) AppleWebKit/537.36 (KHTML, like Gecko) Chrome/89.0.4389.114 Safari/537.36"
::1 - - [10/Apr/2021:18:02:51 +0000] "GET /user/profile/60522e3b1b700825d035f6bd HTTP/1.1" 200 9075 "http://localhost:8000/" "Mozilla/5.0 (Windows NT 10.0; Win64; x64) AppleWebKit/537.36 (KHTML, like Gecko) Chrome/89.0.4389.114 Safari/537.36"
::1 - - [10/Apr/2021:18:02:51 +0000] "GET /css/layout-ccdbc38cb8.css HTTP/1.1" 404 164 "http://localhost:8000/user/profile/60522e3b1b700825d035f6bd" "Mozilla/5.0 (Windows NT 10.0; Win64; x64) AppleWebKit/537.36 (KHTML, like Gecko) Chrome/89.0.4389.114 Safari/537.36"
::1 - - [10/Apr/2021:18:02:51 +0000] "GET /user/profile/path/to/halfmoon.js HTTP/1.1" 404 171 "http://localhost:8000/user/profile/60522e3b1b700825d035f6bd" "Mozilla/5.0 (Windows NT 10.0; Win64; x64) AppleWebKit/537.36 (KHTML, like Gecko) Chrome/89.0.4389.114 Safari/537.36"
::1 - - [10/Apr/2021:18:03:19 +0000] "GET /user/profile/60522e3b1b700825d035f6bd HTTP/1.1" 200 9077 "http://localhost:8000/" "Mozilla/5.0 (Windows NT 10.0; Win64; x64) AppleWebKit/537.36 (KHTML, like Gecko) Chrome/89.0.4389.114 Safari/537.36"
::1 - - [10/Apr/2021:18:03:19 +0000] "GET /css/layout-ccdbc38cb8.css HTTP/1.1" 404 164 "http://localhost:8000/user/profile/60522e3b1b700825d035f6bd" "Mozilla/5.0 (Windows NT 10.0; Win64; x64) AppleWebKit/537.36 (KHTML, like Gecko) Chrome/89.0.4389.114 Safari/537.36"
::1 - - [10/Apr/2021:18:03:19 +0000] "GET /user/profile/path/to/halfmoon.js HTTP/1.1" 404 171 "http://localhost:8000/user/profile/60522e3b1b700825d035f6bd" "Mozilla/5.0 (Windows NT 10.0; Win64; x64) AppleWebKit/537.36 (KHTML, like Gecko) Chrome/89.0.4389.114 Safari/537.36"
::1 - - [10/Apr/2021:18:03:19 +0000] "GET /user/profile/path/to/halfmoon.js HTTP/1.1" 404 171 "http://localhost:8000/user/profile/60522e3b1b700825d035f6bd" "Mozilla/5.0 (Windows NT 10.0; Win64; x64) AppleWebKit/537.36 (KHTML, like Gecko) Chrome/89.0.4389.114 Safari/537.36"
::1 - - [10/Apr/2021:18:03:21 +0000] "GET / HTTP/1.1" 304 - "http://localhost:8000/user/profile/60522e3b1b700825d035f6bd" "Mozilla/5.0 (Windows NT 10.0; Win64; x64) AppleWebKit/537.36 (KHTML, like Gecko) Chrome/89.0.4389.114 Safari/537.36"
::1 - - [10/Apr/2021:18:03:21 +0000] "GET /css/layout-ccdbc38cb8.css HTTP/1.1" 404 164 "http://localhost:8000/" "Mozilla/5.0 (Windows NT 10.0; Win64; x64) AppleWebKit/537.36 (KHTML, like Gecko) Chrome/89.0.4389.114 Safari/537.36"
::1 - - [10/Apr/2021:18:03:21 +0000] "GET /path/to/halfmoon.js HTTP/1.1" 404 158 "http://localhost:8000/" "Mozilla/5.0 (Windows NT 10.0; Win64; x64) AppleWebKit/537.36 (KHTML, like Gecko) Chrome/89.0.4389.114 Safari/537.36"
::1 - - [10/Apr/2021:18:03:21 +0000] "GET /path/to/halfmoon.js HTTP/1.1" 404 158 "http://localhost:8000/" "Mozilla/5.0 (Windows NT 10.0; Win64; x64) AppleWebKit/537.36 (KHTML, like Gecko) Chrome/89.0.4389.114 Safari/537.36"
::1 - - [10/Apr/2021:18:05:00 +0000] "GET /css/layout-ccdbc38cb8.css HTTP/1.1" 404 164 "http://localhost:8000/" "Mozilla/5.0 (Windows NT 10.0; Win64; x64) AppleWebKit/537.36 (KHTML, like Gecko) Chrome/89.0.4389.114 Safari/537.36"
::1 - - [10/Apr/2021:18:05:20 +0000] "GET /user/profile/60522e3b1b700825d035f6bd HTTP/1.1" 304 - "http://localhost:8000/" "Mozilla/5.0 (Linux; Android 8.0; Pixel 2 Build/OPD3.170816.012) AppleWebKit/537.36 (KHTML, like Gecko) Chrome/89.0.4389.114 Mobile Safari/537.36"
::1 - - [10/Apr/2021:18:05:21 +0000] "GET /css/layout-ccdbc38cb8.css HTTP/1.1" 404 164 "http://localhost:8000/user/profile/60522e3b1b700825d035f6bd" "Mozilla/5.0 (Linux; Android 8.0; Pixel 2 Build/OPD3.170816.012) AppleWebKit/537.36 (KHTML, like Gecko) Chrome/89.0.4389.114 Mobile Safari/537.36"
::1 - - [10/Apr/2021:18:05:21 +0000] "GET /css/layout-ccdbc38cb8.css HTTP/1.1" 404 164 "http://localhost:8000/user/profile/60522e3b1b700825d035f6bd" "Mozilla/5.0 (Linux; Android 8.0; Pixel 2 Build/OPD3.170816.012) AppleWebKit/537.36 (KHTML, like Gecko) Chrome/89.0.4389.114 Mobile Safari/537.36"
::1 - - [10/Apr/2021:18:05:21 +0000] "GET /user/profile/path/to/halfmoon.js HTTP/1.1" 404 171 "http://localhost:8000/user/profile/60522e3b1b700825d035f6bd" "Mozilla/5.0 (Linux; Android 8.0; Pixel 2 Build/OPD3.170816.012) AppleWebKit/537.36 (KHTML, like Gecko) Chrome/89.0.4389.114 Mobile Safari/537.36"
::1 - - [10/Apr/2021:18:05:21 +0000] "GET /user/profile/path/to/halfmoon.js HTTP/1.1" 404 171 "http://localhost:8000/user/profile/60522e3b1b700825d035f6bd" "Mozilla/5.0 (Linux; Android 8.0; Pixel 2 Build/OPD3.170816.012) AppleWebKit/537.36 (KHTML, like Gecko) Chrome/89.0.4389.114 Mobile Safari/537.36"
::1 - - [10/Apr/2021:18:05:47 +0000] "GET /user/profile/60522e3b1b700825d035f6bd HTTP/1.1" 304 - "http://localhost:8000/" "Mozilla/5.0 (Windows NT 10.0; Win64; x64) AppleWebKit/537.36 (KHTML, like Gecko) Chrome/89.0.4389.114 Safari/537.36"
::1 - - [10/Apr/2021:18:05:47 +0000] "GET /css/layout-ccdbc38cb8.css HTTP/1.1" 404 164 "http://localhost:8000/user/profile/60522e3b1b700825d035f6bd" "Mozilla/5.0 (Windows NT 10.0; Win64; x64) AppleWebKit/537.36 (KHTML, like Gecko) Chrome/89.0.4389.114 Safari/537.36"
::1 - - [10/Apr/2021:18:05:47 +0000] "GET /user/profile/path/to/halfmoon.js HTTP/1.1" 404 171 "http://localhost:8000/user/profile/60522e3b1b700825d035f6bd" "Mozilla/5.0 (Windows NT 10.0; Win64; x64) AppleWebKit/537.36 (KHTML, like Gecko) Chrome/89.0.4389.114 Safari/537.36"
::1 - - [10/Apr/2021:18:05:47 +0000] "GET /css/layout-ccdbc38cb8.css HTTP/1.1" 404 164 "http://localhost:8000/user/profile/60522e3b1b700825d035f6bd" "Mozilla/5.0 (Windows NT 10.0; Win64; x64) AppleWebKit/537.36 (KHTML, like Gecko) Chrome/89.0.4389.114 Safari/537.36"
::1 - - [10/Apr/2021:18:05:47 +0000] "GET /user/profile/path/to/halfmoon.js HTTP/1.1" 404 171 "http://localhost:8000/user/profile/60522e3b1b700825d035f6bd" "Mozilla/5.0 (Windows NT 10.0; Win64; x64) AppleWebKit/537.36 (KHTML, like Gecko) Chrome/89.0.4389.114 Safari/537.36"
::1 - - [10/Apr/2021:18:05:56 +0000] "GET /user/profile/60522e3b1b700825d035f6bd HTTP/1.1" 304 - "http://localhost:8000/" "Mozilla/5.0 (Windows NT 10.0; Win64; x64) AppleWebKit/537.36 (KHTML, like Gecko) Chrome/89.0.4389.114 Safari/537.36"
::1 - - [10/Apr/2021:18:05:56 +0000] "GET /css/layout-ccdbc38cb8.css HTTP/1.1" 404 164 "http://localhost:8000/user/profile/60522e3b1b700825d035f6bd" "Mozilla/5.0 (Windows NT 10.0; Win64; x64) AppleWebKit/537.36 (KHTML, like Gecko) Chrome/89.0.4389.114 Safari/537.36"
::1 - - [10/Apr/2021:18:05:56 +0000] "GET /user/profile/path/to/halfmoon.js HTTP/1.1" 404 171 "http://localhost:8000/user/profile/60522e3b1b700825d035f6bd" "Mozilla/5.0 (Windows NT 10.0; Win64; x64) AppleWebKit/537.36 (KHTML, like Gecko) Chrome/89.0.4389.114 Safari/537.36"
::1 - - [10/Apr/2021:18:05:56 +0000] "GET /css/layout-ccdbc38cb8.css HTTP/1.1" 404 164 "http://localhost:8000/user/profile/60522e3b1b700825d035f6bd" "Mozilla/5.0 (Windows NT 10.0; Win64; x64) AppleWebKit/537.36 (KHTML, like Gecko) Chrome/89.0.4389.114 Safari/537.36"
::1 - - [10/Apr/2021:18:05:56 +0000] "GET /user/profile/path/to/halfmoon.js HTTP/1.1" 404 171 "http://localhost:8000/user/profile/60522e3b1b700825d035f6bd" "Mozilla/5.0 (Windows NT 10.0; Win64; x64) AppleWebKit/537.36 (KHTML, like Gecko) Chrome/89.0.4389.114 Safari/537.36"
::1 - - [10/Apr/2021:18:06:05 +0000] "GET /post/delete/6070a0ab07ab7985f8acec9a HTTP/1.1" 302 162 "http://localhost:8000/user/profile/60522e3b1b700825d035f6bd" "Mozilla/5.0 (Windows NT 10.0; Win64; x64) AppleWebKit/537.36 (KHTML, like Gecko) Chrome/89.0.4389.114 Safari/537.36"
::1 - - [10/Apr/2021:18:06:05 +0000] "GET /user/profile/60522e3b1b700825d035f6bd HTTP/1.1" 200 5481 "http://localhost:8000/user/profile/60522e3b1b700825d035f6bd" "Mozilla/5.0 (Windows NT 10.0; Win64; x64) AppleWebKit/537.36 (KHTML, like Gecko) Chrome/89.0.4389.114 Safari/537.36"
::1 - - [10/Apr/2021:18:06:05 +0000] "GET /css/layout-ccdbc38cb8.css HTTP/1.1" 404 164 "http://localhost:8000/user/profile/60522e3b1b700825d035f6bd" "Mozilla/5.0 (Windows NT 10.0; Win64; x64) AppleWebKit/537.36 (KHTML, like Gecko) Chrome/89.0.4389.114 Safari/537.36"
::1 - - [10/Apr/2021:18:06:05 +0000] "GET /user/profile/path/to/halfmoon.js HTTP/1.1" 404 171 "http://localhost:8000/user/profile/60522e3b1b700825d035f6bd" "Mozilla/5.0 (Windows NT 10.0; Win64; x64) AppleWebKit/537.36 (KHTML, like Gecko) Chrome/89.0.4389.114 Safari/537.36"
::1 - - [10/Apr/2021:18:06:06 +0000] "GET /css/layout-ccdbc38cb8.css HTTP/1.1" 404 164 "http://localhost:8000/user/profile/60522e3b1b700825d035f6bd" "Mozilla/5.0 (Windows NT 10.0; Win64; x64) AppleWebKit/537.36 (KHTML, like Gecko) Chrome/89.0.4389.114 Safari/537.36"
::1 - - [10/Apr/2021:18:06:06 +0000] "GET /user/profile/path/to/halfmoon.js HTTP/1.1" 404 171 "http://localhost:8000/user/profile/60522e3b1b700825d035f6bd" "Mozilla/5.0 (Windows NT 10.0; Win64; x64) AppleWebKit/537.36 (KHTML, like Gecko) Chrome/89.0.4389.114 Safari/537.36"
::1 - - [10/Apr/2021:18:06:54 +0000] "GET /user/profile/60522e3b1b700825d035f6bd HTTP/1.1" 200 5233 "http://localhost:8000/user/profile/60522e3b1b700825d035f6bd" "Mozilla/5.0 (Windows NT 10.0; Win64; x64) AppleWebKit/537.36 (KHTML, like Gecko) Chrome/89.0.4389.114 Safari/537.36"
::1 - - [10/Apr/2021:18:06:54 +0000] "GET /css/layout-ccdbc38cb8.css HTTP/1.1" 404 164 "http://localhost:8000/user/profile/60522e3b1b700825d035f6bd" "Mozilla/5.0 (Windows NT 10.0; Win64; x64) AppleWebKit/537.36 (KHTML, like Gecko) Chrome/89.0.4389.114 Safari/537.36"
::1 - - [10/Apr/2021:18:06:54 +0000] "GET /user/profile/path/to/halfmoon.js HTTP/1.1" 404 171 "http://localhost:8000/user/profile/60522e3b1b700825d035f6bd" "Mozilla/5.0 (Windows NT 10.0; Win64; x64) AppleWebKit/537.36 (KHTML, like Gecko) Chrome/89.0.4389.114 Safari/537.36"
::1 - - [10/Apr/2021:18:06:55 +0000] "GET / HTTP/1.1" 200 5590 "http://localhost:8000/user/profile/60522e3b1b700825d035f6bd" "Mozilla/5.0 (Windows NT 10.0; Win64; x64) AppleWebKit/537.36 (KHTML, like Gecko) Chrome/89.0.4389.114 Safari/537.36"
::1 - - [10/Apr/2021:18:06:55 +0000] "GET /css/layout-ccdbc38cb8.css HTTP/1.1" 404 164 "http://localhost:8000/" "Mozilla/5.0 (Windows NT 10.0; Win64; x64) AppleWebKit/537.36 (KHTML, like Gecko) Chrome/89.0.4389.114 Safari/537.36"
::1 - - [10/Apr/2021:18:06:55 +0000] "GET /path/to/halfmoon.js HTTP/1.1" 404 158 "http://localhost:8000/" "Mozilla/5.0 (Windows NT 10.0; Win64; x64) AppleWebKit/537.36 (KHTML, like Gecko) Chrome/89.0.4389.114 Safari/537.36"
::1 - - [10/Apr/2021:18:06:56 +0000] "GET /path/to/halfmoon.js HTTP/1.1" 404 158 "http://localhost:8000/" "Mozilla/5.0 (Windows NT 10.0; Win64; x64) AppleWebKit/537.36 (KHTML, like Gecko) Chrome/89.0.4389.114 Safari/537.36"
::1 - - [10/Apr/2021:18:07:00 +0000] "POST /post/create HTTP/1.1" 200 476 "http://localhost:8000/" "Mozilla/5.0 (Windows NT 10.0; Win64; x64) AppleWebKit/537.36 (KHTML, like Gecko) Chrome/89.0.4389.114 Safari/537.36"
::1 - - [10/Apr/2021:18:07:03 +0000] "GET / HTTP/1.1" 200 6567 "http://localhost:8000/user/profile/60522e3b1b700825d035f6bd" "Mozilla/5.0 (Windows NT 10.0; Win64; x64) AppleWebKit/537.36 (KHTML, like Gecko) Chrome/89.0.4389.114 Safari/537.36"
::1 - - [10/Apr/2021:18:07:03 +0000] "GET /css/layout-ccdbc38cb8.css HTTP/1.1" 404 164 "http://localhost:8000/" "Mozilla/5.0 (Windows NT 10.0; Win64; x64) AppleWebKit/537.36 (KHTML, like Gecko) Chrome/89.0.4389.114 Safari/537.36"
::1 - - [10/Apr/2021:18:07:03 +0000] "GET /path/to/halfmoon.js HTTP/1.1" 404 158 "http://localhost:8000/" "Mozilla/5.0 (Windows NT 10.0; Win64; x64) AppleWebKit/537.36 (KHTML, like Gecko) Chrome/89.0.4389.114 Safari/537.36"
::1 - - [10/Apr/2021:18:07:05 +0000] "GET /user/profile/60522e3b1b700825d035f6bd HTTP/1.1" 200 7163 "http://localhost:8000/" "Mozilla/5.0 (Windows NT 10.0; Win64; x64) AppleWebKit/537.36 (KHTML, like Gecko) Chrome/89.0.4389.114 Safari/537.36"
::1 - - [10/Apr/2021:18:07:05 +0000] "GET /css/layout-ccdbc38cb8.css HTTP/1.1" 404 164 "http://localhost:8000/user/profile/60522e3b1b700825d035f6bd" "Mozilla/5.0 (Windows NT 10.0; Win64; x64) AppleWebKit/537.36 (KHTML, like Gecko) Chrome/89.0.4389.114 Safari/537.36"
::1 - - [10/Apr/2021:18:07:05 +0000] "GET /user/profile/path/to/halfmoon.js HTTP/1.1" 404 171 "http://localhost:8000/user/profile/60522e3b1b700825d035f6bd" "Mozilla/5.0 (Windows NT 10.0; Win64; x64) AppleWebKit/537.36 (KHTML, like Gecko) Chrome/89.0.4389.114 Safari/537.36"
::1 - - [10/Apr/2021:18:07:23 +0000] "GET / HTTP/1.1" 304 - "http://localhost:8000/user/profile/60522e3b1b700825d035f6bd" "Mozilla/5.0 (Windows NT 10.0; Win64; x64) AppleWebKit/537.36 (KHTML, like Gecko) Chrome/89.0.4389.114 Safari/537.36"
::1 - - [10/Apr/2021:18:07:23 +0000] "GET /css/layout-ccdbc38cb8.css HTTP/1.1" 404 164 "http://localhost:8000/" "Mozilla/5.0 (Windows NT 10.0; Win64; x64) AppleWebKit/537.36 (KHTML, like Gecko) Chrome/89.0.4389.114 Safari/537.36"
::1 - - [10/Apr/2021:18:07:24 +0000] "GET /path/to/halfmoon.js HTTP/1.1" 404 158 "http://localhost:8000/" "Mozilla/5.0 (Windows NT 10.0; Win64; x64) AppleWebKit/537.36 (KHTML, like Gecko) Chrome/89.0.4389.114 Safari/537.36"
::1 - - [10/Apr/2021:18:07:30 +0000] "GET /post/delete/6071e9446651f692a09987d1 HTTP/1.1" 302 88 "http://localhost:8000/" "Mozilla/5.0 (Windows NT 10.0; Win64; x64) AppleWebKit/537.36 (KHTML, like Gecko) Chrome/89.0.4389.114 Safari/537.36"
::1 - - [10/Apr/2021:18:07:30 +0000] "GET / HTTP/1.1" 200 5838 "http://localhost:8000/" "Mozilla/5.0 (Windows NT 10.0; Win64; x64) AppleWebKit/537.36 (KHTML, like Gecko) Chrome/89.0.4389.114 Safari/537.36"
::1 - - [10/Apr/2021:18:07:30 +0000] "GET /css/layout-ccdbc38cb8.css HTTP/1.1" 404 164 "http://localhost:8000/" "Mozilla/5.0 (Windows NT 10.0; Win64; x64) AppleWebKit/537.36 (KHTML, like Gecko) Chrome/89.0.4389.114 Safari/537.36"
::1 - - [10/Apr/2021:18:07:30 +0000] "GET /path/to/halfmoon.js HTTP/1.1" 404 158 "http://localhost:8000/" "Mozilla/5.0 (Windows NT 10.0; Win64; x64) AppleWebKit/537.36 (KHTML, like Gecko) Chrome/89.0.4389.114 Safari/537.36"
::1 - - [10/Apr/2021:18:07:30 +0000] "GET /path/to/halfmoon.js HTTP/1.1" 404 158 "http://localhost:8000/" "Mozilla/5.0 (Windows NT 10.0; Win64; x64) AppleWebKit/537.36 (KHTML, like Gecko) Chrome/89.0.4389.114 Safari/537.36"
::1 - - [10/Apr/2021:18:07:32 +0000] "GET /user/profile/60522e3b1b700825d035f6bd HTTP/1.1" 200 5233 "http://localhost:8000/" "Mozilla/5.0 (Windows NT 10.0; Win64; x64) AppleWebKit/537.36 (KHTML, like Gecko) Chrome/89.0.4389.114 Safari/537.36"
::1 - - [10/Apr/2021:18:07:32 +0000] "GET /css/layout-ccdbc38cb8.css HTTP/1.1" 404 164 "http://localhost:8000/user/profile/60522e3b1b700825d035f6bd" "Mozilla/5.0 (Windows NT 10.0; Win64; x64) AppleWebKit/537.36 (KHTML, like Gecko) Chrome/89.0.4389.114 Safari/537.36"
::1 - - [10/Apr/2021:18:07:32 +0000] "GET /user/profile/path/to/halfmoon.js HTTP/1.1" 404 171 "http://localhost:8000/user/profile/60522e3b1b700825d035f6bd" "Mozilla/5.0 (Windows NT 10.0; Win64; x64) AppleWebKit/537.36 (KHTML, like Gecko) Chrome/89.0.4389.114 Safari/537.36"
::1 - - [10/Apr/2021:18:07:35 +0000] "GET /path/to/halfmoon.js HTTP/1.1" 404 158 "http://localhost:8000/" "Mozilla/5.0 (Windows NT 10.0; Win64; x64) AppleWebKit/537.36 (KHTML, like Gecko) Chrome/89.0.4389.114 Safari/537.36"
::1 - - [10/Apr/2021:18:07:38 +0000] "POST /post/create HTTP/1.1" 200 478 "http://localhost:8000/" "Mozilla/5.0 (Windows NT 10.0; Win64; x64) AppleWebKit/537.36 (KHTML, like Gecko) Chrome/89.0.4389.114 Safari/537.36"
::1 - - [10/Apr/2021:18:07:41 +0000] "GET /user/profile/60522e3b1b700825d035f6bd HTTP/1.1" 200 7167 "http://localhost:8000/" "Mozilla/5.0 (Windows NT 10.0; Win64; x64) AppleWebKit/537.36 (KHTML, like Gecko) Chrome/89.0.4389.114 Safari/537.36"
::1 - - [10/Apr/2021:18:07:41 +0000] "GET /css/layout-ccdbc38cb8.css HTTP/1.1" 404 164 "http://localhost:8000/user/profile/60522e3b1b700825d035f6bd" "Mozilla/5.0 (Windows NT 10.0; Win64; x64) AppleWebKit/537.36 (KHTML, like Gecko) Chrome/89.0.4389.114 Safari/537.36"
::1 - - [10/Apr/2021:18:07:41 +0000] "GET /user/profile/path/to/halfmoon.js HTTP/1.1" 404 171 "http://localhost:8000/user/profile/60522e3b1b700825d035f6bd" "Mozilla/5.0 (Windows NT 10.0; Win64; x64) AppleWebKit/537.36 (KHTML, like Gecko) Chrome/89.0.4389.114 Safari/537.36"
::1 - - [10/Apr/2021:18:07:41 +0000] "GET /user/profile/path/to/halfmoon.js HTTP/1.1" 404 171 "http://localhost:8000/user/profile/60522e3b1b700825d035f6bd" "Mozilla/5.0 (Windows NT 10.0; Win64; x64) AppleWebKit/537.36 (KHTML, like Gecko) Chrome/89.0.4389.114 Safari/537.36"
::1 - - [10/Apr/2021:18:07:50 +0000] "GET / HTTP/1.1" 200 6569 "http://localhost:8000/" "Mozilla/5.0 (Windows NT 10.0; Win64; x64) AppleWebKit/537.36 (KHTML, like Gecko) Chrome/89.0.4389.114 Safari/537.36"
::1 - - [10/Apr/2021:18:07:50 +0000] "GET /css/layout-ccdbc38cb8.css HTTP/1.1" 404 164 "http://localhost:8000/" "Mozilla/5.0 (Windows NT 10.0; Win64; x64) AppleWebKit/537.36 (KHTML, like Gecko) Chrome/89.0.4389.114 Safari/537.36"
::1 - - [10/Apr/2021:18:07:50 +0000] "GET /path/to/halfmoon.js HTTP/1.1" 404 158 "http://localhost:8000/" "Mozilla/5.0 (Windows NT 10.0; Win64; x64) AppleWebKit/537.36 (KHTML, like Gecko) Chrome/89.0.4389.114 Safari/537.36"
::1 - - [10/Apr/2021:18:07:52 +0000] "GET /post/delete/6071e96a6651f692a09987d2 HTTP/1.1" 302 88 "http://localhost:8000/" "Mozilla/5.0 (Windows NT 10.0; Win64; x64) AppleWebKit/537.36 (KHTML, like Gecko) Chrome/89.0.4389.114 Safari/537.36"
::1 - - [10/Apr/2021:18:07:52 +0000] "GET / HTTP/1.1" 200 5838 "http://localhost:8000/" "Mozilla/5.0 (Windows NT 10.0; Win64; x64) AppleWebKit/537.36 (KHTML, like Gecko) Chrome/89.0.4389.114 Safari/537.36"
::1 - - [10/Apr/2021:18:07:52 +0000] "GET /css/layout-ccdbc38cb8.css HTTP/1.1" 404 164 "http://localhost:8000/" "Mozilla/5.0 (Windows NT 10.0; Win64; x64) AppleWebKit/537.36 (KHTML, like Gecko) Chrome/89.0.4389.114 Safari/537.36"
::1 - - [10/Apr/2021:18:07:52 +0000] "GET /path/to/halfmoon.js HTTP/1.1" 404 158 "http://localhost:8000/" "Mozilla/5.0 (Windows NT 10.0; Win64; x64) AppleWebKit/537.36 (KHTML, like Gecko) Chrome/89.0.4389.114 Safari/537.36"
::1 - - [10/Apr/2021:18:07:52 +0000] "GET /path/to/halfmoon.js HTTP/1.1" 404 158 "http://localhost:8000/" "Mozilla/5.0 (Windows NT 10.0; Win64; x64) AppleWebKit/537.36 (KHTML, like Gecko) Chrome/89.0.4389.114 Safari/537.36"
::1 - - [10/Apr/2021:18:07:53 +0000] "GET /user/profile/60522e3b1b700825d035f6bd HTTP/1.1" 200 5233 "http://localhost:8000/" "Mozilla/5.0 (Windows NT 10.0; Win64; x64) AppleWebKit/537.36 (KHTML, like Gecko) Chrome/89.0.4389.114 Safari/537.36"
::1 - - [10/Apr/2021:18:07:54 +0000] "GET /css/layout-ccdbc38cb8.css HTTP/1.1" 404 164 "http://localhost:8000/user/profile/60522e3b1b700825d035f6bd" "Mozilla/5.0 (Windows NT 10.0; Win64; x64) AppleWebKit/537.36 (KHTML, like Gecko) Chrome/89.0.4389.114 Safari/537.36"
::1 - - [10/Apr/2021:18:07:54 +0000] "GET /user/profile/path/to/halfmoon.js HTTP/1.1" 404 171 "http://localhost:8000/user/profile/60522e3b1b700825d035f6bd" "Mozilla/5.0 (Windows NT 10.0; Win64; x64) AppleWebKit/537.36 (KHTML, like Gecko) Chrome/89.0.4389.114 Safari/537.36"
::1 - - [10/Apr/2021:18:08:03 +0000] "GET / HTTP/1.1" 200 5590 "http://localhost:8000/user/profile/60522e3b1b700825d035f6bd" "Mozilla/5.0 (Windows NT 10.0; Win64; x64) AppleWebKit/537.36 (KHTML, like Gecko) Chrome/89.0.4389.114 Safari/537.36"
::1 - - [10/Apr/2021:18:08:03 +0000] "GET /css/layout-ccdbc38cb8.css HTTP/1.1" 404 164 "http://localhost:8000/" "Mozilla/5.0 (Windows NT 10.0; Win64; x64) AppleWebKit/537.36 (KHTML, like Gecko) Chrome/89.0.4389.114 Safari/537.36"
::1 - - [10/Apr/2021:18:08:03 +0000] "GET /path/to/halfmoon.js HTTP/1.1" 404 158 "http://localhost:8000/" "Mozilla/5.0 (Windows NT 10.0; Win64; x64) AppleWebKit/537.36 (KHTML, like Gecko) Chrome/89.0.4389.114 Safari/537.36"
::1 - - [10/Apr/2021:18:08:03 +0000] "GET /path/to/halfmoon.js HTTP/1.1" 404 158 "http://localhost:8000/" "Mozilla/5.0 (Windows NT 10.0; Win64; x64) AppleWebKit/537.36 (KHTML, like Gecko) Chrome/89.0.4389.114 Safari/537.36"
::1 - - [10/Apr/2021:18:08:56 +0000] "GET / HTTP/1.1" 200 5588 "http://localhost:8000/user/profile/60522e3b1b700825d035f6bd" "Mozilla/5.0 (Windows NT 10.0; Win64; x64) AppleWebKit/537.36 (KHTML, like Gecko) Chrome/89.0.4389.114 Safari/537.36"
::1 - - [10/Apr/2021:18:08:56 +0000] "GET /path/to/halfmoon.js HTTP/1.1" 404 158 "http://localhost:8000/" "Mozilla/5.0 (Windows NT 10.0; Win64; x64) AppleWebKit/537.36 (KHTML, like Gecko) Chrome/89.0.4389.114 Safari/537.36"
::1 - - [10/Apr/2021:18:08:56 +0000] "GET /css/layout-ccdbc38cb8.css HTTP/1.1" 404 164 "http://localhost:8000/" "Mozilla/5.0 (Windows NT 10.0; Win64; x64) AppleWebKit/537.36 (KHTML, like Gecko) Chrome/89.0.4389.114 Safari/537.36"
::1 - - [10/Apr/2021:18:08:56 +0000] "GET /path/to/halfmoon.js HTTP/1.1" 404 158 "http://localhost:8000/" "Mozilla/5.0 (Windows NT 10.0; Win64; x64) AppleWebKit/537.36 (KHTML, like Gecko) Chrome/89.0.4389.114 Safari/537.36"
::1 - - [10/Apr/2021:18:09:32 +0000] "GET / HTTP/1.1" 200 5074 "http://localhost:8000/user/profile/60522e3b1b700825d035f6bd" "Mozilla/5.0 (Windows NT 10.0; Win64; x64) AppleWebKit/537.36 (KHTML, like Gecko) Chrome/89.0.4389.114 Safari/537.36"
::1 - - [10/Apr/2021:18:09:32 +0000] "GET /css/layout-ccdbc38cb8.css HTTP/1.1" 404 164 "http://localhost:8000/" "Mozilla/5.0 (Windows NT 10.0; Win64; x64) AppleWebKit/537.36 (KHTML, like Gecko) Chrome/89.0.4389.114 Safari/537.36"
::1 - - [10/Apr/2021:18:09:33 +0000] "GET /path/to/halfmoon.js HTTP/1.1" 404 158 "http://localhost:8000/" "Mozilla/5.0 (Windows NT 10.0; Win64; x64) AppleWebKit/537.36 (KHTML, like Gecko) Chrome/89.0.4389.114 Safari/537.36"
::1 - - [10/Apr/2021:18:09:33 +0000] "GET /path/to/halfmoon.js HTTP/1.1" 404 158 "http://localhost:8000/" "Mozilla/5.0 (Windows NT 10.0; Win64; x64) AppleWebKit/537.36 (KHTML, like Gecko) Chrome/89.0.4389.114 Safari/537.36"
::1 - - [10/Apr/2021:18:10:12 +0000] "GET / HTTP/1.1" 200 5111 "http://localhost:8000/user/profile/60522e3b1b700825d035f6bd" "Mozilla/5.0 (Windows NT 10.0; Win64; x64) AppleWebKit/537.36 (KHTML, like Gecko) Chrome/89.0.4389.114 Safari/537.36"
::1 - - [10/Apr/2021:18:10:12 +0000] "GET /css/layout-ccdbc38cb8.css HTTP/1.1" 404 164 "http://localhost:8000/" "Mozilla/5.0 (Windows NT 10.0; Win64; x64) AppleWebKit/537.36 (KHTML, like Gecko) Chrome/89.0.4389.114 Safari/537.36"
::1 - - [10/Apr/2021:18:10:12 +0000] "GET /path/to/halfmoon.js HTTP/1.1" 404 158 "http://localhost:8000/" "Mozilla/5.0 (Windows NT 10.0; Win64; x64) AppleWebKit/537.36 (KHTML, like Gecko) Chrome/89.0.4389.114 Safari/537.36"
::1 - - [10/Apr/2021:18:10:12 +0000] "GET /css/layout-ccdbc38cb8.css HTTP/1.1" 404 164 "http://localhost:8000/" "Mozilla/5.0 (Windows NT 10.0; Win64; x64) AppleWebKit/537.36 (KHTML, like Gecko) Chrome/89.0.4389.114 Safari/537.36"
::1 - - [10/Apr/2021:18:10:12 +0000] "GET /path/to/halfmoon.js HTTP/1.1" 404 158 "http://localhost:8000/" "Mozilla/5.0 (Windows NT 10.0; Win64; x64) AppleWebKit/537.36 (KHTML, like Gecko) Chrome/89.0.4389.114 Safari/537.36"
::1 - - [10/Apr/2021:18:10:23 +0000] "GET / HTTP/1.1" 200 5113 "http://localhost:8000/user/profile/60522e3b1b700825d035f6bd" "Mozilla/5.0 (Windows NT 10.0; Win64; x64) AppleWebKit/537.36 (KHTML, like Gecko) Chrome/89.0.4389.114 Safari/537.36"
::1 - - [10/Apr/2021:18:10:23 +0000] "GET /css/layout-ccdbc38cb8.css HTTP/1.1" 404 164 "http://localhost:8000/" "Mozilla/5.0 (Windows NT 10.0; Win64; x64) AppleWebKit/537.36 (KHTML, like Gecko) Chrome/89.0.4389.114 Safari/537.36"
::1 - - [10/Apr/2021:18:10:23 +0000] "GET /path/to/halfmoon.js HTTP/1.1" 404 158 "http://localhost:8000/" "Mozilla/5.0 (Windows NT 10.0; Win64; x64) AppleWebKit/537.36 (KHTML, like Gecko) Chrome/89.0.4389.114 Safari/537.36"
::1 - - [10/Apr/2021:18:10:23 +0000] "GET /css/layout-ccdbc38cb8.css HTTP/1.1" 404 164 "http://localhost:8000/" "Mozilla/5.0 (Windows NT 10.0; Win64; x64) AppleWebKit/537.36 (KHTML, like Gecko) Chrome/89.0.4389.114 Safari/537.36"
::1 - - [10/Apr/2021:18:10:23 +0000] "GET /path/to/halfmoon.js HTTP/1.1" 404 158 "http://localhost:8000/" "Mozilla/5.0 (Windows NT 10.0; Win64; x64) AppleWebKit/537.36 (KHTML, like Gecko) Chrome/89.0.4389.114 Safari/537.36"
::1 - - [10/Apr/2021:18:10:32 +0000] "GET / HTTP/1.1" 200 5115 "http://localhost:8000/user/profile/60522e3b1b700825d035f6bd" "Mozilla/5.0 (Windows NT 10.0; Win64; x64) AppleWebKit/537.36 (KHTML, like Gecko) Chrome/89.0.4389.114 Safari/537.36"
::1 - - [10/Apr/2021:18:10:32 +0000] "GET /css/layout-ccdbc38cb8.css HTTP/1.1" 404 164 "http://localhost:8000/" "Mozilla/5.0 (Windows NT 10.0; Win64; x64) AppleWebKit/537.36 (KHTML, like Gecko) Chrome/89.0.4389.114 Safari/537.36"
::1 - - [10/Apr/2021:18:10:32 +0000] "GET /path/to/halfmoon.js HTTP/1.1" 404 158 "http://localhost:8000/" "Mozilla/5.0 (Windows NT 10.0; Win64; x64) AppleWebKit/537.36 (KHTML, like Gecko) Chrome/89.0.4389.114 Safari/537.36"
::1 - - [10/Apr/2021:18:10:32 +0000] "GET /css/layout-ccdbc38cb8.css HTTP/1.1" 404 164 "http://localhost:8000/" "Mozilla/5.0 (Windows NT 10.0; Win64; x64) AppleWebKit/537.36 (KHTML, like Gecko) Chrome/89.0.4389.114 Safari/537.36"
::1 - - [10/Apr/2021:18:10:32 +0000] "GET /path/to/halfmoon.js HTTP/1.1" 404 158 "http://localhost:8000/" "Mozilla/5.0 (Windows NT 10.0; Win64; x64) AppleWebKit/537.36 (KHTML, like Gecko) Chrome/89.0.4389.114 Safari/537.36"
::1 - - [10/Apr/2021:18:10:52 +0000] "GET / HTTP/1.1" 200 5112 "http://localhost:8000/user/profile/60522e3b1b700825d035f6bd" "Mozilla/5.0 (Windows NT 10.0; Win64; x64) AppleWebKit/537.36 (KHTML, like Gecko) Chrome/89.0.4389.114 Safari/537.36"
::1 - - [10/Apr/2021:18:10:52 +0000] "GET /css/layout-ccdbc38cb8.css HTTP/1.1" 404 164 "http://localhost:8000/" "Mozilla/5.0 (Windows NT 10.0; Win64; x64) AppleWebKit/537.36 (KHTML, like Gecko) Chrome/89.0.4389.114 Safari/537.36"
::1 - - [10/Apr/2021:18:10:53 +0000] "GET /path/to/halfmoon.js HTTP/1.1" 404 158 "http://localhost:8000/" "Mozilla/5.0 (Windows NT 10.0; Win64; x64) AppleWebKit/537.36 (KHTML, like Gecko) Chrome/89.0.4389.114 Safari/537.36"
::1 - - [10/Apr/2021:18:10:53 +0000] "GET /css/layout-ccdbc38cb8.css HTTP/1.1" 404 164 "http://localhost:8000/" "Mozilla/5.0 (Windows NT 10.0; Win64; x64) AppleWebKit/537.36 (KHTML, like Gecko) Chrome/89.0.4389.114 Safari/537.36"
::1 - - [10/Apr/2021:18:10:53 +0000] "GET /path/to/halfmoon.js HTTP/1.1" 404 158 "http://localhost:8000/" "Mozilla/5.0 (Windows NT 10.0; Win64; x64) AppleWebKit/537.36 (KHTML, like Gecko) Chrome/89.0.4389.114 Safari/537.36"
::1 - - [10/Apr/2021:18:10:59 +0000] "GET / HTTP/1.1" 200 5111 "http://localhost:8000/user/profile/60522e3b1b700825d035f6bd" "Mozilla/5.0 (Windows NT 10.0; Win64; x64) AppleWebKit/537.36 (KHTML, like Gecko) Chrome/89.0.4389.114 Safari/537.36"
::1 - - [10/Apr/2021:18:10:59 +0000] "GET /css/layout-ccdbc38cb8.css HTTP/1.1" 404 164 "http://localhost:8000/" "Mozilla/5.0 (Windows NT 10.0; Win64; x64) AppleWebKit/537.36 (KHTML, like Gecko) Chrome/89.0.4389.114 Safari/537.36"
::1 - - [10/Apr/2021:18:10:59 +0000] "GET /path/to/halfmoon.js HTTP/1.1" 404 158 "http://localhost:8000/" "Mozilla/5.0 (Windows NT 10.0; Win64; x64) AppleWebKit/537.36 (KHTML, like Gecko) Chrome/89.0.4389.114 Safari/537.36"
::1 - - [10/Apr/2021:18:10:59 +0000] "GET /path/to/halfmoon.js HTTP/1.1" 404 158 "http://localhost:8000/" "Mozilla/5.0 (Windows NT 10.0; Win64; x64) AppleWebKit/537.36 (KHTML, like Gecko) Chrome/89.0.4389.114 Safari/537.36"
