::1 - - [24/Mar/2021:16:11:06 +0000] "GET / HTTP/1.1" 200 3781 "-" "Mozilla/5.0 (Windows NT 10.0; Win64; x64) AppleWebKit/537.36 (KHTML, like Gecko) Chrome/89.0.4389.90 Safari/537.36"
::1 - - [24/Mar/2021:16:11:08 +0000] "GET /favicon.ico HTTP/1.1" 404 150 "http://localhost:8000/" "Mozilla/5.0 (Windows NT 10.0; Win64; x64) AppleWebKit/537.36 (KHTML, like Gecko) Chrome/89.0.4389.90 Safari/537.36"
::1 - - [24/Mar/2021:16:12:13 +0000] "POST /user/create-session HTTP/1.1" 302 46 "http://localhost:8000/" "Mozilla/5.0 (Windows NT 10.0; Win64; x64) AppleWebKit/537.36 (KHTML, like Gecko) Chrome/89.0.4389.90 Safari/537.36"
::1 - - [24/Mar/2021:16:12:13 +0000] "GET / HTTP/1.1" 200 4239 "http://localhost:8000/" "Mozilla/5.0 (Windows NT 10.0; Win64; x64) AppleWebKit/537.36 (KHTML, like Gecko) Chrome/89.0.4389.90 Safari/537.36"
::1 - - [24/Mar/2021:16:13:01 +0000] "GET / HTTP/1.1" 200 3781 "-" "Mozilla/5.0 (Windows NT 10.0; Win64; x64) AppleWebKit/537.36 (KHTML, like Gecko) Chrome/89.0.4389.90 Safari/537.36"
::1 - - [24/Mar/2021:16:13:11 +0000] "POST /user/create-session HTTP/1.1" 302 46 "http://localhost:8000/" "Mozilla/5.0 (Windows NT 10.0; Win64; x64) AppleWebKit/537.36 (KHTML, like Gecko) Chrome/89.0.4389.90 Safari/537.36"
::1 - - [24/Mar/2021:16:13:11 +0000] "GET / HTTP/1.1" 200 4239 "http://localhost:8000/" "Mozilla/5.0 (Windows NT 10.0; Win64; x64) AppleWebKit/537.36 (KHTML, like Gecko) Chrome/89.0.4389.90 Safari/537.36"
::1 - - [24/Mar/2021:16:18:59 +0000] "GET / HTTP/1.1" 200 3914 "http://localhost:8000/" "Mozilla/5.0 (Windows NT 10.0; Win64; x64) AppleWebKit/537.36 (KHTML, like Gecko) Chrome/89.0.4389.90 Safari/537.36"
::1 - - [24/Mar/2021:16:19:01 +0000] "GET / HTTP/1.1" 200 3914 "http://localhost:8000/" "Mozilla/5.0 (Windows NT 10.0; Win64; x64) AppleWebKit/537.36 (KHTML, like Gecko) Chrome/89.0.4389.90 Safari/537.36"
::1 - - [24/Mar/2021:16:22:25 +0000] "GET / HTTP/1.1" 304 - "http://localhost:8000/" "Mozilla/5.0 (Windows NT 10.0; Win64; x64) AppleWebKit/537.36 (KHTML, like Gecko) Chrome/89.0.4389.90 Safari/537.36"
::1 - - [24/Mar/2021:16:22:26 +0000] "GET / HTTP/1.1" 304 - "http://localhost:8000/" "Mozilla/5.0 (Windows NT 10.0; Win64; x64) AppleWebKit/537.36 (KHTML, like Gecko) Chrome/89.0.4389.90 Safari/537.36"
::1 - - [24/Mar/2021:16:25:08 +0000] "GET /user/profile/60522e3b1b700825d035f6bd HTTP/1.1" 200 3060 "http://localhost:8000/" "Mozilla/5.0 (Windows NT 10.0; Win64; x64) AppleWebKit/537.36 (KHTML, like Gecko) Chrome/89.0.4389.90 Safari/537.36"
::1 - - [24/Mar/2021:16:25:35 +0000] "GET / HTTP/1.1" 304 - "http://localhost:8000/user/profile/60522e3b1b700825d035f6bd" "Mozilla/5.0 (Windows NT 10.0; Win64; x64) AppleWebKit/537.36 (KHTML, like Gecko) Chrome/89.0.4389.90 Safari/537.36"
::1 - - [24/Mar/2021:16:26:44 +0000] "POST /post/create HTTP/1.1" 200 421 "http://localhost:8000/" "Mozilla/5.0 (Windows NT 10.0; Win64; x64) AppleWebKit/537.36 (KHTML, like Gecko) Chrome/89.0.4389.90 Safari/537.36"
::1 - - [24/Mar/2021:16:26:44 +0000] "GET /undefined HTTP/1.1" 404 148 "http://localhost:8000/" "Mozilla/5.0 (Windows NT 10.0; Win64; x64) AppleWebKit/537.36 (KHTML, like Gecko) Chrome/89.0.4389.90 Safari/537.36"
::1 - - [24/Mar/2021:16:26:49 +0000] "POST /comment/create HTTP/1.1" 302 88 "http://localhost:8000/" "Mozilla/5.0 (Windows NT 10.0; Win64; x64) AppleWebKit/537.36 (KHTML, like Gecko) Chrome/89.0.4389.90 Safari/537.36"
::1 - - [24/Mar/2021:16:26:49 +0000] "GET / HTTP/1.1" 200 5188 "http://localhost:8000/" "Mozilla/5.0 (Windows NT 10.0; Win64; x64) AppleWebKit/537.36 (KHTML, like Gecko) Chrome/89.0.4389.90 Safari/537.36"
::1 - - [24/Mar/2021:16:26:52 +0000] "GET / HTTP/1.1" 200 5875 "http://localhost:8000/" "Mozilla/5.0 (Windows NT 10.0; Win64; x64) AppleWebKit/537.36 (KHTML, like Gecko) Chrome/89.0.4389.90 Safari/537.36"
::1 - - [24/Mar/2021:16:27:10 +0000] "GET /post/delete/605b68444522792b187ea841 HTTP/1.1" 302 88 "http://localhost:8000/" "Mozilla/5.0 (Windows NT 10.0; Win64; x64) AppleWebKit/537.36 (KHTML, like Gecko) Chrome/89.0.4389.90 Safari/537.36"
::1 - - [24/Mar/2021:16:27:10 +0000] "GET / HTTP/1.1" 200 4234 "http://localhost:8000/" "Mozilla/5.0 (Windows NT 10.0; Win64; x64) AppleWebKit/537.36 (KHTML, like Gecko) Chrome/89.0.4389.90 Safari/537.36"
::1 - - [24/Mar/2021:16:27:22 +0000] "POST /post/create HTTP/1.1" 200 420 "http://localhost:8000/" "Mozilla/5.0 (Windows NT 10.0; Win64; x64) AppleWebKit/537.36 (KHTML, like Gecko) Chrome/89.0.4389.90 Safari/537.36"
::1 - - [24/Mar/2021:16:27:22 +0000] "GET /undefined HTTP/1.1" 404 148 "http://localhost:8000/" "Mozilla/5.0 (Windows NT 10.0; Win64; x64) AppleWebKit/537.36 (KHTML, like Gecko) Chrome/89.0.4389.90 Safari/537.36"
::1 - - [24/Mar/2021:16:27:26 +0000] "POST /comment/create HTTP/1.1" 302 88 "http://localhost:8000/" "Mozilla/5.0 (Windows NT 10.0; Win64; x64) AppleWebKit/537.36 (KHTML, like Gecko) Chrome/89.0.4389.90 Safari/537.36"
::1 - - [24/Mar/2021:16:27:26 +0000] "GET / HTTP/1.1" 200 6196 "http://localhost:8000/" "Mozilla/5.0 (Windows NT 10.0; Win64; x64) AppleWebKit/537.36 (KHTML, like Gecko) Chrome/89.0.4389.90 Safari/537.36"
::1 - - [24/Mar/2021:16:27:30 +0000] "POST /like/toggle/?id=605b686a4522792b187ea844&type=Post HTTP/1.1" 302 88 "http://localhost:8000/" "Mozilla/5.0 (Windows NT 10.0; Win64; x64) AppleWebKit/537.36 (KHTML, like Gecko) Chrome/89.0.4389.90 Safari/537.36"
::1 - - [24/Mar/2021:16:27:30 +0000] "GET / HTTP/1.1" 200 5874 "http://localhost:8000/" "Mozilla/5.0 (Windows NT 10.0; Win64; x64) AppleWebKit/537.36 (KHTML, like Gecko) Chrome/89.0.4389.90 Safari/537.36"
::1 - - [24/Mar/2021:16:27:31 +0000] "POST /like/toggle/?id=605b686e4522792b187ea845&type=Comment HTTP/1.1" 302 88 "http://localhost:8000/" "Mozilla/5.0 (Windows NT 10.0; Win64; x64) AppleWebKit/537.36 (KHTML, like Gecko) Chrome/89.0.4389.90 Safari/537.36"
::1 - - [24/Mar/2021:16:27:31 +0000] "GET / HTTP/1.1" 200 5874 "http://localhost:8000/" "Mozilla/5.0 (Windows NT 10.0; Win64; x64) AppleWebKit/537.36 (KHTML, like Gecko) Chrome/89.0.4389.90 Safari/537.36"
::1 - - [24/Mar/2021:16:27:33 +0000] "GET /comment/delete/605b686e4522792b187ea845 HTTP/1.1" 302 88 "http://localhost:8000/" "Mozilla/5.0 (Windows NT 10.0; Win64; x64) AppleWebKit/537.36 (KHTML, like Gecko) Chrome/89.0.4389.90 Safari/537.36"
::1 - - [24/Mar/2021:16:27:33 +0000] "GET / HTTP/1.1" 200 5187 "http://localhost:8000/" "Mozilla/5.0 (Windows NT 10.0; Win64; x64) AppleWebKit/537.36 (KHTML, like Gecko) Chrome/89.0.4389.90 Safari/537.36"
::1 - - [24/Mar/2021:16:27:35 +0000] "GET /post/delete/605b686a4522792b187ea844 HTTP/1.1" 302 88 "http://localhost:8000/" "Mozilla/5.0 (Windows NT 10.0; Win64; x64) AppleWebKit/537.36 (KHTML, like Gecko) Chrome/89.0.4389.90 Safari/537.36"
::1 - - [24/Mar/2021:16:27:35 +0000] "GET / HTTP/1.1" 200 4234 "http://localhost:8000/" "Mozilla/5.0 (Windows NT 10.0; Win64; x64) AppleWebKit/537.36 (KHTML, like Gecko) Chrome/89.0.4389.90 Safari/537.36"
::1 - - [24/Mar/2021:16:28:19 +0000] "GET /user/profile/60522e3b1b700825d035f6bd HTTP/1.1" 304 - "http://localhost:8000/" "Mozilla/5.0 (Windows NT 10.0; Win64; x64) AppleWebKit/537.36 (KHTML, like Gecko) Chrome/89.0.4389.90 Safari/537.36"
::1 - - [24/Mar/2021:16:28:24 +0000] "GET / HTTP/1.1" 200 3914 "http://localhost:8000/user/profile/60522e3b1b700825d035f6bd" "Mozilla/5.0 (Windows NT 10.0; Win64; x64) AppleWebKit/537.36 (KHTML, like Gecko) Chrome/89.0.4389.90 Safari/537.36"
::1 - - [24/Mar/2021:16:28:27 +0000] "POST /post/create HTTP/1.1" 200 420 "http://localhost:8000/" "Mozilla/5.0 (Windows NT 10.0; Win64; x64) AppleWebKit/537.36 (KHTML, like Gecko) Chrome/89.0.4389.90 Safari/537.36"
::1 - - [24/Mar/2021:16:28:27 +0000] "GET /undefined HTTP/1.1" 404 148 "http://localhost:8000/" "Mozilla/5.0 (Windows NT 10.0; Win64; x64) AppleWebKit/537.36 (KHTML, like Gecko) Chrome/89.0.4389.90 Safari/537.36"
::1 - - [24/Mar/2021:16:28:31 +0000] "POST /comment/create HTTP/1.1" 302 88 "http://localhost:8000/" "Mozilla/5.0 (Windows NT 10.0; Win64; x64) AppleWebKit/537.36 (KHTML, like Gecko) Chrome/89.0.4389.90 Safari/537.36"
::1 - - [24/Mar/2021:16:28:31 +0000] "GET / HTTP/1.1" 200 6196 "http://localhost:8000/" "Mozilla/5.0 (Windows NT 10.0; Win64; x64) AppleWebKit/537.36 (KHTML, like Gecko) Chrome/89.0.4389.90 Safari/537.36"
::1 - - [24/Mar/2021:16:28:32 +0000] "POST /like/toggle/?id=605b68af4522792b187ea84c&type=Comment HTTP/1.1" 302 88 "http://localhost:8000/" "Mozilla/5.0 (Windows NT 10.0; Win64; x64) AppleWebKit/537.36 (KHTML, like Gecko) Chrome/89.0.4389.90 Safari/537.36"
::1 - - [24/Mar/2021:16:28:32 +0000] "GET / HTTP/1.1" 200 5874 "http://localhost:8000/" "Mozilla/5.0 (Windows NT 10.0; Win64; x64) AppleWebKit/537.36 (KHTML, like Gecko) Chrome/89.0.4389.90 Safari/537.36"
::1 - - [24/Mar/2021:16:28:38 +0000] "GET /user/profile/60522e3b1b700825d035f6bd HTTP/1.1" 200 4996 "http://localhost:8000/" "Mozilla/5.0 (Windows NT 10.0; Win64; x64) AppleWebKit/537.36 (KHTML, like Gecko) Chrome/89.0.4389.90 Safari/537.36"
::1 - - [24/Mar/2021:16:29:44 +0000] "POST /user/update/60522e3b1b700825d035f6bd HTTP/1.1" 302 162 "http://localhost:8000/user/profile/60522e3b1b700825d035f6bd" "Mozilla/5.0 (Windows NT 10.0; Win64; x64) AppleWebKit/537.36 (KHTML, like Gecko) Chrome/89.0.4389.90 Safari/537.36"
::1 - - [24/Mar/2021:16:29:44 +0000] "GET /user/profile/60522e3b1b700825d035f6bd HTTP/1.1" 200 5482 "http://localhost:8000/user/profile/60522e3b1b700825d035f6bd" "Mozilla/5.0 (Windows NT 10.0; Win64; x64) AppleWebKit/537.36 (KHTML, like Gecko) Chrome/89.0.4389.90 Safari/537.36"
::1 - - [24/Mar/2021:16:29:51 +0000] "POST /user/update/60522e3b1b700825d035f6bd HTTP/1.1" 302 162 "http://localhost:8000/user/profile/60522e3b1b700825d035f6bd" "Mozilla/5.0 (Windows NT 10.0; Win64; x64) AppleWebKit/537.36 (KHTML, like Gecko) Chrome/89.0.4389.90 Safari/537.36"
::1 - - [24/Mar/2021:16:29:51 +0000] "GET /user/profile/60522e3b1b700825d035f6bd HTTP/1.1" 200 5489 "http://localhost:8000/user/profile/60522e3b1b700825d035f6bd" "Mozilla/5.0 (Windows NT 10.0; Win64; x64) AppleWebKit/537.36 (KHTML, like Gecko) Chrome/89.0.4389.90 Safari/537.36"
::1 - - [24/Mar/2021:16:29:57 +0000] "POST /comment/create HTTP/1.1" 302 162 "http://localhost:8000/user/profile/60522e3b1b700825d035f6bd" "Mozilla/5.0 (Windows NT 10.0; Win64; x64) AppleWebKit/537.36 (KHTML, like Gecko) Chrome/89.0.4389.90 Safari/537.36"
::1 - - [24/Mar/2021:16:29:58 +0000] "GET /user/profile/60522e3b1b700825d035f6bd HTTP/1.1" 200 6584 "http://localhost:8000/user/profile/60522e3b1b700825d035f6bd" "Mozilla/5.0 (Windows NT 10.0; Win64; x64) AppleWebKit/537.36 (KHTML, like Gecko) Chrome/89.0.4389.90 Safari/537.36"
::1 - - [24/Mar/2021:16:31:00 +0000] "GET /user/sign-out HTTP/1.1" 302 46 "http://localhost:8000/user/profile/60522e3b1b700825d035f6bd" "Mozilla/5.0 (Windows NT 10.0; Win64; x64) AppleWebKit/537.36 (KHTML, like Gecko) Chrome/89.0.4389.90 Safari/537.36"
::1 - - [24/Mar/2021:16:31:00 +0000] "GET / HTTP/1.1" 200 4107 "http://localhost:8000/user/profile/60522e3b1b700825d035f6bd" "Mozilla/5.0 (Windows NT 10.0; Win64; x64) AppleWebKit/537.36 (KHTML, like Gecko) Chrome/89.0.4389.90 Safari/537.36"
::1 - - [24/Mar/2021:16:31:23 +0000] "POST /user/create HTTP/1.1" 302 70 "http://localhost:8000/" "Mozilla/5.0 (Windows NT 10.0; Win64; x64) AppleWebKit/537.36 (KHTML, like Gecko) Chrome/89.0.4389.90 Safari/537.36"
::1 - - [24/Mar/2021:16:31:23 +0000] "GET /user/sign-in HTTP/1.1" 404 151 "http://localhost:8000/" "Mozilla/5.0 (Windows NT 10.0; Win64; x64) AppleWebKit/537.36 (KHTML, like Gecko) Chrome/89.0.4389.90 Safari/537.36"
::1 - - [24/Mar/2021:16:31:36 +0000] "POST /user/create HTTP/1.1" 302 88 "http://localhost:8000/" "Mozilla/5.0 (Windows NT 10.0; Win64; x64) AppleWebKit/537.36 (KHTML, like Gecko) Chrome/89.0.4389.90 Safari/537.36"
::1 - - [24/Mar/2021:16:31:36 +0000] "GET / HTTP/1.1" 200 3781 "http://localhost:8000/" "Mozilla/5.0 (Windows NT 10.0; Win64; x64) AppleWebKit/537.36 (KHTML, like Gecko) Chrome/89.0.4389.90 Safari/537.36"
::1 - - [24/Mar/2021:16:31:53 +0000] "POST /user/create HTTP/1.1" 302 88 "http://localhost:8000/" "Mozilla/5.0 (Windows NT 10.0; Win64; x64) AppleWebKit/537.36 (KHTML, like Gecko) Chrome/89.0.4389.90 Safari/537.36"
::1 - - [24/Mar/2021:16:31:53 +0000] "GET / HTTP/1.1" 304 - "http://localhost:8000/" "Mozilla/5.0 (Windows NT 10.0; Win64; x64) AppleWebKit/537.36 (KHTML, like Gecko) Chrome/89.0.4389.90 Safari/537.36"
::1 - - [24/Mar/2021:16:32:23 +0000] "POST /user/create-session HTTP/1.1" 302 46 "http://localhost:8000/" "Mozilla/5.0 (Windows NT 10.0; Win64; x64) AppleWebKit/537.36 (KHTML, like Gecko) Chrome/89.0.4389.90 Safari/537.36"
::1 - - [24/Mar/2021:16:32:23 +0000] "GET / HTTP/1.1" 200 7012 "http://localhost:8000/" "Mozilla/5.0 (Windows NT 10.0; Win64; x64) AppleWebKit/537.36 (KHTML, like Gecko) Chrome/89.0.4389.90 Safari/537.36"
::1 - - [24/Mar/2021:16:32:29 +0000] "GET /user/sign-out HTTP/1.1" 302 46 "http://localhost:8000/" "Mozilla/5.0 (Windows NT 10.0; Win64; x64) AppleWebKit/537.36 (KHTML, like Gecko) Chrome/89.0.4389.90 Safari/537.36"
::1 - - [24/Mar/2021:16:32:29 +0000] "GET / HTTP/1.1" 200 4107 "http://localhost:8000/" "Mozilla/5.0 (Windows NT 10.0; Win64; x64) AppleWebKit/537.36 (KHTML, like Gecko) Chrome/89.0.4389.90 Safari/537.36"
::1 - - [24/Mar/2021:16:32:30 +0000] "GET /user/auth/google HTTP/1.1" 302 0 "http://localhost:8000/" "Mozilla/5.0 (Windows NT 10.0; Win64; x64) AppleWebKit/537.36 (KHTML, like Gecko) Chrome/89.0.4389.90 Safari/537.36"
::1 - - [24/Mar/2021:16:32:52 +0000] "POST /user/create HTTP/1.1" 302 70 "http://localhost:8000/" "Mozilla/5.0 (Windows NT 10.0; Win64; x64) AppleWebKit/537.36 (KHTML, like Gecko) Chrome/89.0.4389.90 Safari/537.36"
::1 - - [24/Mar/2021:16:32:52 +0000] "GET /user/sign-in HTTP/1.1" 404 151 "http://localhost:8000/" "Mozilla/5.0 (Windows NT 10.0; Win64; x64) AppleWebKit/537.36 (KHTML, like Gecko) Chrome/89.0.4389.90 Safari/537.36"
::1 - - [24/Mar/2021:16:32:57 +0000] "GET /user/sign-in HTTP/1.1" 404 151 "http://localhost:8000/" "Mozilla/5.0 (Windows NT 10.0; Win64; x64) AppleWebKit/537.36 (KHTML, like Gecko) Chrome/89.0.4389.90 Safari/537.36"
::1 - - [24/Mar/2021:16:32:58 +0000] "GET /user/sign-in HTTP/1.1" 404 151 "http://localhost:8000/" "Mozilla/5.0 (Windows NT 10.0; Win64; x64) AppleWebKit/537.36 (KHTML, like Gecko) Chrome/89.0.4389.90 Safari/537.36"
::1 - - [24/Mar/2021:16:33:04 +0000] "POST /user/create HTTP/1.1" 302 88 "http://localhost:8000/" "Mozilla/5.0 (Windows NT 10.0; Win64; x64) AppleWebKit/537.36 (KHTML, like Gecko) Chrome/89.0.4389.90 Safari/537.36"
::1 - - [24/Mar/2021:16:33:04 +0000] "GET / HTTP/1.1" 200 3781 "http://localhost:8000/" "Mozilla/5.0 (Windows NT 10.0; Win64; x64) AppleWebKit/537.36 (KHTML, like Gecko) Chrome/89.0.4389.90 Safari/537.36"
::1 - - [24/Mar/2021:16:33:31 +0000] "POST /user/create HTTP/1.1" 302 70 "http://localhost:8000/" "Mozilla/5.0 (Windows NT 10.0; Win64; x64) AppleWebKit/537.36 (KHTML, like Gecko) Chrome/89.0.4389.90 Safari/537.36"
::1 - - [24/Mar/2021:16:33:31 +0000] "GET /user/sign-in HTTP/1.1" 404 151 "http://localhost:8000/" "Mozilla/5.0 (Windows NT 10.0; Win64; x64) AppleWebKit/537.36 (KHTML, like Gecko) Chrome/89.0.4389.90 Safari/537.36"
::1 - - [24/Mar/2021:16:34:43 +0000] "POST /user/create HTTP/1.1" 302 88 "http://localhost:8000/" "Mozilla/5.0 (Windows NT 10.0; Win64; x64) AppleWebKit/537.36 (KHTML, like Gecko) Chrome/89.0.4389.90 Safari/537.36"
::1 - - [24/Mar/2021:16:34:43 +0000] "GET / HTTP/1.1" 304 - "http://localhost:8000/" "Mozilla/5.0 (Windows NT 10.0; Win64; x64) AppleWebKit/537.36 (KHTML, like Gecko) Chrome/89.0.4389.90 Safari/537.36"
::1 - - [24/Mar/2021:16:38:27 +0000] "GET / HTTP/1.1" 200 3779 "http://localhost:8000/" "Mozilla/5.0 (Windows NT 10.0; Win64; x64) AppleWebKit/537.36 (KHTML, like Gecko) Chrome/89.0.4389.90 Safari/537.36"
::1 - - [24/Mar/2021:16:38:41 +0000] "GET / HTTP/1.1" 200 3780 "http://localhost:8000/" "Mozilla/5.0 (Windows NT 10.0; Win64; x64) AppleWebKit/537.36 (KHTML, like Gecko) Chrome/89.0.4389.90 Safari/537.36"
::1 - - [24/Mar/2021:16:38:57 +0000] "POST /user/create HTTP/1.1" 302 88 "http://localhost:8000/" "Mozilla/5.0 (Windows NT 10.0; Win64; x64) AppleWebKit/537.36 (KHTML, like Gecko) Chrome/89.0.4389.90 Safari/537.36"
::1 - - [24/Mar/2021:16:38:57 +0000] "GET / HTTP/1.1" 304 - "http://localhost:8000/" "Mozilla/5.0 (Windows NT 10.0; Win64; x64) AppleWebKit/537.36 (KHTML, like Gecko) Chrome/89.0.4389.90 Safari/537.36"
::1 - - [24/Mar/2021:16:40:43 +0000] "POST /user/create HTTP/1.1" 302 70 "http://localhost:8000/" "Mozilla/5.0 (Windows NT 10.0; Win64; x64) AppleWebKit/537.36 (KHTML, like Gecko) Chrome/89.0.4389.90 Safari/537.36"
::1 - - [24/Mar/2021:16:40:43 +0000] "GET /user/sign-in HTTP/1.1" 404 151 "http://localhost:8000/" "Mozilla/5.0 (Windows NT 10.0; Win64; x64) AppleWebKit/537.36 (KHTML, like Gecko) Chrome/89.0.4389.90 Safari/537.36"
::1 - - [24/Mar/2021:16:43:29 +0000] "GET / HTTP/1.1" 304 - "http://localhost:8000/" "Mozilla/5.0 (Windows NT 10.0; Win64; x64) AppleWebKit/537.36 (KHTML, like Gecko) Chrome/89.0.4389.90 Safari/537.36"
::1 - - [24/Mar/2021:16:43:42 +0000] "POST /user/create HTTP/1.1" 302 70 "http://localhost:8000/" "Mozilla/5.0 (Windows NT 10.0; Win64; x64) AppleWebKit/537.36 (KHTML, like Gecko) Chrome/89.0.4389.90 Safari/537.36"
::1 - - [24/Mar/2021:16:43:42 +0000] "GET /user/sign-in HTTP/1.1" 404 151 "http://localhost:8000/" "Mozilla/5.0 (Windows NT 10.0; Win64; x64) AppleWebKit/537.36 (KHTML, like Gecko) Chrome/89.0.4389.90 Safari/537.36"
::1 - - [24/Mar/2021:16:45:41 +0000] "GET / HTTP/1.1" 304 - "-" "Mozilla/5.0 (Windows NT 10.0; Win64; x64) AppleWebKit/537.36 (KHTML, like Gecko) Chrome/89.0.4389.90 Safari/537.36"
::1 - - [24/Mar/2021:16:45:54 +0000] "POST /user/create HTTP/1.1" 302 88 "http://localhost:8000/" "Mozilla/5.0 (Windows NT 10.0; Win64; x64) AppleWebKit/537.36 (KHTML, like Gecko) Chrome/89.0.4389.90 Safari/537.36"
::1 - - [24/Mar/2021:16:45:54 +0000] "GET / HTTP/1.1" 304 - "http://localhost:8000/" "Mozilla/5.0 (Windows NT 10.0; Win64; x64) AppleWebKit/537.36 (KHTML, like Gecko) Chrome/89.0.4389.90 Safari/537.36"
::1 - - [24/Mar/2021:16:46:00 +0000] "POST /user/create-session HTTP/1.1" 302 70 "http://localhost:8000/" "Mozilla/5.0 (Windows NT 10.0; Win64; x64) AppleWebKit/537.36 (KHTML, like Gecko) Chrome/89.0.4389.90 Safari/537.36"
::1 - - [24/Mar/2021:16:46:00 +0000] "GET /user/sign-in HTTP/1.1" 404 151 "http://localhost:8000/" "Mozilla/5.0 (Windows NT 10.0; Win64; x64) AppleWebKit/537.36 (KHTML, like Gecko) Chrome/89.0.4389.90 Safari/537.36"
::1 - - [24/Mar/2021:16:47:15 +0000] "GET / HTTP/1.1" 304 - "-" "Mozilla/5.0 (Windows NT 10.0; Win64; x64) AppleWebKit/537.36 (KHTML, like Gecko) Chrome/89.0.4389.90 Safari/537.36"
::1 - - [24/Mar/2021:16:47:29 +0000] "POST /user/create HTTP/1.1" 302 46 "http://localhost:8000/" "Mozilla/5.0 (Windows NT 10.0; Win64; x64) AppleWebKit/537.36 (KHTML, like Gecko) Chrome/89.0.4389.90 Safari/537.36"
::1 - - [24/Mar/2021:16:47:29 +0000] "GET / HTTP/1.1" 304 - "http://localhost:8000/" "Mozilla/5.0 (Windows NT 10.0; Win64; x64) AppleWebKit/537.36 (KHTML, like Gecko) Chrome/89.0.4389.90 Safari/537.36"
::1 - - [24/Mar/2021:16:47:35 +0000] "POST /user/create-session HTTP/1.1" 302 46 "http://localhost:8000/" "Mozilla/5.0 (Windows NT 10.0; Win64; x64) AppleWebKit/537.36 (KHTML, like Gecko) Chrome/89.0.4389.90 Safari/537.36"
::1 - - [24/Mar/2021:16:47:35 +0000] "GET / HTTP/1.1" 200 7011 "http://localhost:8000/" "Mozilla/5.0 (Windows NT 10.0; Win64; x64) AppleWebKit/537.36 (KHTML, like Gecko) Chrome/89.0.4389.90 Safari/537.36"
::1 - - [24/Mar/2021:16:47:42 +0000] "GET /user/sign-out HTTP/1.1" 302 46 "http://localhost:8000/" "Mozilla/5.0 (Windows NT 10.0; Win64; x64) AppleWebKit/537.36 (KHTML, like Gecko) Chrome/89.0.4389.90 Safari/537.36"
::1 - - [24/Mar/2021:16:47:42 +0000] "GET / HTTP/1.1" 200 4106 "http://localhost:8000/" "Mozilla/5.0 (Windows NT 10.0; Win64; x64) AppleWebKit/537.36 (KHTML, like Gecko) Chrome/89.0.4389.90 Safari/537.36"
::1 - - [24/Mar/2021:16:56:58 +0000] "GET / HTTP/1.1" 200 3780 "http://localhost:8000/" "Mozilla/5.0 (Windows NT 10.0; Win64; x64) AppleWebKit/537.36 (KHTML, like Gecko) Chrome/89.0.4389.90 Safari/537.36"
::1 - - [24/Mar/2021:16:57:12 +0000] "POST /user/create HTTP/1.1" 302 46 "http://localhost:8000/" "Mozilla/5.0 (Windows NT 10.0; Win64; x64) AppleWebKit/537.36 (KHTML, like Gecko) Chrome/89.0.4389.90 Safari/537.36"
::1 - - [24/Mar/2021:16:57:12 +0000] "GET / HTTP/1.1" 200 4117 "http://localhost:8000/" "Mozilla/5.0 (Windows NT 10.0; Win64; x64) AppleWebKit/537.36 (KHTML, like Gecko) Chrome/89.0.4389.90 Safari/537.36"
::1 - - [24/Mar/2021:16:57:39 +0000] "POST /user/create-session HTTP/1.1" 302 46 "http://localhost:8000/" "Mozilla/5.0 (Windows NT 10.0; Win64; x64) AppleWebKit/537.36 (KHTML, like Gecko) Chrome/89.0.4389.90 Safari/537.36"
::1 - - [24/Mar/2021:16:57:39 +0000] "GET / HTTP/1.1" 200 7421 "http://localhost:8000/" "Mozilla/5.0 (Windows NT 10.0; Win64; x64) AppleWebKit/537.36 (KHTML, like Gecko) Chrome/89.0.4389.90 Safari/537.36"
::1 - - [24/Mar/2021:16:58:04 +0000] "GET /user/sign-out HTTP/1.1" 302 46 "http://localhost:8000/" "Mozilla/5.0 (Windows NT 10.0; Win64; x64) AppleWebKit/537.36 (KHTML, like Gecko) Chrome/89.0.4389.90 Safari/537.36"
::1 - - [24/Mar/2021:16:58:04 +0000] "GET / HTTP/1.1" 200 4106 "http://localhost:8000/" "Mozilla/5.0 (Windows NT 10.0; Win64; x64) AppleWebKit/537.36 (KHTML, like Gecko) Chrome/89.0.4389.90 Safari/537.36"
::1 - - [24/Mar/2021:16:59:08 +0000] "POST /user/create HTTP/1.1" 302 46 "http://localhost:8000/" "Mozilla/5.0 (Windows NT 10.0; Win64; x64) AppleWebKit/537.36 (KHTML, like Gecko) Chrome/89.0.4389.90 Safari/537.36"
::1 - - [24/Mar/2021:16:59:08 +0000] "GET / HTTP/1.1" 200 4117 "http://localhost:8000/" "Mozilla/5.0 (Windows NT 10.0; Win64; x64) AppleWebKit/537.36 (KHTML, like Gecko) Chrome/89.0.4389.90 Safari/537.36"
::1 - - [24/Mar/2021:16:59:15 +0000] "POST /user/create-session HTTP/1.1" 302 46 "http://localhost:8000/" "Mozilla/5.0 (Windows NT 10.0; Win64; x64) AppleWebKit/537.36 (KHTML, like Gecko) Chrome/89.0.4389.90 Safari/537.36"
::1 - - [24/Mar/2021:16:59:15 +0000] "GET / HTTP/1.1" 200 7038 "http://localhost:8000/" "Mozilla/5.0 (Windows NT 10.0; Win64; x64) AppleWebKit/537.36 (KHTML, like Gecko) Chrome/89.0.4389.90 Safari/537.36"
::1 - - [24/Mar/2021:16:59:23 +0000] "GET /user/sign-out HTTP/1.1" 302 46 "http://localhost:8000/" "Mozilla/5.0 (Windows NT 10.0; Win64; x64) AppleWebKit/537.36 (KHTML, like Gecko) Chrome/89.0.4389.90 Safari/537.36"
::1 - - [24/Mar/2021:16:59:23 +0000] "GET / HTTP/1.1" 200 4106 "http://localhost:8000/" "Mozilla/5.0 (Windows NT 10.0; Win64; x64) AppleWebKit/537.36 (KHTML, like Gecko) Chrome/89.0.4389.90 Safari/537.36"
::1 - - [24/Mar/2021:17:00:12 +0000] "POST /user/create HTTP/1.1" 302 46 "http://localhost:8000/" "Mozilla/5.0 (Windows NT 10.0; Win64; x64) AppleWebKit/537.36 (KHTML, like Gecko) Chrome/89.0.4389.90 Safari/537.36"
::1 - - [24/Mar/2021:17:00:12 +0000] "GET / HTTP/1.1" 200 4117 "http://localhost:8000/" "Mozilla/5.0 (Windows NT 10.0; Win64; x64) AppleWebKit/537.36 (KHTML, like Gecko) Chrome/89.0.4389.90 Safari/537.36"
::1 - - [24/Mar/2021:17:00:18 +0000] "POST /user/create-session HTTP/1.1" 302 46 "http://localhost:8000/" "Mozilla/5.0 (Windows NT 10.0; Win64; x64) AppleWebKit/537.36 (KHTML, like Gecko) Chrome/89.0.4389.90 Safari/537.36"
::1 - - [24/Mar/2021:17:00:18 +0000] "GET / HTTP/1.1" 200 7038 "http://localhost:8000/" "Mozilla/5.0 (Windows NT 10.0; Win64; x64) AppleWebKit/537.36 (KHTML, like Gecko) Chrome/89.0.4389.90 Safari/537.36"
::1 - - [09/Apr/2021:12:21:44 +0000] "GET / HTTP/1.1" 200 11343 "-" "Mozilla/5.0 (Windows NT 10.0; Win64; x64) AppleWebKit/537.36 (KHTML, like Gecko) Chrome/89.0.4389.114 Safari/537.36"
::1 - - [09/Apr/2021:12:21:44 +0000] "GET /path/to/halfmoon.js HTTP/1.1" 404 158 "http://localhost:8000/" "Mozilla/5.0 (Windows NT 10.0; Win64; x64) AppleWebKit/537.36 (KHTML, like Gecko) Chrome/89.0.4389.114 Safari/537.36"
::1 - - [09/Apr/2021:12:21:45 +0000] "GET /path/to/halfmoon.js HTTP/1.1" 404 158 "http://localhost:8000/" "Mozilla/5.0 (Windows NT 10.0; Win64; x64) AppleWebKit/537.36 (KHTML, like Gecko) Chrome/89.0.4389.114 Safari/537.36"
::1 - - [09/Apr/2021:12:21:45 +0000] "GET /favicon.ico HTTP/1.1" 404 150 "http://localhost:8000/" "Mozilla/5.0 (Windows NT 10.0; Win64; x64) AppleWebKit/537.36 (KHTML, like Gecko) Chrome/89.0.4389.114 Safari/537.36"
::1 - - [09/Apr/2021:12:29:55 +0000] "GET / HTTP/1.1" 304 - "-" "Mozilla/5.0 (Windows NT 10.0; Win64; x64) AppleWebKit/537.36 (KHTML, like Gecko) Chrome/89.0.4389.114 Safari/537.36"
::1 - - [09/Apr/2021:12:29:55 +0000] "GET /path/to/halfmoon.js HTTP/1.1" 404 158 "http://localhost:8000/" "Mozilla/5.0 (Windows NT 10.0; Win64; x64) AppleWebKit/537.36 (KHTML, like Gecko) Chrome/89.0.4389.114 Safari/537.36"
::1 - - [09/Apr/2021:12:29:55 +0000] "GET /path/to/halfmoon.js HTTP/1.1" 404 158 "http://localhost:8000/" "Mozilla/5.0 (Windows NT 10.0; Win64; x64) AppleWebKit/537.36 (KHTML, like Gecko) Chrome/89.0.4389.114 Safari/537.36"
::1 - - [09/Apr/2021:12:30:21 +0000] "POST /user/create-session HTTP/1.1" 302 46 "http://localhost:8000/" "Mozilla/5.0 (Windows NT 10.0; Win64; x64) AppleWebKit/537.36 (KHTML, like Gecko) Chrome/89.0.4389.114 Safari/537.36"
::1 - - [09/Apr/2021:12:30:22 +0000] "GET / HTTP/1.1" 500 1888 "http://localhost:8000/" "Mozilla/5.0 (Windows NT 10.0; Win64; x64) AppleWebKit/537.36 (KHTML, like Gecko) Chrome/89.0.4389.114 Safari/537.36"
::1 - - [09/Apr/2021:12:39:39 +0000] "GET / HTTP/1.1" 200 16516 "http://localhost:8000/" "Mozilla/5.0 (Windows NT 10.0; Win64; x64) AppleWebKit/537.36 (KHTML, like Gecko) Chrome/89.0.4389.114 Safari/537.36"
::1 - - [09/Apr/2021:12:39:39 +0000] "GET /path/to/halfmoon.js HTTP/1.1" 404 158 "http://localhost:8000/" "Mozilla/5.0 (Windows NT 10.0; Win64; x64) AppleWebKit/537.36 (KHTML, like Gecko) Chrome/89.0.4389.114 Safari/537.36"
::1 - - [09/Apr/2021:12:39:39 +0000] "GET /path/to/halfmoon.js HTTP/1.1" 404 158 "http://localhost:8000/" "Mozilla/5.0 (Windows NT 10.0; Win64; x64) AppleWebKit/537.36 (KHTML, like Gecko) Chrome/89.0.4389.114 Safari/537.36"
::1 - - [09/Apr/2021:12:39:57 +0000] "GET /comment/delete/605b69054522792b187ea850 HTTP/1.1" 302 88 "http://localhost:8000/" "Mozilla/5.0 (Windows NT 10.0; Win64; x64) AppleWebKit/537.36 (KHTML, like Gecko) Chrome/89.0.4389.114 Safari/537.36"
::1 - - [09/Apr/2021:12:39:57 +0000] "GET / HTTP/1.1" 200 14898 "http://localhost:8000/" "Mozilla/5.0 (Windows NT 10.0; Win64; x64) AppleWebKit/537.36 (KHTML, like Gecko) Chrome/89.0.4389.114 Safari/537.36"
::1 - - [09/Apr/2021:12:39:57 +0000] "GET /path/to/halfmoon.js HTTP/1.1" 404 158 "http://localhost:8000/" "Mozilla/5.0 (Windows NT 10.0; Win64; x64) AppleWebKit/537.36 (KHTML, like Gecko) Chrome/89.0.4389.114 Safari/537.36"
::1 - - [09/Apr/2021:12:39:57 +0000] "GET /path/to/halfmoon.js HTTP/1.1" 404 158 "http://localhost:8000/" "Mozilla/5.0 (Windows NT 10.0; Win64; x64) AppleWebKit/537.36 (KHTML, like Gecko) Chrome/89.0.4389.114 Safari/537.36"
::1 - - [09/Apr/2021:12:39:59 +0000] "GET /comment/delete/605b68af4522792b187ea84c HTTP/1.1" 302 88 "http://localhost:8000/" "Mozilla/5.0 (Windows NT 10.0; Win64; x64) AppleWebKit/537.36 (KHTML, like Gecko) Chrome/89.0.4389.114 Safari/537.36"
::1 - - [09/Apr/2021:12:39:59 +0000] "GET / HTTP/1.1" 200 12712 "http://localhost:8000/" "Mozilla/5.0 (Windows NT 10.0; Win64; x64) AppleWebKit/537.36 (KHTML, like Gecko) Chrome/89.0.4389.114 Safari/537.36"
::1 - - [09/Apr/2021:12:39:59 +0000] "GET /path/to/halfmoon.js HTTP/1.1" 404 158 "http://localhost:8000/" "Mozilla/5.0 (Windows NT 10.0; Win64; x64) AppleWebKit/537.36 (KHTML, like Gecko) Chrome/89.0.4389.114 Safari/537.36"
::1 - - [09/Apr/2021:12:40:00 +0000] "GET /path/to/halfmoon.js HTTP/1.1" 404 158 "http://localhost:8000/" "Mozilla/5.0 (Windows NT 10.0; Win64; x64) AppleWebKit/537.36 (KHTML, like Gecko) Chrome/89.0.4389.114 Safari/537.36"
::1 - - [09/Apr/2021:12:40:02 +0000] "GET /post/delete/605b68ab4522792b187ea84b HTTP/1.1" 302 88 "http://localhost:8000/" "Mozilla/5.0 (Windows NT 10.0; Win64; x64) AppleWebKit/537.36 (KHTML, like Gecko) Chrome/89.0.4389.114 Safari/537.36"
::1 - - [09/Apr/2021:12:40:02 +0000] "GET / HTTP/1.1" 200 10714 "http://localhost:8000/" "Mozilla/5.0 (Windows NT 10.0; Win64; x64) AppleWebKit/537.36 (KHTML, like Gecko) Chrome/89.0.4389.114 Safari/537.36"
::1 - - [09/Apr/2021:12:40:02 +0000] "GET /path/to/halfmoon.js HTTP/1.1" 404 158 "http://localhost:8000/" "Mozilla/5.0 (Windows NT 10.0; Win64; x64) AppleWebKit/537.36 (KHTML, like Gecko) Chrome/89.0.4389.114 Safari/537.36"
::1 - - [09/Apr/2021:12:40:02 +0000] "GET /path/to/halfmoon.js HTTP/1.1" 404 158 "http://localhost:8000/" "Mozilla/5.0 (Windows NT 10.0; Win64; x64) AppleWebKit/537.36 (KHTML, like Gecko) Chrome/89.0.4389.114 Safari/537.36"
::1 - - [09/Apr/2021:12:40:26 +0000] "GET /? HTTP/1.1" 200 10146 "http://localhost:8000/" "Mozilla/5.0 (Windows NT 10.0; Win64; x64) AppleWebKit/537.36 (KHTML, like Gecko) Chrome/89.0.4389.114 Safari/537.36"
::1 - - [09/Apr/2021:12:40:26 +0000] "GET /path/to/halfmoon.js HTTP/1.1" 404 158 "http://localhost:8000/?" "Mozilla/5.0 (Windows NT 10.0; Win64; x64) AppleWebKit/537.36 (KHTML, like Gecko) Chrome/89.0.4389.114 Safari/537.36"
::1 - - [09/Apr/2021:12:40:27 +0000] "GET /path/to/halfmoon.js HTTP/1.1" 404 158 "http://localhost:8000/?" "Mozilla/5.0 (Windows NT 10.0; Win64; x64) AppleWebKit/537.36 (KHTML, like Gecko) Chrome/89.0.4389.114 Safari/537.36"
::1 - - [09/Apr/2021:12:40:31 +0000] "GET /? HTTP/1.1" 304 - "http://localhost:8000/" "Mozilla/5.0 (Windows NT 10.0; Win64; x64) AppleWebKit/537.36 (KHTML, like Gecko) Chrome/89.0.4389.114 Safari/537.36"
::1 - - [09/Apr/2021:12:40:31 +0000] "GET /path/to/halfmoon.js HTTP/1.1" 404 158 "http://localhost:8000/?" "Mozilla/5.0 (Windows NT 10.0; Win64; x64) AppleWebKit/537.36 (KHTML, like Gecko) Chrome/89.0.4389.114 Safari/537.36"
::1 - - [09/Apr/2021:12:40:32 +0000] "GET /path/to/halfmoon.js HTTP/1.1" 404 158 "http://localhost:8000/?" "Mozilla/5.0 (Windows NT 10.0; Win64; x64) AppleWebKit/537.36 (KHTML, like Gecko) Chrome/89.0.4389.114 Safari/537.36"
::1 - - [09/Apr/2021:12:41:32 +0000] "GET /? HTTP/1.1" 200 5501 "http://localhost:8000/" "Mozilla/5.0 (Windows NT 10.0; Win64; x64) AppleWebKit/537.36 (KHTML, like Gecko) Chrome/89.0.4389.114 Safari/537.36"
::1 - - [09/Apr/2021:12:41:32 +0000] "GET /path/to/halfmoon.js HTTP/1.1" 404 158 "http://localhost:8000/?" "Mozilla/5.0 (Windows NT 10.0; Win64; x64) AppleWebKit/537.36 (KHTML, like Gecko) Chrome/89.0.4389.114 Safari/537.36"
::1 - - [09/Apr/2021:12:41:33 +0000] "GET /path/to/halfmoon.js HTTP/1.1" 404 158 "http://localhost:8000/?" "Mozilla/5.0 (Windows NT 10.0; Win64; x64) AppleWebKit/537.36 (KHTML, like Gecko) Chrome/89.0.4389.114 Safari/537.36"
::1 - - [09/Apr/2021:12:41:33 +0000] "GET /path/to/fav.png HTTP/1.1" 404 154 "http://localhost:8000/?" "Mozilla/5.0 (Windows NT 10.0; Win64; x64) AppleWebKit/537.36 (KHTML, like Gecko) Chrome/89.0.4389.114 Safari/537.36"
::1 - - [09/Apr/2021:12:41:38 +0000] "POST /post/create HTTP/1.1" 200 478 "http://localhost:8000/?" "Mozilla/5.0 (Windows NT 10.0; Win64; x64) AppleWebKit/537.36 (KHTML, like Gecko) Chrome/89.0.4389.114 Safari/537.36"
::1 - - [09/Apr/2021:12:41:43 +0000] "POST /post/create HTTP/1.1" 200 478 "http://localhost:8000/?" "Mozilla/5.0 (Windows NT 10.0; Win64; x64) AppleWebKit/537.36 (KHTML, like Gecko) Chrome/89.0.4389.114 Safari/537.36"
::1 - - [09/Apr/2021:12:41:46 +0000] "POST /comment/create HTTP/1.1" 302 90 "http://localhost:8000/?" "Mozilla/5.0 (Windows NT 10.0; Win64; x64) AppleWebKit/537.36 (KHTML, like Gecko) Chrome/89.0.4389.114 Safari/537.36"
::1 - - [09/Apr/2021:12:41:46 +0000] "GET /? HTTP/1.1" 200 7747 "http://localhost:8000/?" "Mozilla/5.0 (Windows NT 10.0; Win64; x64) AppleWebKit/537.36 (KHTML, like Gecko) Chrome/89.0.4389.114 Safari/537.36"
::1 - - [09/Apr/2021:12:41:46 +0000] "GET /path/to/halfmoon.js HTTP/1.1" 404 158 "http://localhost:8000/?" "Mozilla/5.0 (Windows NT 10.0; Win64; x64) AppleWebKit/537.36 (KHTML, like Gecko) Chrome/89.0.4389.114 Safari/537.36"
::1 - - [09/Apr/2021:12:41:46 +0000] "GET /path/to/halfmoon.js HTTP/1.1" 404 158 "http://localhost:8000/?" "Mozilla/5.0 (Windows NT 10.0; Win64; x64) AppleWebKit/537.36 (KHTML, like Gecko) Chrome/89.0.4389.114 Safari/537.36"
::1 - - [09/Apr/2021:12:41:48 +0000] "GET /? HTTP/1.1" 200 8586 "http://localhost:8000/?" "Mozilla/5.0 (Windows NT 10.0; Win64; x64) AppleWebKit/537.36 (KHTML, like Gecko) Chrome/89.0.4389.114 Safari/537.36"
::1 - - [09/Apr/2021:12:41:48 +0000] "GET /path/to/halfmoon.js HTTP/1.1" 404 158 "http://localhost:8000/?" "Mozilla/5.0 (Windows NT 10.0; Win64; x64) AppleWebKit/537.36 (KHTML, like Gecko) Chrome/89.0.4389.114 Safari/537.36"
::1 - - [09/Apr/2021:12:41:48 +0000] "GET /path/to/halfmoon.js HTTP/1.1" 404 158 "http://localhost:8000/?" "Mozilla/5.0 (Windows NT 10.0; Win64; x64) AppleWebKit/537.36 (KHTML, like Gecko) Chrome/89.0.4389.114 Safari/537.36"
::1 - - [09/Apr/2021:12:41:53 +0000] "POST /like/toggle/?id=60704b82a451e363a01b11cb&type=Post HTTP/1.1" 302 90 "http://localhost:8000/?" "Mozilla/5.0 (Windows NT 10.0; Win64; x64) AppleWebKit/537.36 (KHTML, like Gecko) Chrome/89.0.4389.114 Safari/537.36"
::1 - - [09/Apr/2021:12:41:53 +0000] "GET /? HTTP/1.1" 200 8586 "http://localhost:8000/?" "Mozilla/5.0 (Windows NT 10.0; Win64; x64) AppleWebKit/537.36 (KHTML, like Gecko) Chrome/89.0.4389.114 Safari/537.36"
::1 - - [09/Apr/2021:12:41:53 +0000] "GET /path/to/halfmoon.js HTTP/1.1" 404 158 "http://localhost:8000/?" "Mozilla/5.0 (Windows NT 10.0; Win64; x64) AppleWebKit/537.36 (KHTML, like Gecko) Chrome/89.0.4389.114 Safari/537.36"
::1 - - [09/Apr/2021:12:41:56 +0000] "GET /post/delete/60704b82a451e363a01b11cb HTTP/1.1" 302 90 "http://localhost:8000/?" "Mozilla/5.0 (Windows NT 10.0; Win64; x64) AppleWebKit/537.36 (KHTML, like Gecko) Chrome/89.0.4389.114 Safari/537.36"
::1 - - [09/Apr/2021:12:41:56 +0000] "GET /? HTTP/1.1" 200 6747 "http://localhost:8000/?" "Mozilla/5.0 (Windows NT 10.0; Win64; x64) AppleWebKit/537.36 (KHTML, like Gecko) Chrome/89.0.4389.114 Safari/537.36"
::1 - - [09/Apr/2021:12:41:56 +0000] "GET /path/to/halfmoon.js HTTP/1.1" 404 158 "http://localhost:8000/?" "Mozilla/5.0 (Windows NT 10.0; Win64; x64) AppleWebKit/537.36 (KHTML, like Gecko) Chrome/89.0.4389.114 Safari/537.36"
::1 - - [09/Apr/2021:12:42:00 +0000] "GET /? HTTP/1.1" 200 6499 "http://localhost:8000/?" "Mozilla/5.0 (Windows NT 10.0; Win64; x64) AppleWebKit/537.36 (KHTML, like Gecko) Chrome/89.0.4389.114 Safari/537.36"
::1 - - [09/Apr/2021:12:42:00 +0000] "GET /path/to/halfmoon.js HTTP/1.1" 404 158 "http://localhost:8000/?" "Mozilla/5.0 (Windows NT 10.0; Win64; x64) AppleWebKit/537.36 (KHTML, like Gecko) Chrome/89.0.4389.114 Safari/537.36"
::1 - - [09/Apr/2021:14:35:18 +0000] "GET /? HTTP/1.1" 200 6224 "http://localhost:8000/?" "Mozilla/5.0 (Windows NT 10.0; Win64; x64) AppleWebKit/537.36 (KHTML, like Gecko) Chrome/89.0.4389.114 Safari/537.36"
::1 - - [09/Apr/2021:14:35:19 +0000] "GET /path/to/halfmoon.js HTTP/1.1" 404 158 "http://localhost:8000/?" "Mozilla/5.0 (Windows NT 10.0; Win64; x64) AppleWebKit/537.36 (KHTML, like Gecko) Chrome/89.0.4389.114 Safari/537.36"
::1 - - [09/Apr/2021:14:35:19 +0000] "GET /path/to/halfmoon.js HTTP/1.1" 404 158 "http://localhost:8000/?" "Mozilla/5.0 (Windows NT 10.0; Win64; x64) AppleWebKit/537.36 (KHTML, like Gecko) Chrome/89.0.4389.114 Safari/537.36"
::1 - - [09/Apr/2021:14:35:31 +0000] "GET /? HTTP/1.1" 200 6204 "http://localhost:8000/?" "Mozilla/5.0 (Windows NT 10.0; Win64; x64) AppleWebKit/537.36 (KHTML, like Gecko) Chrome/89.0.4389.114 Safari/537.36"
::1 - - [09/Apr/2021:14:35:31 +0000] "GET /path/to/halfmoon.js HTTP/1.1" 404 158 "http://localhost:8000/?" "Mozilla/5.0 (Windows NT 10.0; Win64; x64) AppleWebKit/537.36 (KHTML, like Gecko) Chrome/89.0.4389.114 Safari/537.36"
::1 - - [09/Apr/2021:14:35:31 +0000] "GET /path/to/halfmoon.js HTTP/1.1" 404 158 "http://localhost:8000/?" "Mozilla/5.0 (Windows NT 10.0; Win64; x64) AppleWebKit/537.36 (KHTML, like Gecko) Chrome/89.0.4389.114 Safari/537.36"
::1 - - [09/Apr/2021:14:35:40 +0000] "GET /? HTTP/1.1" 200 6120 "http://localhost:8000/?" "Mozilla/5.0 (Windows NT 10.0; Win64; x64) AppleWebKit/537.36 (KHTML, like Gecko) Chrome/89.0.4389.114 Safari/537.36"
::1 - - [09/Apr/2021:14:35:40 +0000] "GET /path/to/halfmoon.js HTTP/1.1" 404 158 "http://localhost:8000/?" "Mozilla/5.0 (Windows NT 10.0; Win64; x64) AppleWebKit/537.36 (KHTML, like Gecko) Chrome/89.0.4389.114 Safari/537.36"
::1 - - [09/Apr/2021:14:35:40 +0000] "GET /path/to/halfmoon.js HTTP/1.1" 404 158 "http://localhost:8000/?" "Mozilla/5.0 (Windows NT 10.0; Win64; x64) AppleWebKit/537.36 (KHTML, like Gecko) Chrome/89.0.4389.114 Safari/537.36"
::1 - - [09/Apr/2021:17:05:27 +0000] "GET /? HTTP/1.1" 200 6172 "http://localhost:8000/?" "Mozilla/5.0 (Windows NT 10.0; Win64; x64) AppleWebKit/537.36 (KHTML, like Gecko) Chrome/89.0.4389.114 Safari/537.36"
::1 - - [09/Apr/2021:17:05:27 +0000] "GET /path/to/halfmoon.js HTTP/1.1" 404 158 "http://localhost:8000/?" "Mozilla/5.0 (Windows NT 10.0; Win64; x64) AppleWebKit/537.36 (KHTML, like Gecko) Chrome/89.0.4389.114 Safari/537.36"
::1 - - [09/Apr/2021:17:05:27 +0000] "GET /path/to/halfmoon.js HTTP/1.1" 404 158 "http://localhost:8000/?" "Mozilla/5.0 (Windows NT 10.0; Win64; x64) AppleWebKit/537.36 (KHTML, like Gecko) Chrome/89.0.4389.114 Safari/537.36"
::1 - - [09/Apr/2021:17:05:59 +0000] "GET /? HTTP/1.1" 200 6180 "http://localhost:8000/?" "Mozilla/5.0 (Windows NT 10.0; Win64; x64) AppleWebKit/537.36 (KHTML, like Gecko) Chrome/89.0.4389.114 Safari/537.36"
::1 - - [09/Apr/2021:17:05:59 +0000] "GET /path/to/halfmoon.js HTTP/1.1" 404 158 "http://localhost:8000/?" "Mozilla/5.0 (Windows NT 10.0; Win64; x64) AppleWebKit/537.36 (KHTML, like Gecko) Chrome/89.0.4389.114 Safari/537.36"
::1 - - [09/Apr/2021:17:05:59 +0000] "GET /path/to/halfmoon.js HTTP/1.1" 404 158 "http://localhost:8000/?" "Mozilla/5.0 (Windows NT 10.0; Win64; x64) AppleWebKit/537.36 (KHTML, like Gecko) Chrome/89.0.4389.114 Safari/537.36"
::1 - - [09/Apr/2021:17:06:17 +0000] "GET /? HTTP/1.1" 200 6220 "http://localhost:8000/?" "Mozilla/5.0 (Windows NT 10.0; Win64; x64) AppleWebKit/537.36 (KHTML, like Gecko) Chrome/89.0.4389.114 Safari/537.36"
::1 - - [09/Apr/2021:17:06:17 +0000] "GET /path/to/halfmoon.js HTTP/1.1" 404 158 "http://localhost:8000/?" "Mozilla/5.0 (Windows NT 10.0; Win64; x64) AppleWebKit/537.36 (KHTML, like Gecko) Chrome/89.0.4389.114 Safari/537.36"
::1 - - [09/Apr/2021:17:06:17 +0000] "GET /path/to/halfmoon.js HTTP/1.1" 404 158 "http://localhost:8000/?" "Mozilla/5.0 (Windows NT 10.0; Win64; x64) AppleWebKit/537.36 (KHTML, like Gecko) Chrome/89.0.4389.114 Safari/537.36"
::1 - - [09/Apr/2021:17:06:23 +0000] "GET /? HTTP/1.1" 200 6222 "http://localhost:8000/?" "Mozilla/5.0 (Windows NT 10.0; Win64; x64) AppleWebKit/537.36 (KHTML, like Gecko) Chrome/89.0.4389.114 Safari/537.36"
::1 - - [09/Apr/2021:17:06:23 +0000] "GET /path/to/halfmoon.js HTTP/1.1" 404 158 "http://localhost:8000/?" "Mozilla/5.0 (Windows NT 10.0; Win64; x64) AppleWebKit/537.36 (KHTML, like Gecko) Chrome/89.0.4389.114 Safari/537.36"
::1 - - [09/Apr/2021:17:06:23 +0000] "GET /path/to/halfmoon.js HTTP/1.1" 404 158 "http://localhost:8000/?" "Mozilla/5.0 (Windows NT 10.0; Win64; x64) AppleWebKit/537.36 (KHTML, like Gecko) Chrome/89.0.4389.114 Safari/537.36"
::1 - - [09/Apr/2021:17:06:39 +0000] "GET /? HTTP/1.1" 200 6178 "http://localhost:8000/?" "Mozilla/5.0 (Windows NT 10.0; Win64; x64) AppleWebKit/537.36 (KHTML, like Gecko) Chrome/89.0.4389.114 Safari/537.36"
::1 - - [09/Apr/2021:17:06:39 +0000] "GET /path/to/halfmoon.js HTTP/1.1" 404 158 "http://localhost:8000/?" "Mozilla/5.0 (Windows NT 10.0; Win64; x64) AppleWebKit/537.36 (KHTML, like Gecko) Chrome/89.0.4389.114 Safari/537.36"
::1 - - [09/Apr/2021:17:06:39 +0000] "GET /path/to/halfmoon.js HTTP/1.1" 404 158 "http://localhost:8000/?" "Mozilla/5.0 (Windows NT 10.0; Win64; x64) AppleWebKit/537.36 (KHTML, like Gecko) Chrome/89.0.4389.114 Safari/537.36"
::1 - - [09/Apr/2021:17:07:57 +0000] "GET /? HTTP/1.1" 200 6218 "http://localhost:8000/?" "Mozilla/5.0 (Windows NT 10.0; Win64; x64) AppleWebKit/537.36 (KHTML, like Gecko) Chrome/89.0.4389.114 Safari/537.36"
::1 - - [09/Apr/2021:17:07:57 +0000] "GET /path/to/halfmoon.js HTTP/1.1" 404 158 "http://localhost:8000/?" "Mozilla/5.0 (Windows NT 10.0; Win64; x64) AppleWebKit/537.36 (KHTML, like Gecko) Chrome/89.0.4389.114 Safari/537.36"
::1 - - [09/Apr/2021:17:07:57 +0000] "GET /path/to/halfmoon.js HTTP/1.1" 404 158 "http://localhost:8000/?" "Mozilla/5.0 (Windows NT 10.0; Win64; x64) AppleWebKit/537.36 (KHTML, like Gecko) Chrome/89.0.4389.114 Safari/537.36"
::1 - - [09/Apr/2021:17:08:13 +0000] "GET /? HTTP/1.1" 200 6219 "http://localhost:8000/?" "Mozilla/5.0 (Windows NT 10.0; Win64; x64) AppleWebKit/537.36 (KHTML, like Gecko) Chrome/89.0.4389.114 Safari/537.36"
::1 - - [09/Apr/2021:17:08:13 +0000] "GET /path/to/halfmoon.js HTTP/1.1" 404 158 "http://localhost:8000/?" "Mozilla/5.0 (Windows NT 10.0; Win64; x64) AppleWebKit/537.36 (KHTML, like Gecko) Chrome/89.0.4389.114 Safari/537.36"
::1 - - [09/Apr/2021:17:08:13 +0000] "GET /path/to/halfmoon.js HTTP/1.1" 404 158 "http://localhost:8000/?" "Mozilla/5.0 (Windows NT 10.0; Win64; x64) AppleWebKit/537.36 (KHTML, like Gecko) Chrome/89.0.4389.114 Safari/537.36"
::1 - - [09/Apr/2021:17:08:18 +0000] "GET /? HTTP/1.1" 200 6218 "http://localhost:8000/?" "Mozilla/5.0 (Windows NT 10.0; Win64; x64) AppleWebKit/537.36 (KHTML, like Gecko) Chrome/89.0.4389.114 Safari/537.36"
::1 - - [09/Apr/2021:17:08:18 +0000] "GET /path/to/halfmoon.js HTTP/1.1" 404 158 "http://localhost:8000/?" "Mozilla/5.0 (Windows NT 10.0; Win64; x64) AppleWebKit/537.36 (KHTML, like Gecko) Chrome/89.0.4389.114 Safari/537.36"
::1 - - [09/Apr/2021:17:08:18 +0000] "GET /path/to/halfmoon.js HTTP/1.1" 404 158 "http://localhost:8000/?" "Mozilla/5.0 (Windows NT 10.0; Win64; x64) AppleWebKit/537.36 (KHTML, like Gecko) Chrome/89.0.4389.114 Safari/537.36"
::1 - - [09/Apr/2021:17:08:45 +0000] "GET /? HTTP/1.1" 200 6131 "http://localhost:8000/?" "Mozilla/5.0 (Windows NT 10.0; Win64; x64) AppleWebKit/537.36 (KHTML, like Gecko) Chrome/89.0.4389.114 Safari/537.36"
::1 - - [09/Apr/2021:17:08:45 +0000] "GET /path/to/halfmoon.js HTTP/1.1" 404 158 "http://localhost:8000/?" "Mozilla/5.0 (Windows NT 10.0; Win64; x64) AppleWebKit/537.36 (KHTML, like Gecko) Chrome/89.0.4389.114 Safari/537.36"
::1 - - [09/Apr/2021:17:08:45 +0000] "GET /path/to/halfmoon.js HTTP/1.1" 404 158 "http://localhost:8000/?" "Mozilla/5.0 (Windows NT 10.0; Win64; x64) AppleWebKit/537.36 (KHTML, like Gecko) Chrome/89.0.4389.114 Safari/537.36"
::1 - - [09/Apr/2021:17:08:59 +0000] "GET /? HTTP/1.1" 200 6218 "http://localhost:8000/?" "Mozilla/5.0 (Windows NT 10.0; Win64; x64) AppleWebKit/537.36 (KHTML, like Gecko) Chrome/89.0.4389.114 Safari/537.36"
::1 - - [09/Apr/2021:17:08:59 +0000] "GET /path/to/halfmoon.js HTTP/1.1" 404 158 "http://localhost:8000/?" "Mozilla/5.0 (Windows NT 10.0; Win64; x64) AppleWebKit/537.36 (KHTML, like Gecko) Chrome/89.0.4389.114 Safari/537.36"
::1 - - [09/Apr/2021:17:08:59 +0000] "GET /path/to/halfmoon.js HTTP/1.1" 404 158 "http://localhost:8000/?" "Mozilla/5.0 (Windows NT 10.0; Win64; x64) AppleWebKit/537.36 (KHTML, like Gecko) Chrome/89.0.4389.114 Safari/537.36"
::1 - - [09/Apr/2021:17:09:11 +0000] "GET /? HTTP/1.1" 200 6248 "http://localhost:8000/?" "Mozilla/5.0 (Windows NT 10.0; Win64; x64) AppleWebKit/537.36 (KHTML, like Gecko) Chrome/89.0.4389.114 Safari/537.36"
::1 - - [09/Apr/2021:17:09:11 +0000] "GET /path/to/halfmoon.js HTTP/1.1" 404 158 "http://localhost:8000/?" "Mozilla/5.0 (Windows NT 10.0; Win64; x64) AppleWebKit/537.36 (KHTML, like Gecko) Chrome/89.0.4389.114 Safari/537.36"
::1 - - [09/Apr/2021:17:09:12 +0000] "GET /path/to/halfmoon.js HTTP/1.1" 404 158 "http://localhost:8000/?" "Mozilla/5.0 (Windows NT 10.0; Win64; x64) AppleWebKit/537.36 (KHTML, like Gecko) Chrome/89.0.4389.114 Safari/537.36"
::1 - - [09/Apr/2021:17:09:36 +0000] "GET /? HTTP/1.1" 200 6188 "http://localhost:8000/?" "Mozilla/5.0 (Windows NT 10.0; Win64; x64) AppleWebKit/537.36 (KHTML, like Gecko) Chrome/89.0.4389.114 Safari/537.36"
::1 - - [09/Apr/2021:17:09:36 +0000] "GET /path/to/halfmoon.js HTTP/1.1" 404 158 "http://localhost:8000/?" "Mozilla/5.0 (Windows NT 10.0; Win64; x64) AppleWebKit/537.36 (KHTML, like Gecko) Chrome/89.0.4389.114 Safari/537.36"
::1 - - [09/Apr/2021:17:09:36 +0000] "GET /path/to/halfmoon.js HTTP/1.1" 404 158 "http://localhost:8000/?" "Mozilla/5.0 (Windows NT 10.0; Win64; x64) AppleWebKit/537.36 (KHTML, like Gecko) Chrome/89.0.4389.114 Safari/537.36"
::1 - - [09/Apr/2021:17:09:50 +0000] "GET /? HTTP/1.1" 200 6200 "http://localhost:8000/?" "Mozilla/5.0 (Windows NT 10.0; Win64; x64) AppleWebKit/537.36 (KHTML, like Gecko) Chrome/89.0.4389.114 Safari/537.36"
::1 - - [09/Apr/2021:17:09:50 +0000] "GET /path/to/halfmoon.js HTTP/1.1" 404 158 "http://localhost:8000/?" "Mozilla/5.0 (Windows NT 10.0; Win64; x64) AppleWebKit/537.36 (KHTML, like Gecko) Chrome/89.0.4389.114 Safari/537.36"
::1 - - [09/Apr/2021:17:09:50 +0000] "GET /path/to/halfmoon.js HTTP/1.1" 404 158 "http://localhost:8000/?" "Mozilla/5.0 (Windows NT 10.0; Win64; x64) AppleWebKit/537.36 (KHTML, like Gecko) Chrome/89.0.4389.114 Safari/537.36"
::1 - - [09/Apr/2021:17:10:03 +0000] "GET /? HTTP/1.1" 200 6248 "http://localhost:8000/?" "Mozilla/5.0 (Windows NT 10.0; Win64; x64) AppleWebKit/537.36 (KHTML, like Gecko) Chrome/89.0.4389.114 Safari/537.36"
::1 - - [09/Apr/2021:17:10:03 +0000] "GET /path/to/halfmoon.js HTTP/1.1" 404 158 "http://localhost:8000/?" "Mozilla/5.0 (Windows NT 10.0; Win64; x64) AppleWebKit/537.36 (KHTML, like Gecko) Chrome/89.0.4389.114 Safari/537.36"
::1 - - [09/Apr/2021:17:10:03 +0000] "GET /path/to/halfmoon.js HTTP/1.1" 404 158 "http://localhost:8000/?" "Mozilla/5.0 (Windows NT 10.0; Win64; x64) AppleWebKit/537.36 (KHTML, like Gecko) Chrome/89.0.4389.114 Safari/537.36"
::1 - - [09/Apr/2021:17:52:11 +0000] "GET /? HTTP/1.1" 304 - "http://localhost:8000/?" "Mozilla/5.0 (Windows NT 10.0; Win64; x64) AppleWebKit/537.36 (KHTML, like Gecko) Chrome/89.0.4389.114 Safari/537.36"
::1 - - [09/Apr/2021:17:52:11 +0000] "GET /path/to/halfmoon.js HTTP/1.1" 404 158 "http://localhost:8000/?" "Mozilla/5.0 (Windows NT 10.0; Win64; x64) AppleWebKit/537.36 (KHTML, like Gecko) Chrome/89.0.4389.114 Safari/537.36"
::1 - - [09/Apr/2021:17:52:12 +0000] "GET /path/to/halfmoon.js HTTP/1.1" 404 158 "http://localhost:8000/?" "Mozilla/5.0 (Windows NT 10.0; Win64; x64) AppleWebKit/537.36 (KHTML, like Gecko) Chrome/89.0.4389.114 Safari/537.36"
::1 - - [09/Apr/2021:17:52:47 +0000] "POST /user/create-session HTTP/1.1" 302 46 "http://localhost:8000/?" "Mozilla/5.0 (Windows NT 10.0; Win64; x64) AppleWebKit/537.36 (KHTML, like Gecko) Chrome/89.0.4389.114 Safari/537.36"
::1 - - [09/Apr/2021:17:52:47 +0000] "GET / HTTP/1.1" 200 6802 "http://localhost:8000/?" "Mozilla/5.0 (Windows NT 10.0; Win64; x64) AppleWebKit/537.36 (KHTML, like Gecko) Chrome/89.0.4389.114 Safari/537.36"
::1 - - [09/Apr/2021:17:52:48 +0000] "GET /path/to/halfmoon.js HTTP/1.1" 404 158 "http://localhost:8000/" "Mozilla/5.0 (Windows NT 10.0; Win64; x64) AppleWebKit/537.36 (KHTML, like Gecko) Chrome/89.0.4389.114 Safari/537.36"
::1 - - [09/Apr/2021:17:52:56 +0000] "GET /post/delete/60704b87a451e363a01b11cc HTTP/1.1" 302 88 "http://localhost:8000/" "Mozilla/5.0 (Windows NT 10.0; Win64; x64) AppleWebKit/537.36 (KHTML, like Gecko) Chrome/89.0.4389.114 Safari/537.36"
::1 - - [09/Apr/2021:17:52:56 +0000] "GET / HTTP/1.1" 200 5799 "http://localhost:8000/" "Mozilla/5.0 (Windows NT 10.0; Win64; x64) AppleWebKit/537.36 (KHTML, like Gecko) Chrome/89.0.4389.114 Safari/537.36"
::1 - - [09/Apr/2021:17:52:56 +0000] "GET /path/to/halfmoon.js HTTP/1.1" 404 158 "http://localhost:8000/" "Mozilla/5.0 (Windows NT 10.0; Win64; x64) AppleWebKit/537.36 (KHTML, like Gecko) Chrome/89.0.4389.114 Safari/537.36"
::1 - - [09/Apr/2021:17:52:56 +0000] "GET /path/to/halfmoon.js HTTP/1.1" 404 158 "http://localhost:8000/" "Mozilla/5.0 (Windows NT 10.0; Win64; x64) AppleWebKit/537.36 (KHTML, like Gecko) Chrome/89.0.4389.114 Safari/537.36"
::1 - - [09/Apr/2021:17:52:58 +0000] "GET /user/profile/60522e3b1b700825d035f6bd HTTP/1.1" 200 5146 "http://localhost:8000/" "Mozilla/5.0 (Windows NT 10.0; Win64; x64) AppleWebKit/537.36 (KHTML, like Gecko) Chrome/89.0.4389.114 Safari/537.36"
::1 - - [09/Apr/2021:17:52:58 +0000] "GET /user/profile/path/to/halfmoon.js HTTP/1.1" 404 171 "http://localhost:8000/user/profile/60522e3b1b700825d035f6bd" "Mozilla/5.0 (Windows NT 10.0; Win64; x64) AppleWebKit/537.36 (KHTML, like Gecko) Chrome/89.0.4389.114 Safari/537.36"
::1 - - [09/Apr/2021:17:52:58 +0000] "GET /user/profile/path/to/fav.png HTTP/1.1" 404 167 "http://localhost:8000/user/profile/60522e3b1b700825d035f6bd" "Mozilla/5.0 (Windows NT 10.0; Win64; x64) AppleWebKit/537.36 (KHTML, like Gecko) Chrome/89.0.4389.114 Safari/537.36"
::1 - - [09/Apr/2021:17:53:08 +0000] "GET /user/profile/60522e3b1b700825d035f6bd HTTP/1.1" 304 - "http://localhost:8000/user/profile/60522e3b1b700825d035f6bd" "Mozilla/5.0 (Windows NT 10.0; Win64; x64) AppleWebKit/537.36 (KHTML, like Gecko) Chrome/89.0.4389.114 Safari/537.36"
::1 - - [09/Apr/2021:17:53:08 +0000] "GET /user/profile/path/to/halfmoon.js HTTP/1.1" 404 171 "http://localhost:8000/user/profile/60522e3b1b700825d035f6bd" "Mozilla/5.0 (Windows NT 10.0; Win64; x64) AppleWebKit/537.36 (KHTML, like Gecko) Chrome/89.0.4389.114 Safari/537.36"
::1 - - [09/Apr/2021:17:53:52 +0000] "GET /user/profile/60522e3b1b700825d035f6bd HTTP/1.1" 200 5161 "http://localhost:8000/user/profile/60522e3b1b700825d035f6bd" "Mozilla/5.0 (Windows NT 10.0; Win64; x64) AppleWebKit/537.36 (KHTML, like Gecko) Chrome/89.0.4389.114 Safari/537.36"
::1 - - [09/Apr/2021:17:53:53 +0000] "GET /user/profile/path/to/halfmoon.js HTTP/1.1" 404 171 "http://localhost:8000/user/profile/60522e3b1b700825d035f6bd" "Mozilla/5.0 (Windows NT 10.0; Win64; x64) AppleWebKit/537.36 (KHTML, like Gecko) Chrome/89.0.4389.114 Safari/537.36"
::1 - - [09/Apr/2021:17:53:55 +0000] "GET /user/sign-out HTTP/1.1" 302 46 "http://localhost:8000/user/profile/60522e3b1b700825d035f6bd" "Mozilla/5.0 (Windows NT 10.0; Win64; x64) AppleWebKit/537.36 (KHTML, like Gecko) Chrome/89.0.4389.114 Safari/537.36"
::1 - - [09/Apr/2021:17:53:55 +0000] "GET / HTTP/1.1" 200 6502 "http://localhost:8000/user/profile/60522e3b1b700825d035f6bd" "Mozilla/5.0 (Windows NT 10.0; Win64; x64) AppleWebKit/537.36 (KHTML, like Gecko) Chrome/89.0.4389.114 Safari/537.36"
::1 - - [09/Apr/2021:17:53:55 +0000] "GET /path/to/halfmoon.js HTTP/1.1" 404 158 "http://localhost:8000/" "Mozilla/5.0 (Windows NT 10.0; Win64; x64) AppleWebKit/537.36 (KHTML, like Gecko) Chrome/89.0.4389.114 Safari/537.36"
::1 - - [09/Apr/2021:17:53:55 +0000] "GET /path/to/halfmoon.js HTTP/1.1" 404 158 "http://localhost:8000/" "Mozilla/5.0 (Windows NT 10.0; Win64; x64) AppleWebKit/537.36 (KHTML, like Gecko) Chrome/89.0.4389.114 Safari/537.36"
::1 - - [09/Apr/2021:17:54:04 +0000] "POST /user/create-session HTTP/1.1" 302 46 "http://localhost:8000/" "Mozilla/5.0 (Windows NT 10.0; Win64; x64) AppleWebKit/537.36 (KHTML, like Gecko) Chrome/89.0.4389.114 Safari/537.36"
::1 - - [09/Apr/2021:17:54:04 +0000] "GET / HTTP/1.1" 200 5804 "http://localhost:8000/" "Mozilla/5.0 (Windows NT 10.0; Win64; x64) AppleWebKit/537.36 (KHTML, like Gecko) Chrome/89.0.4389.114 Safari/537.36"
::1 - - [09/Apr/2021:17:54:04 +0000] "GET /path/to/halfmoon.js HTTP/1.1" 404 158 "http://localhost:8000/" "Mozilla/5.0 (Windows NT 10.0; Win64; x64) AppleWebKit/537.36 (KHTML, like Gecko) Chrome/89.0.4389.114 Safari/537.36"
::1 - - [09/Apr/2021:17:54:04 +0000] "GET /path/to/halfmoon.js HTTP/1.1" 404 158 "http://localhost:8000/" "Mozilla/5.0 (Windows NT 10.0; Win64; x64) AppleWebKit/537.36 (KHTML, like Gecko) Chrome/89.0.4389.114 Safari/537.36"
::1 - - [09/Apr/2021:17:54:13 +0000] "GET /user/sign-out HTTP/1.1" 302 46 "http://localhost:8000/" "Mozilla/5.0 (Windows NT 10.0; Win64; x64) AppleWebKit/537.36 (KHTML, like Gecko) Chrome/89.0.4389.114 Safari/537.36"
::1 - - [09/Apr/2021:17:54:13 +0000] "GET / HTTP/1.1" 200 6502 "http://localhost:8000/" "Mozilla/5.0 (Windows NT 10.0; Win64; x64) AppleWebKit/537.36 (KHTML, like Gecko) Chrome/89.0.4389.114 Safari/537.36"
::1 - - [09/Apr/2021:17:54:13 +0000] "GET /path/to/halfmoon.js HTTP/1.1" 404 158 "http://localhost:8000/" "Mozilla/5.0 (Windows NT 10.0; Win64; x64) AppleWebKit/537.36 (KHTML, like Gecko) Chrome/89.0.4389.114 Safari/537.36"
::1 - - [09/Apr/2021:17:54:14 +0000] "GET /path/to/halfmoon.js HTTP/1.1" 404 158 "http://localhost:8000/" "Mozilla/5.0 (Windows NT 10.0; Win64; x64) AppleWebKit/537.36 (KHTML, like Gecko) Chrome/89.0.4389.114 Safari/537.36"
