::1 - - [21/Mar/2021:19:12:46 +0000] "GET / HTTP/1.1" 200 3765 "-" "Mozilla/5.0 (Windows NT 10.0; Win64; x64) AppleWebKit/537.36 (KHTML, like Gecko) Chrome/89.0.4389.90 Safari/537.36"
::1 - - [21/Mar/2021:19:12:58 +0000] "POST /user/create-session HTTP/1.1" 302 46 "http://localhost:8000/" "Mozilla/5.0 (Windows NT 10.0; Win64; x64) AppleWebKit/537.36 (KHTML, like Gecko) Chrome/89.0.4389.90 Safari/537.36"
::1 - - [21/Mar/2021:19:12:58 +0000] "GET / HTTP/1.1" 200 4328 "http://localhost:8000/" "Mozilla/5.0 (Windows NT 10.0; Win64; x64) AppleWebKit/537.36 (KHTML, like Gecko) Chrome/89.0.4389.90 Safari/537.36"
::1 - - [21/Mar/2021:19:16:01 +0000] "GET / HTTP/1.1" 200 4003 "http://localhost:8000/" "Mozilla/5.0 (Windows NT 10.0; Win64; x64) AppleWebKit/537.36 (KHTML, like Gecko) Chrome/89.0.4389.90 Safari/537.36"
::1 - - [21/Mar/2021:19:22:18 +0000] "GET / HTTP/1.1" 304 - "http://localhost:8000/" "Mozilla/5.0 (Windows NT 10.0; Win64; x64) AppleWebKit/537.36 (KHTML, like Gecko) Chrome/89.0.4389.90 Safari/537.36"
::1 - - [21/Mar/2021:19:24:03 +0000] "GET / HTTP/1.1" 304 - "http://localhost:8000/" "Mozilla/5.0 (Windows NT 10.0; Win64; x64) AppleWebKit/537.36 (KHTML, like Gecko) Chrome/89.0.4389.90 Safari/537.36"
::1 - - [21/Mar/2021:19:24:14 +0000] "GET /? HTTP/1.1" 304 - "http://localhost:8000/" "Mozilla/5.0 (Windows NT 10.0; Win64; x64) AppleWebKit/537.36 (KHTML, like Gecko) Chrome/89.0.4389.90 Safari/537.36"
::1 - - [21/Mar/2021:19:24:33 +0000] "GET / HTTP/1.1" 200 3765 "-" "Mozilla/5.0 (Windows NT 10.0; Win64; x64) AppleWebKit/537.36 (KHTML, like Gecko) Chrome/89.0.4389.90 Safari/537.36"
::1 - - [21/Mar/2021:19:24:40 +0000] "POST /user/create-session HTTP/1.1" 302 46 "http://localhost:8000/" "Mozilla/5.0 (Windows NT 10.0; Win64; x64) AppleWebKit/537.36 (KHTML, like Gecko) Chrome/89.0.4389.90 Safari/537.36"
::1 - - [21/Mar/2021:19:24:40 +0000] "GET / HTTP/1.1" 200 4328 "http://localhost:8000/" "Mozilla/5.0 (Windows NT 10.0; Win64; x64) AppleWebKit/537.36 (KHTML, like Gecko) Chrome/89.0.4389.90 Safari/537.36"
::1 - - [21/Mar/2021:19:25:01 +0000] "GET /? HTTP/1.1" 304 - "http://localhost:8000/?" "Mozilla/5.0 (Windows NT 10.0; Win64; x64) AppleWebKit/537.36 (KHTML, like Gecko) Chrome/89.0.4389.90 Safari/537.36"
::1 - - [21/Mar/2021:19:25:35 +0000] "GET / HTTP/1.1" 200 4003 "http://localhost:8000/" "Mozilla/5.0 (Windows NT 10.0; Win64; x64) AppleWebKit/537.36 (KHTML, like Gecko) Chrome/89.0.4389.90 Safari/537.36"
::1 - - [21/Mar/2021:19:25:41 +0000] "GET /? HTTP/1.1" 200 4003 "http://localhost:8000/" "Mozilla/5.0 (Windows NT 10.0; Win64; x64) AppleWebKit/537.36 (KHTML, like Gecko) Chrome/89.0.4389.90 Safari/537.36"
::1 - - [21/Mar/2021:19:35:38 +0000] "GET /? HTTP/1.1" 304 - "http://localhost:8000/?" "Mozilla/5.0 (Windows NT 10.0; Win64; x64) AppleWebKit/537.36 (KHTML, like Gecko) Chrome/89.0.4389.90 Safari/537.36"
::1 - - [21/Mar/2021:19:35:43 +0000] "GET /? HTTP/1.1" 304 - "http://localhost:8000/" "Mozilla/5.0 (Windows NT 10.0; Win64; x64) AppleWebKit/537.36 (KHTML, like Gecko) Chrome/89.0.4389.90 Safari/537.36"
::1 - - [21/Mar/2021:19:35:45 +0000] "GET /? HTTP/1.1" 304 - "http://localhost:8000/?" "Mozilla/5.0 (Windows NT 10.0; Win64; x64) AppleWebKit/537.36 (KHTML, like Gecko) Chrome/89.0.4389.90 Safari/537.36"
::1 - - [21/Mar/2021:19:36:17 +0000] "GET /? HTTP/1.1" 200 4004 "http://localhost:8000/?" "Mozilla/5.0 (Windows NT 10.0; Win64; x64) AppleWebKit/537.36 (KHTML, like Gecko) Chrome/89.0.4389.90 Safari/537.36"
::1 - - [21/Mar/2021:19:36:20 +0000] "GET /? HTTP/1.1" 200 4004 "http://localhost:8000/?" "Mozilla/5.0 (Windows NT 10.0; Win64; x64) AppleWebKit/537.36 (KHTML, like Gecko) Chrome/89.0.4389.90 Safari/537.36"
::1 - - [21/Mar/2021:19:36:24 +0000] "GET /? HTTP/1.1" 304 - "http://localhost:8000/?" "Mozilla/5.0 (Windows NT 10.0; Win64; x64) AppleWebKit/537.36 (KHTML, like Gecko) Chrome/89.0.4389.90 Safari/537.36"
::1 - - [21/Mar/2021:19:36:46 +0000] "GET /? HTTP/1.1" 304 - "http://localhost:8000/?" "Mozilla/5.0 (Windows NT 10.0; Win64; x64) AppleWebKit/537.36 (KHTML, like Gecko) Chrome/89.0.4389.90 Safari/537.36"
::1 - - [21/Mar/2021:19:36:50 +0000] "GET /? HTTP/1.1" 304 - "http://localhost:8000/?" "Mozilla/5.0 (Windows NT 10.0; Win64; x64) AppleWebKit/537.36 (KHTML, like Gecko) Chrome/89.0.4389.90 Safari/537.36"
::1 - - [21/Mar/2021:19:36:53 +0000] "GET /? HTTP/1.1" 304 - "http://localhost:8000/?" "Mozilla/5.0 (Windows NT 10.0; Win64; x64) AppleWebKit/537.36 (KHTML, like Gecko) Chrome/89.0.4389.90 Safari/537.36"
::1 - - [21/Mar/2021:19:38:42 +0000] "GET /? HTTP/1.1" 304 - "http://localhost:8000/?" "Mozilla/5.0 (Windows NT 10.0; Win64; x64) AppleWebKit/537.36 (KHTML, like Gecko) Chrome/89.0.4389.90 Safari/537.36"
::1 - - [21/Mar/2021:19:38:45 +0000] "GET /? HTTP/1.1" 304 - "http://localhost:8000/?" "Mozilla/5.0 (Windows NT 10.0; Win64; x64) AppleWebKit/537.36 (KHTML, like Gecko) Chrome/89.0.4389.90 Safari/537.36"
::1 - - [21/Mar/2021:19:38:49 +0000] "GET /? HTTP/1.1" 304 - "http://localhost:8000/?" "Mozilla/5.0 (Windows NT 10.0; Win64; x64) AppleWebKit/537.36 (KHTML, like Gecko) Chrome/89.0.4389.90 Safari/537.36"
::1 - - [21/Mar/2021:19:43:08 +0000] "GET /? HTTP/1.1" 304 - "http://localhost:8000/?" "Mozilla/5.0 (Windows NT 10.0; Win64; x64) AppleWebKit/537.36 (KHTML, like Gecko) Chrome/89.0.4389.90 Safari/537.36"
::1 - - [21/Mar/2021:19:43:10 +0000] "GET /? HTTP/1.1" 304 - "http://localhost:8000/?" "Mozilla/5.0 (Windows NT 10.0; Win64; x64) AppleWebKit/537.36 (KHTML, like Gecko) Chrome/89.0.4389.90 Safari/537.36"
::1 - - [21/Mar/2021:19:43:13 +0000] "GET /? HTTP/1.1" 304 - "http://localhost:8000/?" "Mozilla/5.0 (Windows NT 10.0; Win64; x64) AppleWebKit/537.36 (KHTML, like Gecko) Chrome/89.0.4389.90 Safari/537.36"
::1 - - [21/Mar/2021:19:43:23 +0000] "GET /? HTTP/1.1" 304 - "http://localhost:8000/?" "Mozilla/5.0 (Windows NT 10.0; Win64; x64) AppleWebKit/537.36 (KHTML, like Gecko) Chrome/89.0.4389.90 Safari/537.36"
::1 - - [21/Mar/2021:19:49:07 +0000] "GET / HTTP/1.1" 200 3765 "-" "Mozilla/5.0 (Windows NT 10.0; Win64; x64) AppleWebKit/537.36 (KHTML, like Gecko) Chrome/89.0.4389.90 Safari/537.36"
::1 - - [21/Mar/2021:19:49:17 +0000] "POST /user/create-session HTTP/1.1" 302 46 "http://localhost:8000/" "Mozilla/5.0 (Windows NT 10.0; Win64; x64) AppleWebKit/537.36 (KHTML, like Gecko) Chrome/89.0.4389.90 Safari/537.36"
::1 - - [21/Mar/2021:19:49:17 +0000] "GET / HTTP/1.1" 200 4329 "http://localhost:8000/" "Mozilla/5.0 (Windows NT 10.0; Win64; x64) AppleWebKit/537.36 (KHTML, like Gecko) Chrome/89.0.4389.90 Safari/537.36"
::1 - - [21/Mar/2021:19:49:24 +0000] "GET / HTTP/1.1" 200 3765 "-" "Mozilla/5.0 (Windows NT 10.0; Win64; x64) AppleWebKit/537.36 (KHTML, like Gecko) Chrome/89.0.4389.90 Safari/537.36"
::1 - - [21/Mar/2021:19:49:32 +0000] "POST /user/create-session HTTP/1.1" 302 46 "http://localhost:8000/" "Mozilla/5.0 (Windows NT 10.0; Win64; x64) AppleWebKit/537.36 (KHTML, like Gecko) Chrome/89.0.4389.90 Safari/537.36"
::1 - - [21/Mar/2021:19:49:32 +0000] "GET / HTTP/1.1" 200 4329 "http://localhost:8000/" "Mozilla/5.0 (Windows NT 10.0; Win64; x64) AppleWebKit/537.36 (KHTML, like Gecko) Chrome/89.0.4389.90 Safari/537.36"
::1 - - [21/Mar/2021:19:49:47 +0000] "GET /? HTTP/1.1" 304 - "http://localhost:8000/" "Mozilla/5.0 (Windows NT 10.0; Win64; x64) AppleWebKit/537.36 (KHTML, like Gecko) Chrome/89.0.4389.90 Safari/537.36"
::1 - - [21/Mar/2021:19:49:58 +0000] "GET / HTTP/1.1" 200 4004 "http://localhost:8000/" "Mozilla/5.0 (Windows NT 10.0; Win64; x64) AppleWebKit/537.36 (KHTML, like Gecko) Chrome/89.0.4389.90 Safari/537.36"
::1 - - [21/Mar/2021:19:50:00 +0000] "GET / HTTP/1.1" 304 - "http://localhost:8000/" "Mozilla/5.0 (Windows NT 10.0; Win64; x64) AppleWebKit/537.36 (KHTML, like Gecko) Chrome/89.0.4389.90 Safari/537.36"
::1 - - [21/Mar/2021:19:50:01 +0000] "GET / HTTP/1.1" 304 - "http://localhost:8000/" "Mozilla/5.0 (Windows NT 10.0; Win64; x64) AppleWebKit/537.36 (KHTML, like Gecko) Chrome/89.0.4389.90 Safari/537.36"
::1 - - [21/Mar/2021:19:50:04 +0000] "GET /? HTTP/1.1" 304 - "http://localhost:8000/" "Mozilla/5.0 (Windows NT 10.0; Win64; x64) AppleWebKit/537.36 (KHTML, like Gecko) Chrome/89.0.4389.90 Safari/537.36"
::1 - - [21/Mar/2021:19:50:05 +0000] "GET / HTTP/1.1" 304 - "http://localhost:8000/" "Mozilla/5.0 (Windows NT 10.0; Win64; x64) AppleWebKit/537.36 (KHTML, like Gecko) Chrome/89.0.4389.90 Safari/537.36"
::1 - - [21/Mar/2021:19:50:22 +0000] "GET /user/sign-out HTTP/1.1" 302 46 "http://localhost:8000/" "Mozilla/5.0 (Windows NT 10.0; Win64; x64) AppleWebKit/537.36 (KHTML, like Gecko) Chrome/89.0.4389.90 Safari/537.36"
::1 - - [21/Mar/2021:19:50:22 +0000] "GET / HTTP/1.1" 200 4091 "http://localhost:8000/" "Mozilla/5.0 (Windows NT 10.0; Win64; x64) AppleWebKit/537.36 (KHTML, like Gecko) Chrome/89.0.4389.90 Safari/537.36"
::1 - - [21/Mar/2021:19:50:28 +0000] "GET /user/sign-out HTTP/1.1" 302 46 "http://localhost:8000/?" "Mozilla/5.0 (Windows NT 10.0; Win64; x64) AppleWebKit/537.36 (KHTML, like Gecko) Chrome/89.0.4389.90 Safari/537.36"
::1 - - [21/Mar/2021:19:50:28 +0000] "GET / HTTP/1.1" 200 4091 "http://localhost:8000/?" "Mozilla/5.0 (Windows NT 10.0; Win64; x64) AppleWebKit/537.36 (KHTML, like Gecko) Chrome/89.0.4389.90 Safari/537.36"
::1 - - [22/Mar/2021:09:40:47 +0000] "GET / HTTP/1.1" 200 3765 "-" "Mozilla/5.0 (Windows NT 10.0; Win64; x64) AppleWebKit/537.36 (KHTML, like Gecko) Chrome/89.0.4389.90 Safari/537.36"
::1 - - [22/Mar/2021:09:40:54 +0000] "POST /user/create-session HTTP/1.1" 302 46 "http://localhost:8000/" "Mozilla/5.0 (Windows NT 10.0; Win64; x64) AppleWebKit/537.36 (KHTML, like Gecko) Chrome/89.0.4389.90 Safari/537.36"
::1 - - [22/Mar/2021:09:40:54 +0000] "GET / HTTP/1.1" 200 4329 "http://localhost:8000/" "Mozilla/5.0 (Windows NT 10.0; Win64; x64) AppleWebKit/537.36 (KHTML, like Gecko) Chrome/89.0.4389.90 Safari/537.36"
::1 - - [22/Mar/2021:09:40:58 +0000] "GET / HTTP/1.1" 200 3765 "-" "Mozilla/5.0 (Windows NT 10.0; Win64; x64) AppleWebKit/537.36 (KHTML, like Gecko) Chrome/89.0.4389.90 Safari/537.36"
::1 - - [22/Mar/2021:09:41:07 +0000] "POST /user/create-session HTTP/1.1" 302 46 "http://localhost:8000/" "Mozilla/5.0 (Windows NT 10.0; Win64; x64) AppleWebKit/537.36 (KHTML, like Gecko) Chrome/89.0.4389.90 Safari/537.36"
::1 - - [22/Mar/2021:09:41:07 +0000] "GET / HTTP/1.1" 200 4329 "http://localhost:8000/" "Mozilla/5.0 (Windows NT 10.0; Win64; x64) AppleWebKit/537.36 (KHTML, like Gecko) Chrome/89.0.4389.90 Safari/537.36"
::1 - - [22/Mar/2021:09:41:22 +0000] "GET /? HTTP/1.1" 200 4004 "http://localhost:8000/" "Mozilla/5.0 (Windows NT 10.0; Win64; x64) AppleWebKit/537.36 (KHTML, like Gecko) Chrome/89.0.4389.90 Safari/537.36"
::1 - - [22/Mar/2021:09:56:18 +0000] "GET /? HTTP/1.1" 200 4004 "http://localhost:8000/" "Mozilla/5.0 (Windows NT 10.0; Win64; x64) AppleWebKit/537.36 (KHTML, like Gecko) Chrome/89.0.4389.90 Safari/537.36"
::1 - - [22/Mar/2021:12:23:45 +0000] "GET /? HTTP/1.1" 200 3765 "http://localhost:8000/" "Mozilla/5.0 (Windows NT 10.0; Win64; x64) AppleWebKit/537.36 (KHTML, like Gecko) Chrome/89.0.4389.90 Safari/537.36"
::1 - - [22/Mar/2021:12:23:52 +0000] "POST /user/create-session HTTP/1.1" 302 46 "http://localhost:8000/?" "Mozilla/5.0 (Windows NT 10.0; Win64; x64) AppleWebKit/537.36 (KHTML, like Gecko) Chrome/89.0.4389.90 Safari/537.36"
::1 - - [22/Mar/2021:12:23:52 +0000] "GET / HTTP/1.1" 304 - "http://localhost:8000/?" "Mozilla/5.0 (Windows NT 10.0; Win64; x64) AppleWebKit/537.36 (KHTML, like Gecko) Chrome/89.0.4389.90 Safari/537.36"
::1 - - [22/Mar/2021:12:23:57 +0000] "GET /? HTTP/1.1" 200 3765 "http://localhost:8000/" "Mozilla/5.0 (Windows NT 10.0; Win64; x64) AppleWebKit/537.36 (KHTML, like Gecko) Chrome/89.0.4389.90 Safari/537.36"
::1 - - [22/Mar/2021:12:24:05 +0000] "POST /user/create-session HTTP/1.1" 302 46 "http://localhost:8000/?" "Mozilla/5.0 (Windows NT 10.0; Win64; x64) AppleWebKit/537.36 (KHTML, like Gecko) Chrome/89.0.4389.90 Safari/537.36"
::1 - - [22/Mar/2021:12:24:05 +0000] "GET / HTTP/1.1" 304 - "http://localhost:8000/?" "Mozilla/5.0 (Windows NT 10.0; Win64; x64) AppleWebKit/537.36 (KHTML, like Gecko) Chrome/89.0.4389.90 Safari/537.36"
::1 - - [22/Mar/2021:12:24:09 +0000] "GET /? HTTP/1.1" 200 4004 "http://localhost:8000/" "Mozilla/5.0 (Windows NT 10.0; Win64; x64) AppleWebKit/537.36 (KHTML, like Gecko) Chrome/89.0.4389.90 Safari/537.36"
::1 - - [22/Mar/2021:12:24:20 +0000] "GET /? HTTP/1.1" 304 - "http://localhost:8000/?" "Mozilla/5.0 (Windows NT 10.0; Win64; x64) AppleWebKit/537.36 (KHTML, like Gecko) Chrome/89.0.4389.90 Safari/537.36"
::1 - - [22/Mar/2021:12:24:24 +0000] "GET /? HTTP/1.1" 200 4004 "http://localhost:8000/" "Mozilla/5.0 (Windows NT 10.0; Win64; x64) AppleWebKit/537.36 (KHTML, like Gecko) Chrome/89.0.4389.90 Safari/537.36"
::1 - - [22/Mar/2021:12:24:45 +0000] "GET /? HTTP/1.1" 304 - "http://localhost:8000/" "Mozilla/5.0 (Windows NT 10.0; Win64; x64) AppleWebKit/537.36 (KHTML, like Gecko) Chrome/89.0.4389.90 Safari/537.36"
::1 - - [22/Mar/2021:12:24:49 +0000] "GET /? HTTP/1.1" 304 - "http://localhost:8000/?" "Mozilla/5.0 (Windows NT 10.0; Win64; x64) AppleWebKit/537.36 (KHTML, like Gecko) Chrome/89.0.4389.90 Safari/537.36"
::1 - - [22/Mar/2021:12:24:52 +0000] "GET /? HTTP/1.1" 304 - "http://localhost:8000/?" "Mozilla/5.0 (Windows NT 10.0; Win64; x64) AppleWebKit/537.36 (KHTML, like Gecko) Chrome/89.0.4389.90 Safari/537.36"
::1 - - [22/Mar/2021:12:25:09 +0000] "GET /user/sign-out HTTP/1.1" 302 46 "http://localhost:8000/?" "Mozilla/5.0 (Windows NT 10.0; Win64; x64) AppleWebKit/537.36 (KHTML, like Gecko) Chrome/89.0.4389.90 Safari/537.36"
::1 - - [22/Mar/2021:12:25:09 +0000] "GET / HTTP/1.1" 200 4091 "http://localhost:8000/?" "Mozilla/5.0 (Windows NT 10.0; Win64; x64) AppleWebKit/537.36 (KHTML, like Gecko) Chrome/89.0.4389.90 Safari/537.36"
::1 - - [22/Mar/2021:12:25:13 +0000] "GET /user/sign-out HTTP/1.1" 302 46 "http://localhost:8000/?" "Mozilla/5.0 (Windows NT 10.0; Win64; x64) AppleWebKit/537.36 (KHTML, like Gecko) Chrome/89.0.4389.90 Safari/537.36"
::1 - - [22/Mar/2021:12:25:13 +0000] "GET / HTTP/1.1" 200 4091 "http://localhost:8000/?" "Mozilla/5.0 (Windows NT 10.0; Win64; x64) AppleWebKit/537.36 (KHTML, like Gecko) Chrome/89.0.4389.90 Safari/537.36"
::1 - - [22/Mar/2021:12:25:39 +0000] "GET / HTTP/1.1" 200 3765 "-" "Mozilla/5.0 (Windows NT 10.0; Win64; x64) AppleWebKit/537.36 (KHTML, like Gecko) Chrome/89.0.4389.90 Safari/537.36"
::1 - - [22/Mar/2021:12:25:49 +0000] "POST /user/create-session HTTP/1.1" 302 46 "http://localhost:8000/" "Mozilla/5.0 (Windows NT 10.0; Win64; x64) AppleWebKit/537.36 (KHTML, like Gecko) Chrome/89.0.4389.90 Safari/537.36"
::1 - - [22/Mar/2021:12:25:49 +0000] "GET / HTTP/1.1" 200 4329 "http://localhost:8000/" "Mozilla/5.0 (Windows NT 10.0; Win64; x64) AppleWebKit/537.36 (KHTML, like Gecko) Chrome/89.0.4389.90 Safari/537.36"
::1 - - [22/Mar/2021:12:25:56 +0000] "GET / HTTP/1.1" 200 3765 "-" "Mozilla/5.0 (Windows NT 10.0; Win64; x64) AppleWebKit/537.36 (KHTML, like Gecko) Chrome/89.0.4389.90 Safari/537.36"
::1 - - [22/Mar/2021:12:26:04 +0000] "POST /user/create-session HTTP/1.1" 302 46 "http://localhost:8000/" "Mozilla/5.0 (Windows NT 10.0; Win64; x64) AppleWebKit/537.36 (KHTML, like Gecko) Chrome/89.0.4389.90 Safari/537.36"
::1 - - [22/Mar/2021:12:26:04 +0000] "GET / HTTP/1.1" 200 4329 "http://localhost:8000/" "Mozilla/5.0 (Windows NT 10.0; Win64; x64) AppleWebKit/537.36 (KHTML, like Gecko) Chrome/89.0.4389.90 Safari/537.36"
::1 - - [22/Mar/2021:12:26:41 +0000] "GET /? HTTP/1.1" 200 4004 "http://localhost:8000/" "Mozilla/5.0 (Windows NT 10.0; Win64; x64) AppleWebKit/537.36 (KHTML, like Gecko) Chrome/89.0.4389.90 Safari/537.36"
::1 - - [22/Mar/2021:12:26:45 +0000] "GET / HTTP/1.1" 200 4004 "http://localhost:8000/" "Mozilla/5.0 (Windows NT 10.0; Win64; x64) AppleWebKit/537.36 (KHTML, like Gecko) Chrome/89.0.4389.90 Safari/537.36"
::1 - - [22/Mar/2021:12:27:21 +0000] "GET /? HTTP/1.1" 304 - "http://localhost:8000/" "Mozilla/5.0 (Windows NT 10.0; Win64; x64) AppleWebKit/537.36 (KHTML, like Gecko) Chrome/89.0.4389.90 Safari/537.36"
::1 - - [22/Mar/2021:12:28:34 +0000] "GET /? HTTP/1.1" 200 4004 "http://localhost:8000/" "Mozilla/5.0 (Windows NT 10.0; Win64; x64) AppleWebKit/537.36 (KHTML, like Gecko) Chrome/89.0.4389.90 Safari/537.36"
::1 - - [22/Mar/2021:12:28:37 +0000] "GET /? HTTP/1.1" 304 - "http://localhost:8000/" "Mozilla/5.0 (Windows NT 10.0; Win64; x64) AppleWebKit/537.36 (KHTML, like Gecko) Chrome/89.0.4389.90 Safari/537.36"
::1 - - [22/Mar/2021:12:29:04 +0000] "GET /? HTTP/1.1" 304 - "http://localhost:8000/" "Mozilla/5.0 (Windows NT 10.0; Win64; x64) AppleWebKit/537.36 (KHTML, like Gecko) Chrome/89.0.4389.90 Safari/537.36"
::1 - - [22/Mar/2021:12:29:06 +0000] "GET /? HTTP/1.1" 304 - "http://localhost:8000/" "Mozilla/5.0 (Windows NT 10.0; Win64; x64) AppleWebKit/537.36 (KHTML, like Gecko) Chrome/89.0.4389.90 Safari/537.36"
::1 - - [22/Mar/2021:12:29:08 +0000] "GET /? HTTP/1.1" 304 - "http://localhost:8000/?" "Mozilla/5.0 (Windows NT 10.0; Win64; x64) AppleWebKit/537.36 (KHTML, like Gecko) Chrome/89.0.4389.90 Safari/537.36"
